WARNING 2025-03-25 19:31:29,999 base view's DogDetailView raised exception during schema generation; use `getattr(self, 'swagger_fake_view', False)` to detect and short-circuit this
Traceback (most recent call last):
  File "C:\Users\ljh\AppData\Local\Programs\Python\Python310\lib\site-packages\django\db\models\fields\__init__.py", line 2117, in get_prep_value
    return int(value)
  File "C:\Users\ljh\AppData\Local\Programs\Python\Python310\lib\site-packages\django\contrib\auth\models.py", line 437, in __int__
    raise TypeError(
TypeError: Cannot cast AnonymousUser to int. Are you trying to use it in place of User?

The above exception was the direct cause of the following exception:

Traceback (most recent call last):
  File "C:\Users\ljh\AppData\Local\Programs\Python\Python310\lib\site-packages\drf_yasg\inspectors\base.py", line 42, in call_view_method
    return view_method()
  File "F:\study\blog\with-react-native-web\server\end\dogs\views.py", line 60, in get_queryset
    return Dog.objects.filter(owner=self.request.user)
  File "C:\Users\ljh\AppData\Local\Programs\Python\Python310\lib\site-packages\django\db\models\manager.py", line 87, in manager_method
    return getattr(self.get_queryset(), name)(*args, **kwargs)
  File "C:\Users\ljh\AppData\Local\Programs\Python\Python310\lib\site-packages\django\db\models\query.py", line 1476, in filter
    return self._filter_or_exclude(False, args, kwargs)
  File "C:\Users\ljh\AppData\Local\Programs\Python\Python310\lib\site-packages\django\db\models\query.py", line 1494, in _filter_or_exclude
    clone._filter_or_exclude_inplace(negate, args, kwargs)
  File "C:\Users\ljh\AppData\Local\Programs\Python\Python310\lib\site-packages\django\db\models\query.py", line 1501, in _filter_or_exclude_inplace
    self._query.add_q(Q(*args, **kwargs))
  File "C:\Users\ljh\AppData\Local\Programs\Python\Python310\lib\site-packages\django\db\models\sql\query.py", line 1613, in add_q
    clause, _ = self._add_q(q_object, self.used_aliases)
  File "C:\Users\ljh\AppData\Local\Programs\Python\Python310\lib\site-packages\django\db\models\sql\query.py", line 1645, in _add_q
    child_clause, needed_inner = self.build_filter(
  File "C:\Users\ljh\AppData\Local\Programs\Python\Python310\lib\site-packages\django\db\models\sql\query.py", line 1559, in build_filter
    condition = self.build_lookup(lookups, col, value)
  File "C:\Users\ljh\AppData\Local\Programs\Python\Python310\lib\site-packages\django\db\models\sql\query.py", line 1389, in build_lookup
    lookup = lookup_class(lhs, rhs)
  File "C:\Users\ljh\AppData\Local\Programs\Python\Python310\lib\site-packages\django\db\models\lookups.py", line 30, in __init__
    self.rhs = self.get_prep_lookup()
  File "C:\Users\ljh\AppData\Local\Programs\Python\Python310\lib\site-packages\django\db\models\fields\related_lookups.py", line 156, in get_prep_lookup
    self.rhs = target_field.get_prep_value(self.rhs)
  File "C:\Users\ljh\AppData\Local\Programs\Python\Python310\lib\site-packages\django\db\models\fields\__init__.py", line 2119, in get_prep_value
    raise e.__class__(
TypeError: Field 'id' expected a number but got <django.contrib.auth.models.AnonymousUser object at 0x0000021D571046D0>.
WARNING 2025-03-25 19:31:30,011 base view's DogDetailView raised exception during schema generation; use `getattr(self, 'swagger_fake_view', False)` to detect and short-circuit this
Traceback (most recent call last):
  File "C:\Users\ljh\AppData\Local\Programs\Python\Python310\lib\site-packages\django\db\models\fields\__init__.py", line 2117, in get_prep_value
    return int(value)
  File "C:\Users\ljh\AppData\Local\Programs\Python\Python310\lib\site-packages\django\contrib\auth\models.py", line 437, in __int__
    raise TypeError(
TypeError: Cannot cast AnonymousUser to int. Are you trying to use it in place of User?

The above exception was the direct cause of the following exception:

Traceback (most recent call last):
  File "C:\Users\ljh\AppData\Local\Programs\Python\Python310\lib\site-packages\drf_yasg\inspectors\base.py", line 42, in call_view_method
    return view_method()
  File "F:\study\blog\with-react-native-web\server\end\dogs\views.py", line 60, in get_queryset
    return Dog.objects.filter(owner=self.request.user)
  File "C:\Users\ljh\AppData\Local\Programs\Python\Python310\lib\site-packages\django\db\models\manager.py", line 87, in manager_method
    return getattr(self.get_queryset(), name)(*args, **kwargs)
  File "C:\Users\ljh\AppData\Local\Programs\Python\Python310\lib\site-packages\django\db\models\query.py", line 1476, in filter
    return self._filter_or_exclude(False, args, kwargs)
  File "C:\Users\ljh\AppData\Local\Programs\Python\Python310\lib\site-packages\django\db\models\query.py", line 1494, in _filter_or_exclude
    clone._filter_or_exclude_inplace(negate, args, kwargs)
  File "C:\Users\ljh\AppData\Local\Programs\Python\Python310\lib\site-packages\django\db\models\query.py", line 1501, in _filter_or_exclude_inplace
    self._query.add_q(Q(*args, **kwargs))
  File "C:\Users\ljh\AppData\Local\Programs\Python\Python310\lib\site-packages\django\db\models\sql\query.py", line 1613, in add_q
    clause, _ = self._add_q(q_object, self.used_aliases)
  File "C:\Users\ljh\AppData\Local\Programs\Python\Python310\lib\site-packages\django\db\models\sql\query.py", line 1645, in _add_q
    child_clause, needed_inner = self.build_filter(
  File "C:\Users\ljh\AppData\Local\Programs\Python\Python310\lib\site-packages\django\db\models\sql\query.py", line 1559, in build_filter
    condition = self.build_lookup(lookups, col, value)
  File "C:\Users\ljh\AppData\Local\Programs\Python\Python310\lib\site-packages\django\db\models\sql\query.py", line 1389, in build_lookup
    lookup = lookup_class(lhs, rhs)
  File "C:\Users\ljh\AppData\Local\Programs\Python\Python310\lib\site-packages\django\db\models\lookups.py", line 30, in __init__
    self.rhs = self.get_prep_lookup()
  File "C:\Users\ljh\AppData\Local\Programs\Python\Python310\lib\site-packages\django\db\models\fields\related_lookups.py", line 156, in get_prep_lookup
    self.rhs = target_field.get_prep_value(self.rhs)
  File "C:\Users\ljh\AppData\Local\Programs\Python\Python310\lib\site-packages\django\db\models\fields\__init__.py", line 2119, in get_prep_value
    raise e.__class__(
TypeError: Field 'id' expected a number but got <django.contrib.auth.models.AnonymousUser object at 0x0000021D571046D0>.
WARNING 2025-03-25 19:31:30,014 base view's DogDetailView raised exception during schema generation; use `getattr(self, 'swagger_fake_view', False)` to detect and short-circuit this
Traceback (most recent call last):
  File "C:\Users\ljh\AppData\Local\Programs\Python\Python310\lib\site-packages\django\db\models\fields\__init__.py", line 2117, in get_prep_value
    return int(value)
  File "C:\Users\ljh\AppData\Local\Programs\Python\Python310\lib\site-packages\django\contrib\auth\models.py", line 437, in __int__
    raise TypeError(
TypeError: Cannot cast AnonymousUser to int. Are you trying to use it in place of User?

The above exception was the direct cause of the following exception:

Traceback (most recent call last):
  File "C:\Users\ljh\AppData\Local\Programs\Python\Python310\lib\site-packages\drf_yasg\inspectors\base.py", line 42, in call_view_method
    return view_method()
  File "F:\study\blog\with-react-native-web\server\end\dogs\views.py", line 60, in get_queryset
    return Dog.objects.filter(owner=self.request.user)
  File "C:\Users\ljh\AppData\Local\Programs\Python\Python310\lib\site-packages\django\db\models\manager.py", line 87, in manager_method
    return getattr(self.get_queryset(), name)(*args, **kwargs)
  File "C:\Users\ljh\AppData\Local\Programs\Python\Python310\lib\site-packages\django\db\models\query.py", line 1476, in filter
    return self._filter_or_exclude(False, args, kwargs)
  File "C:\Users\ljh\AppData\Local\Programs\Python\Python310\lib\site-packages\django\db\models\query.py", line 1494, in _filter_or_exclude
    clone._filter_or_exclude_inplace(negate, args, kwargs)
  File "C:\Users\ljh\AppData\Local\Programs\Python\Python310\lib\site-packages\django\db\models\query.py", line 1501, in _filter_or_exclude_inplace
    self._query.add_q(Q(*args, **kwargs))
  File "C:\Users\ljh\AppData\Local\Programs\Python\Python310\lib\site-packages\django\db\models\sql\query.py", line 1613, in add_q
    clause, _ = self._add_q(q_object, self.used_aliases)
  File "C:\Users\ljh\AppData\Local\Programs\Python\Python310\lib\site-packages\django\db\models\sql\query.py", line 1645, in _add_q
    child_clause, needed_inner = self.build_filter(
  File "C:\Users\ljh\AppData\Local\Programs\Python\Python310\lib\site-packages\django\db\models\sql\query.py", line 1559, in build_filter
    condition = self.build_lookup(lookups, col, value)
  File "C:\Users\ljh\AppData\Local\Programs\Python\Python310\lib\site-packages\django\db\models\sql\query.py", line 1389, in build_lookup
    lookup = lookup_class(lhs, rhs)
  File "C:\Users\ljh\AppData\Local\Programs\Python\Python310\lib\site-packages\django\db\models\lookups.py", line 30, in __init__
    self.rhs = self.get_prep_lookup()
  File "C:\Users\ljh\AppData\Local\Programs\Python\Python310\lib\site-packages\django\db\models\fields\related_lookups.py", line 156, in get_prep_lookup
    self.rhs = target_field.get_prep_value(self.rhs)
  File "C:\Users\ljh\AppData\Local\Programs\Python\Python310\lib\site-packages\django\db\models\fields\__init__.py", line 2119, in get_prep_value
    raise e.__class__(
TypeError: Field 'id' expected a number but got <django.contrib.auth.models.AnonymousUser object at 0x0000021D571046D0>.
WARNING 2025-03-25 19:31:30,017 base view's DogDetailView raised exception during schema generation; use `getattr(self, 'swagger_fake_view', False)` to detect and short-circuit this
Traceback (most recent call last):
  File "C:\Users\ljh\AppData\Local\Programs\Python\Python310\lib\site-packages\django\db\models\fields\__init__.py", line 2117, in get_prep_value
    return int(value)
  File "C:\Users\ljh\AppData\Local\Programs\Python\Python310\lib\site-packages\django\contrib\auth\models.py", line 437, in __int__
    raise TypeError(
TypeError: Cannot cast AnonymousUser to int. Are you trying to use it in place of User?

The above exception was the direct cause of the following exception:

Traceback (most recent call last):
  File "C:\Users\ljh\AppData\Local\Programs\Python\Python310\lib\site-packages\drf_yasg\inspectors\base.py", line 42, in call_view_method
    return view_method()
  File "F:\study\blog\with-react-native-web\server\end\dogs\views.py", line 60, in get_queryset
    return Dog.objects.filter(owner=self.request.user)
  File "C:\Users\ljh\AppData\Local\Programs\Python\Python310\lib\site-packages\django\db\models\manager.py", line 87, in manager_method
    return getattr(self.get_queryset(), name)(*args, **kwargs)
  File "C:\Users\ljh\AppData\Local\Programs\Python\Python310\lib\site-packages\django\db\models\query.py", line 1476, in filter
    return self._filter_or_exclude(False, args, kwargs)
  File "C:\Users\ljh\AppData\Local\Programs\Python\Python310\lib\site-packages\django\db\models\query.py", line 1494, in _filter_or_exclude
    clone._filter_or_exclude_inplace(negate, args, kwargs)
  File "C:\Users\ljh\AppData\Local\Programs\Python\Python310\lib\site-packages\django\db\models\query.py", line 1501, in _filter_or_exclude_inplace
    self._query.add_q(Q(*args, **kwargs))
  File "C:\Users\ljh\AppData\Local\Programs\Python\Python310\lib\site-packages\django\db\models\sql\query.py", line 1613, in add_q
    clause, _ = self._add_q(q_object, self.used_aliases)
  File "C:\Users\ljh\AppData\Local\Programs\Python\Python310\lib\site-packages\django\db\models\sql\query.py", line 1645, in _add_q
    child_clause, needed_inner = self.build_filter(
  File "C:\Users\ljh\AppData\Local\Programs\Python\Python310\lib\site-packages\django\db\models\sql\query.py", line 1559, in build_filter
    condition = self.build_lookup(lookups, col, value)
  File "C:\Users\ljh\AppData\Local\Programs\Python\Python310\lib\site-packages\django\db\models\sql\query.py", line 1389, in build_lookup
    lookup = lookup_class(lhs, rhs)
  File "C:\Users\ljh\AppData\Local\Programs\Python\Python310\lib\site-packages\django\db\models\lookups.py", line 30, in __init__
    self.rhs = self.get_prep_lookup()
  File "C:\Users\ljh\AppData\Local\Programs\Python\Python310\lib\site-packages\django\db\models\fields\related_lookups.py", line 156, in get_prep_lookup
    self.rhs = target_field.get_prep_value(self.rhs)
  File "C:\Users\ljh\AppData\Local\Programs\Python\Python310\lib\site-packages\django\db\models\fields\__init__.py", line 2119, in get_prep_value
    raise e.__class__(
TypeError: Field 'id' expected a number but got <django.contrib.auth.models.AnonymousUser object at 0x0000021D571046D0>.
INFO 2025-03-25 19:31:41,478 views �û� 111 ��ȡ�˸�����Ϣ
INFO 2025-03-25 19:33:31,858 views �û� 111 ��ȡ�˸�����Ϣ
ERROR 2025-03-25 19:42:42,540 views ʶ�𹷹�Ʒ��ʱ��������: 'collections.OrderedDict' object has no attribute 'eval'
INFO 2025-03-25 19:45:07,558 views �յ�Ʒ��ʶ������: data����=<class 'django.http.request.QueryDict'>, FILES����=<class 'django.utils.datastructures.MultiValueDict'>
INFO 2025-03-25 19:45:07,565 views �������ݼ�: ['image']
INFO 2025-03-25 19:45:07,566 views ͼ���ļ���Ϣ: ����=image.jpg, ��С=170236, ����=image/jpeg
INFO 2025-03-25 19:45:07,631 views ���л�����֤���: True
INFO 2025-03-25 19:45:07,632 views ������ʱͼ��: media\temp\image.jpg
INFO 2025-03-25 19:45:07,633 views ��ʼʹ��ģ�ͽ���Ԥ��
INFO 2025-03-25 19:45:07,633 breed_classifier ʹ���豸: cpu
INFO 2025-03-25 19:45:07,633 breed_classifier ����ģ��: F:\study\blog\with-react-native-web\server\end\models\resnet18_dog_classifier.pth
ERROR 2025-03-25 19:45:07,664 breed_classifier ��ʼ��DogBreedClassifierʧ��: 'collections.OrderedDict' object has no attribute 'eval'
ERROR 2025-03-25 19:45:07,665 views ʶ�𹷹�Ʒ��ʱ��������: 'collections.OrderedDict' object has no attribute 'eval'
INFO 2025-03-25 19:45:47,431 views �û� 123456 ��ȡ�˸�����Ϣ
INFO 2025-03-25 19:47:26,756 views �յ�Ʒ��ʶ������: data����=<class 'django.http.request.QueryDict'>, FILES����=<class 'django.utils.datastructures.MultiValueDict'>
INFO 2025-03-25 19:47:26,756 views �������ݼ�: ['image']
INFO 2025-03-25 19:47:26,757 views ͼ���ļ���Ϣ: ����=image.jpg, ��С=170236, ����=image/jpeg
INFO 2025-03-25 19:47:26,887 views ���л�����֤���: True
INFO 2025-03-25 19:47:26,888 views ������ʱͼ��: media\temp\image.jpg
INFO 2025-03-25 19:47:26,889 views ��ʼʹ��ģ�ͽ���Ԥ��
INFO 2025-03-25 19:47:26,889 breed_classifier �ɹ�������12�ֹ���Ʒ����
INFO 2025-03-25 19:47:26,889 breed_classifier ��ʼ���򵥹������������12��Ʒ��
INFO 2025-03-25 19:47:26,890 breed_classifier �ѳ�ʼ�����ڹ���ı��÷�����
INFO 2025-03-25 19:47:26,890 breed_classifier ʹ���豸: cpu
INFO 2025-03-25 19:47:26,890 breed_classifier ���Լ���ģ��: F:\study\blog\with-react-native-web\server\end\models\resnet18_dog_classifier.pth
INFO 2025-03-25 19:47:27,044 breed_classifier ���ص�Ȩ������: <class 'collections.OrderedDict'>
ERROR 2025-03-25 19:47:27,047 breed_classifier ģ�ͼ���ʧ��: Error(s) in loading state_dict for ResNet:
	Missing key(s) in state_dict: "conv1.weight", "bn1.weight", "bn1.bias", "bn1.running_mean", "bn1.running_var", "layer1.0.conv1.weight", "layer1.0.bn1.weight", "layer1.0.bn1.bias", "layer1.0.bn1.running_mean", "layer1.0.bn1.running_var", "layer1.0.conv2.weight", "layer1.0.bn2.weight", "layer1.0.bn2.bias", "layer1.0.bn2.running_mean", "layer1.0.bn2.running_var", "layer1.1.conv1.weight", "layer1.1.bn1.weight", "layer1.1.bn1.bias", "layer1.1.bn1.running_mean", "layer1.1.bn1.running_var", "layer1.1.conv2.weight", "layer1.1.bn2.weight", "layer1.1.bn2.bias", "layer1.1.bn2.running_mean", "layer1.1.bn2.running_var", "layer2.0.conv1.weight", "layer2.0.bn1.weight", "layer2.0.bn1.bias", "layer2.0.bn1.running_mean", "layer2.0.bn1.running_var", "layer2.0.conv2.weight", "layer2.0.bn2.weight", "layer2.0.bn2.bias", "layer2.0.bn2.running_mean", "layer2.0.bn2.running_var", "layer2.0.downsample.0.weight", "layer2.0.downsample.1.weight", "layer2.0.downsample.1.bias", "layer2.0.downsample.1.running_mean", "layer2.0.downsample.1.running_var", "layer2.1.conv1.weight", "layer2.1.bn1.weight", "layer2.1.bn1.bias", "layer2.1.bn1.running_mean", "layer2.1.bn1.running_var", "layer2.1.conv2.weight", "layer2.1.bn2.weight", "layer2.1.bn2.bias", "layer2.1.bn2.running_mean", "layer2.1.bn2.running_var", "layer3.0.conv1.weight", "layer3.0.bn1.weight", "layer3.0.bn1.bias", "layer3.0.bn1.running_mean", "layer3.0.bn1.running_var", "layer3.0.conv2.weight", "layer3.0.bn2.weight", "layer3.0.bn2.bias", "layer3.0.bn2.running_mean", "layer3.0.bn2.running_var", "layer3.0.downsample.0.weight", "layer3.0.downsample.1.weight", "layer3.0.downsample.1.bias", "layer3.0.downsample.1.running_mean", "layer3.0.downsample.1.running_var", "layer3.1.conv1.weight", "layer3.1.bn1.weight", "layer3.1.bn1.bias", "layer3.1.bn1.running_mean", "layer3.1.bn1.running_var", "layer3.1.conv2.weight", "layer3.1.bn2.weight", "layer3.1.bn2.bias", "layer3.1.bn2.running_mean", "layer3.1.bn2.running_var", "layer4.0.conv1.weight", "layer4.0.bn1.weight", "layer4.0.bn1.bias", "layer4.0.bn1.running_mean", "layer4.0.bn1.running_var", "layer4.0.conv2.weight", "layer4.0.bn2.weight", "layer4.0.bn2.bias", "layer4.0.bn2.running_mean", "layer4.0.bn2.running_var", "layer4.0.downsample.0.weight", "layer4.0.downsample.1.weight", "layer4.0.downsample.1.bias", "layer4.0.downsample.1.running_mean", "layer4.0.downsample.1.running_var", "layer4.1.conv1.weight", "layer4.1.bn1.weight", "layer4.1.bn1.bias", "layer4.1.bn1.running_mean", "layer4.1.bn1.running_var", "layer4.1.conv2.weight", "layer4.1.bn2.weight", "layer4.1.bn2.bias", "layer4.1.bn2.running_mean", "layer4.1.bn2.running_var", "fc.weight", "fc.bias". 
	Unexpected key(s) in state_dict: "resnet.conv1.weight", "resnet.bn1.weight", "resnet.bn1.bias", "resnet.bn1.running_mean", "resnet.bn1.running_var", "resnet.bn1.num_batches_tracked", "resnet.layer1.0.conv1.weight", "resnet.layer1.0.bn1.weight", "resnet.layer1.0.bn1.bias", "resnet.layer1.0.bn1.running_mean", "resnet.layer1.0.bn1.running_var", "resnet.layer1.0.bn1.num_batches_tracked", "resnet.layer1.0.conv2.weight", "resnet.layer1.0.bn2.weight", "resnet.layer1.0.bn2.bias", "resnet.layer1.0.bn2.running_mean", "resnet.layer1.0.bn2.running_var", "resnet.layer1.0.bn2.num_batches_tracked", "resnet.layer1.1.conv1.weight", "resnet.layer1.1.bn1.weight", "resnet.layer1.1.bn1.bias", "resnet.layer1.1.bn1.running_mean", "resnet.layer1.1.bn1.running_var", "resnet.layer1.1.bn1.num_batches_tracked", "resnet.layer1.1.conv2.weight", "resnet.layer1.1.bn2.weight", "resnet.layer1.1.bn2.bias", "resnet.layer1.1.bn2.running_mean", "resnet.layer1.1.bn2.running_var", "resnet.layer1.1.bn2.num_batches_tracked", "resnet.layer2.0.conv1.weight", "resnet.layer2.0.bn1.weight", "resnet.layer2.0.bn1.bias", "resnet.layer2.0.bn1.running_mean", "resnet.layer2.0.bn1.running_var", "resnet.layer2.0.bn1.num_batches_tracked", "resnet.layer2.0.conv2.weight", "resnet.layer2.0.bn2.weight", "resnet.layer2.0.bn2.bias", "resnet.layer2.0.bn2.running_mean", "resnet.layer2.0.bn2.running_var", "resnet.layer2.0.bn2.num_batches_tracked", "resnet.layer2.0.downsample.0.weight", "resnet.layer2.0.downsample.1.weight", "resnet.layer2.0.downsample.1.bias", "resnet.layer2.0.downsample.1.running_mean", "resnet.layer2.0.downsample.1.running_var", "resnet.layer2.0.downsample.1.num_batches_tracked", "resnet.layer2.1.conv1.weight", "resnet.layer2.1.bn1.weight", "resnet.layer2.1.bn1.bias", "resnet.layer2.1.bn1.running_mean", "resnet.layer2.1.bn1.running_var", "resnet.layer2.1.bn1.num_batches_tracked", "resnet.layer2.1.conv2.weight", "resnet.layer2.1.bn2.weight", "resnet.layer2.1.bn2.bias", "resnet.layer2.1.bn2.running_mean", "resnet.layer2.1.bn2.running_var", "resnet.layer2.1.bn2.num_batches_tracked", "resnet.layer3.0.conv1.weight", "resnet.layer3.0.bn1.weight", "resnet.layer3.0.bn1.bias", "resnet.layer3.0.bn1.running_mean", "resnet.layer3.0.bn1.running_var", "resnet.layer3.0.bn1.num_batches_tracked", "resnet.layer3.0.conv2.weight", "resnet.layer3.0.bn2.weight", "resnet.layer3.0.bn2.bias", "resnet.layer3.0.bn2.running_mean", "resnet.layer3.0.bn2.running_var", "resnet.layer3.0.bn2.num_batches_tracked", "resnet.layer3.0.downsample.0.weight", "resnet.layer3.0.downsample.1.weight", "resnet.layer3.0.downsample.1.bias", "resnet.layer3.0.downsample.1.running_mean", "resnet.layer3.0.downsample.1.running_var", "resnet.layer3.0.downsample.1.num_batches_tracked", "resnet.layer3.1.conv1.weight", "resnet.layer3.1.bn1.weight", "resnet.layer3.1.bn1.bias", "resnet.layer3.1.bn1.running_mean", "resnet.layer3.1.bn1.running_var", "resnet.layer3.1.bn1.num_batches_tracked", "resnet.layer3.1.conv2.weight", "resnet.layer3.1.bn2.weight", "resnet.layer3.1.bn2.bias", "resnet.layer3.1.bn2.running_mean", "resnet.layer3.1.bn2.running_var", "resnet.layer3.1.bn2.num_batches_tracked", "resnet.layer4.0.conv1.weight", "resnet.layer4.0.bn1.weight", "resnet.layer4.0.bn1.bias", "resnet.layer4.0.bn1.running_mean", "resnet.layer4.0.bn1.running_var", "resnet.layer4.0.bn1.num_batches_tracked", "resnet.layer4.0.conv2.weight", "resnet.layer4.0.bn2.weight", "resnet.layer4.0.bn2.bias", "resnet.layer4.0.bn2.running_mean", "resnet.layer4.0.bn2.running_var", "resnet.layer4.0.bn2.num_batches_tracked", "resnet.layer4.0.downsample.0.weight", "resnet.layer4.0.downsample.1.weight", "resnet.layer4.0.downsample.1.bias", "resnet.layer4.0.downsample.1.running_mean", "resnet.layer4.0.downsample.1.running_var", "resnet.layer4.0.downsample.1.num_batches_tracked", "resnet.layer4.1.conv1.weight", "resnet.layer4.1.bn1.weight", "resnet.layer4.1.bn1.bias", "resnet.layer4.1.bn1.running_mean", "resnet.layer4.1.bn1.running_var", "resnet.layer4.1.bn1.num_batches_tracked", "resnet.layer4.1.conv2.weight", "resnet.layer4.1.bn2.weight", "resnet.layer4.1.bn2.bias", "resnet.layer4.1.bn2.running_mean", "resnet.layer4.1.bn2.running_var", "resnet.layer4.1.bn2.num_batches_tracked", "resnet.fc.0.weight", "resnet.fc.0.bias", "resnet.fc.3.weight", "resnet.fc.3.bias". 
INFO 2025-03-25 19:47:27,048 breed_classifier ��ʹ�ñ��÷�����
INFO 2025-03-25 19:47:27,048 breed_classifier ��ʼԤ��ͼ��: media\temp\image.jpg
INFO 2025-03-25 19:47:27,048 breed_classifier ʹ�ñ��÷���������Ԥ��
INFO 2025-03-25 19:47:27,063 breed_classifier �򵥹��������Ԥ��Ʒ��: ����, ���Ŷ�: 0.8640
INFO 2025-03-25 19:47:27,064 views �û� 111 �ɹ�ʶ���˹���Ʒ��: ����
INFO 2025-03-25 19:50:26,844 views �յ�Ʒ��ʶ������: data����=<class 'django.http.request.QueryDict'>, FILES����=<class 'django.utils.datastructures.MultiValueDict'>
INFO 2025-03-25 19:50:26,845 views �������ݼ�: ['image']
INFO 2025-03-25 19:50:26,846 views ͼ���ļ���Ϣ: ����=image.jpg, ��С=170236, ����=image/jpeg
INFO 2025-03-25 19:50:26,905 views ���л�����֤���: True
INFO 2025-03-25 19:50:26,907 views ������ʱͼ��: media\temp\image.jpg
INFO 2025-03-25 19:50:26,908 views ��ʼʹ��ģ�ͽ���Ԥ��
INFO 2025-03-25 19:50:26,909 breed_classifier �ɹ�������12�ֹ���Ʒ����
INFO 2025-03-25 19:50:26,910 breed_classifier ʹ���豸: cpu
INFO 2025-03-25 19:50:26,910 breed_classifier ���Լ���ģ��: F:\study\blog\with-react-native-web\server\end\models\resnet18_dog_classifier.pth
INFO 2025-03-25 19:50:27,055 breed_classifier ���ص�Ȩ������: <class 'collections.OrderedDict'>
INFO 2025-03-25 19:50:27,056 breed_classifier ��⵽state_dict�еļ���'resnet.'ǰ׺�������Ƴ�ǰ׺...
INFO 2025-03-25 19:50:27,056 breed_classifier �Ѵ���state_dict���Ƴ���'resnet.'ǰ׺��������124����
INFO 2025-03-25 19:50:27,056 breed_classifier ��⵽fc��ṹ��ƥ�䣬���Ե���...
INFO 2025-03-25 19:50:27,059 breed_classifier ���ؽ�fc��ṹ: Sequential(
  (0): Linear(in_features=512, out_features=512, bias=True)
  (1): ReLU()
  (2): Dropout(p=0.5, inplace=False)
  (3): Linear(in_features=512, out_features=512, bias=True)
)
ERROR 2025-03-25 19:50:27,070 breed_classifier ͨ��load_state_dict����Ȩ��ʧ��: Error(s) in loading state_dict for ResNet:
	size mismatch for fc.3.weight: copying a param with shape torch.Size([12, 512]) from checkpoint, the shape in current model is torch.Size([512, 512]).
	size mismatch for fc.3.bias: copying a param with shape torch.Size([12]) from checkpoint, the shape in current model is torch.Size([512]).
INFO 2025-03-25 19:50:27,071 breed_classifier ���Լ��ز���Ȩ��...
INFO 2025-03-25 19:50:27,072 breed_classifier ���˺�����122/124����
INFO 2025-03-25 19:50:27,078 breed_classifier �ɹ�ͨ�����ز���Ȩ�صķ�ʽ��ʼ��ģ��
INFO 2025-03-25 19:50:27,080 breed_classifier PyTorchģ�ͼ��سɹ�
INFO 2025-03-25 19:50:27,081 breed_classifier ��ʼԤ��ͼ��: media\temp\image.jpg
INFO 2025-03-25 19:50:27,093 breed_classifier �ɹ���ͼ�񣬳ߴ�: (860, 555)
WARNING 2025-03-25 19:50:27,182 breed_classifier Ԥ��������� 273 ��������Ч��Χ 0-11
INFO 2025-03-25 19:50:27,182 breed_classifier PyTorchģ��Ԥ��ɹ���Ʒ��: �л���԰Ȯ, ���Ŷ�: 0.0127
INFO 2025-03-25 19:50:27,183 views �û� 111 �ɹ�ʶ���˹���Ʒ��: �л���԰Ȯ
INFO 2025-03-25 19:53:39,097 views �յ�Ʒ��ʶ������: data����=<class 'django.http.request.QueryDict'>, FILES����=<class 'django.utils.datastructures.MultiValueDict'>
INFO 2025-03-25 19:53:39,098 views �������ݼ�: ['image']
INFO 2025-03-25 19:53:39,099 views ͼ���ļ���Ϣ: ����=image.jpg, ��С=170236, ����=image/jpeg
INFO 2025-03-25 19:53:39,235 views ���л�����֤���: True
INFO 2025-03-25 19:53:39,236 views ������ʱͼ��: media\temp\image.jpg
INFO 2025-03-25 19:53:39,237 views ��ʼʹ��ģ�ͽ���Ԥ��
INFO 2025-03-25 19:53:39,237 views ��ʼ��DogƷ�ַ�����
INFO 2025-03-25 19:53:39,238 breed_classifier �ɹ�������12�ֹ���Ʒ����
INFO 2025-03-25 19:53:39,238 breed_classifier ʹ���豸: cpu
INFO 2025-03-25 19:53:39,238 breed_classifier ����ģ��: F:\study\blog\with-react-native-web\server\end\models\resnet18_dog_classifier.pth
INFO 2025-03-25 19:53:39,401 breed_classifier ���ص�Ȩ������: <class 'collections.OrderedDict'>
INFO 2025-03-25 19:53:39,402 breed_classifier ��⵽state_dict�еļ���'resnet.'ǰ׺�������Ƴ�ǰ׺...
INFO 2025-03-25 19:53:39,402 breed_classifier �Ѵ���state_dict���Ƴ���'resnet.'ǰ׺��������124����
INFO 2025-03-25 19:53:39,402 breed_classifier ��⵽fc��ṹ��ƥ�䣬���Ե���...
INFO 2025-03-25 19:53:39,405 breed_classifier ���ؽ�fc��ṹ: Sequential(
  (0): Linear(in_features=512, out_features=512, bias=True)
  (1): ReLU()
  (2): Dropout(p=0.5, inplace=False)
  (3): Linear(in_features=512, out_features=512, bias=True)
)
ERROR 2025-03-25 19:53:39,411 breed_classifier ͨ��load_state_dict����Ȩ��ʧ��: Error(s) in loading state_dict for ResNet:
	size mismatch for fc.3.weight: copying a param with shape torch.Size([12, 512]) from checkpoint, the shape in current model is torch.Size([512, 512]).
	size mismatch for fc.3.bias: copying a param with shape torch.Size([12]) from checkpoint, the shape in current model is torch.Size([512]).
INFO 2025-03-25 19:53:39,412 breed_classifier ���Լ��ز���Ȩ��...
INFO 2025-03-25 19:53:39,413 breed_classifier ���˺�����122/124����
INFO 2025-03-25 19:53:39,421 breed_classifier �ɹ�ͨ�����ز���Ȩ�صķ�ʽ��ʼ��ģ��
INFO 2025-03-25 19:53:39,423 views DogƷ�ַ�������ʼ���ɹ�
INFO 2025-03-25 19:53:39,423 breed_classifier ��ʼԤ��ͼ��: media\temp\image.jpg
INFO 2025-03-25 19:53:39,433 breed_classifier �ɹ���ͼ�񣬳ߴ�: (860, 555)
WARNING 2025-03-25 19:53:39,469 breed_classifier Ԥ��������� 121 ��������Ч��Χ 0-11
INFO 2025-03-25 19:53:39,469 breed_classifier ģ��Ԥ��ɹ���Ʒ��: �л���԰Ȯ, ���Ŷ�: 0.0111
INFO 2025-03-25 19:53:39,470 views �û� 111 �ɹ�ʶ���˹���Ʒ��: �л���԰Ȯ
WARNING 2025-03-25 19:58:42,281 base view's DogDetailView raised exception during schema generation; use `getattr(self, 'swagger_fake_view', False)` to detect and short-circuit this
Traceback (most recent call last):
  File "C:\Users\ljh\AppData\Local\Programs\Python\Python310\lib\site-packages\django\db\models\fields\__init__.py", line 2117, in get_prep_value
    return int(value)
  File "C:\Users\ljh\AppData\Local\Programs\Python\Python310\lib\site-packages\django\contrib\auth\models.py", line 437, in __int__
    raise TypeError(
TypeError: Cannot cast AnonymousUser to int. Are you trying to use it in place of User?

The above exception was the direct cause of the following exception:

Traceback (most recent call last):
  File "C:\Users\ljh\AppData\Local\Programs\Python\Python310\lib\site-packages\drf_yasg\inspectors\base.py", line 42, in call_view_method
    return view_method()
  File "F:\study\blog\with-react-native-web\server\end\dogs\views.py", line 60, in get_queryset
    return Dog.objects.filter(owner=self.request.user)
  File "C:\Users\ljh\AppData\Local\Programs\Python\Python310\lib\site-packages\django\db\models\manager.py", line 87, in manager_method
    return getattr(self.get_queryset(), name)(*args, **kwargs)
  File "C:\Users\ljh\AppData\Local\Programs\Python\Python310\lib\site-packages\django\db\models\query.py", line 1476, in filter
    return self._filter_or_exclude(False, args, kwargs)
  File "C:\Users\ljh\AppData\Local\Programs\Python\Python310\lib\site-packages\django\db\models\query.py", line 1494, in _filter_or_exclude
    clone._filter_or_exclude_inplace(negate, args, kwargs)
  File "C:\Users\ljh\AppData\Local\Programs\Python\Python310\lib\site-packages\django\db\models\query.py", line 1501, in _filter_or_exclude_inplace
    self._query.add_q(Q(*args, **kwargs))
  File "C:\Users\ljh\AppData\Local\Programs\Python\Python310\lib\site-packages\django\db\models\sql\query.py", line 1613, in add_q
    clause, _ = self._add_q(q_object, self.used_aliases)
  File "C:\Users\ljh\AppData\Local\Programs\Python\Python310\lib\site-packages\django\db\models\sql\query.py", line 1645, in _add_q
    child_clause, needed_inner = self.build_filter(
  File "C:\Users\ljh\AppData\Local\Programs\Python\Python310\lib\site-packages\django\db\models\sql\query.py", line 1559, in build_filter
    condition = self.build_lookup(lookups, col, value)
  File "C:\Users\ljh\AppData\Local\Programs\Python\Python310\lib\site-packages\django\db\models\sql\query.py", line 1389, in build_lookup
    lookup = lookup_class(lhs, rhs)
  File "C:\Users\ljh\AppData\Local\Programs\Python\Python310\lib\site-packages\django\db\models\lookups.py", line 30, in __init__
    self.rhs = self.get_prep_lookup()
  File "C:\Users\ljh\AppData\Local\Programs\Python\Python310\lib\site-packages\django\db\models\fields\related_lookups.py", line 156, in get_prep_lookup
    self.rhs = target_field.get_prep_value(self.rhs)
  File "C:\Users\ljh\AppData\Local\Programs\Python\Python310\lib\site-packages\django\db\models\fields\__init__.py", line 2119, in get_prep_value
    raise e.__class__(
TypeError: Field 'id' expected a number but got <django.contrib.auth.models.AnonymousUser object at 0x000001E1FA6CBDF0>.
WARNING 2025-03-25 19:58:42,287 base view's DogDetailView raised exception during schema generation; use `getattr(self, 'swagger_fake_view', False)` to detect and short-circuit this
Traceback (most recent call last):
  File "C:\Users\ljh\AppData\Local\Programs\Python\Python310\lib\site-packages\django\db\models\fields\__init__.py", line 2117, in get_prep_value
    return int(value)
  File "C:\Users\ljh\AppData\Local\Programs\Python\Python310\lib\site-packages\django\contrib\auth\models.py", line 437, in __int__
    raise TypeError(
TypeError: Cannot cast AnonymousUser to int. Are you trying to use it in place of User?

The above exception was the direct cause of the following exception:

Traceback (most recent call last):
  File "C:\Users\ljh\AppData\Local\Programs\Python\Python310\lib\site-packages\drf_yasg\inspectors\base.py", line 42, in call_view_method
    return view_method()
  File "F:\study\blog\with-react-native-web\server\end\dogs\views.py", line 60, in get_queryset
    return Dog.objects.filter(owner=self.request.user)
  File "C:\Users\ljh\AppData\Local\Programs\Python\Python310\lib\site-packages\django\db\models\manager.py", line 87, in manager_method
    return getattr(self.get_queryset(), name)(*args, **kwargs)
  File "C:\Users\ljh\AppData\Local\Programs\Python\Python310\lib\site-packages\django\db\models\query.py", line 1476, in filter
    return self._filter_or_exclude(False, args, kwargs)
  File "C:\Users\ljh\AppData\Local\Programs\Python\Python310\lib\site-packages\django\db\models\query.py", line 1494, in _filter_or_exclude
    clone._filter_or_exclude_inplace(negate, args, kwargs)
  File "C:\Users\ljh\AppData\Local\Programs\Python\Python310\lib\site-packages\django\db\models\query.py", line 1501, in _filter_or_exclude_inplace
    self._query.add_q(Q(*args, **kwargs))
  File "C:\Users\ljh\AppData\Local\Programs\Python\Python310\lib\site-packages\django\db\models\sql\query.py", line 1613, in add_q
    clause, _ = self._add_q(q_object, self.used_aliases)
  File "C:\Users\ljh\AppData\Local\Programs\Python\Python310\lib\site-packages\django\db\models\sql\query.py", line 1645, in _add_q
    child_clause, needed_inner = self.build_filter(
  File "C:\Users\ljh\AppData\Local\Programs\Python\Python310\lib\site-packages\django\db\models\sql\query.py", line 1559, in build_filter
    condition = self.build_lookup(lookups, col, value)
  File "C:\Users\ljh\AppData\Local\Programs\Python\Python310\lib\site-packages\django\db\models\sql\query.py", line 1389, in build_lookup
    lookup = lookup_class(lhs, rhs)
  File "C:\Users\ljh\AppData\Local\Programs\Python\Python310\lib\site-packages\django\db\models\lookups.py", line 30, in __init__
    self.rhs = self.get_prep_lookup()
  File "C:\Users\ljh\AppData\Local\Programs\Python\Python310\lib\site-packages\django\db\models\fields\related_lookups.py", line 156, in get_prep_lookup
    self.rhs = target_field.get_prep_value(self.rhs)
  File "C:\Users\ljh\AppData\Local\Programs\Python\Python310\lib\site-packages\django\db\models\fields\__init__.py", line 2119, in get_prep_value
    raise e.__class__(
TypeError: Field 'id' expected a number but got <django.contrib.auth.models.AnonymousUser object at 0x000001E1FA6CBDF0>.
WARNING 2025-03-25 19:58:42,291 base view's DogDetailView raised exception during schema generation; use `getattr(self, 'swagger_fake_view', False)` to detect and short-circuit this
Traceback (most recent call last):
  File "C:\Users\ljh\AppData\Local\Programs\Python\Python310\lib\site-packages\django\db\models\fields\__init__.py", line 2117, in get_prep_value
    return int(value)
  File "C:\Users\ljh\AppData\Local\Programs\Python\Python310\lib\site-packages\django\contrib\auth\models.py", line 437, in __int__
    raise TypeError(
TypeError: Cannot cast AnonymousUser to int. Are you trying to use it in place of User?

The above exception was the direct cause of the following exception:

Traceback (most recent call last):
  File "C:\Users\ljh\AppData\Local\Programs\Python\Python310\lib\site-packages\drf_yasg\inspectors\base.py", line 42, in call_view_method
    return view_method()
  File "F:\study\blog\with-react-native-web\server\end\dogs\views.py", line 60, in get_queryset
    return Dog.objects.filter(owner=self.request.user)
  File "C:\Users\ljh\AppData\Local\Programs\Python\Python310\lib\site-packages\django\db\models\manager.py", line 87, in manager_method
    return getattr(self.get_queryset(), name)(*args, **kwargs)
  File "C:\Users\ljh\AppData\Local\Programs\Python\Python310\lib\site-packages\django\db\models\query.py", line 1476, in filter
    return self._filter_or_exclude(False, args, kwargs)
  File "C:\Users\ljh\AppData\Local\Programs\Python\Python310\lib\site-packages\django\db\models\query.py", line 1494, in _filter_or_exclude
    clone._filter_or_exclude_inplace(negate, args, kwargs)
  File "C:\Users\ljh\AppData\Local\Programs\Python\Python310\lib\site-packages\django\db\models\query.py", line 1501, in _filter_or_exclude_inplace
    self._query.add_q(Q(*args, **kwargs))
  File "C:\Users\ljh\AppData\Local\Programs\Python\Python310\lib\site-packages\django\db\models\sql\query.py", line 1613, in add_q
    clause, _ = self._add_q(q_object, self.used_aliases)
  File "C:\Users\ljh\AppData\Local\Programs\Python\Python310\lib\site-packages\django\db\models\sql\query.py", line 1645, in _add_q
    child_clause, needed_inner = self.build_filter(
  File "C:\Users\ljh\AppData\Local\Programs\Python\Python310\lib\site-packages\django\db\models\sql\query.py", line 1559, in build_filter
    condition = self.build_lookup(lookups, col, value)
  File "C:\Users\ljh\AppData\Local\Programs\Python\Python310\lib\site-packages\django\db\models\sql\query.py", line 1389, in build_lookup
    lookup = lookup_class(lhs, rhs)
  File "C:\Users\ljh\AppData\Local\Programs\Python\Python310\lib\site-packages\django\db\models\lookups.py", line 30, in __init__
    self.rhs = self.get_prep_lookup()
  File "C:\Users\ljh\AppData\Local\Programs\Python\Python310\lib\site-packages\django\db\models\fields\related_lookups.py", line 156, in get_prep_lookup
    self.rhs = target_field.get_prep_value(self.rhs)
  File "C:\Users\ljh\AppData\Local\Programs\Python\Python310\lib\site-packages\django\db\models\fields\__init__.py", line 2119, in get_prep_value
    raise e.__class__(
TypeError: Field 'id' expected a number but got <django.contrib.auth.models.AnonymousUser object at 0x000001E1FA6CBDF0>.
WARNING 2025-03-25 19:58:42,294 base view's DogDetailView raised exception during schema generation; use `getattr(self, 'swagger_fake_view', False)` to detect and short-circuit this
Traceback (most recent call last):
  File "C:\Users\ljh\AppData\Local\Programs\Python\Python310\lib\site-packages\django\db\models\fields\__init__.py", line 2117, in get_prep_value
    return int(value)
  File "C:\Users\ljh\AppData\Local\Programs\Python\Python310\lib\site-packages\django\contrib\auth\models.py", line 437, in __int__
    raise TypeError(
TypeError: Cannot cast AnonymousUser to int. Are you trying to use it in place of User?

The above exception was the direct cause of the following exception:

Traceback (most recent call last):
  File "C:\Users\ljh\AppData\Local\Programs\Python\Python310\lib\site-packages\drf_yasg\inspectors\base.py", line 42, in call_view_method
    return view_method()
  File "F:\study\blog\with-react-native-web\server\end\dogs\views.py", line 60, in get_queryset
    return Dog.objects.filter(owner=self.request.user)
  File "C:\Users\ljh\AppData\Local\Programs\Python\Python310\lib\site-packages\django\db\models\manager.py", line 87, in manager_method
    return getattr(self.get_queryset(), name)(*args, **kwargs)
  File "C:\Users\ljh\AppData\Local\Programs\Python\Python310\lib\site-packages\django\db\models\query.py", line 1476, in filter
    return self._filter_or_exclude(False, args, kwargs)
  File "C:\Users\ljh\AppData\Local\Programs\Python\Python310\lib\site-packages\django\db\models\query.py", line 1494, in _filter_or_exclude
    clone._filter_or_exclude_inplace(negate, args, kwargs)
  File "C:\Users\ljh\AppData\Local\Programs\Python\Python310\lib\site-packages\django\db\models\query.py", line 1501, in _filter_or_exclude_inplace
    self._query.add_q(Q(*args, **kwargs))
  File "C:\Users\ljh\AppData\Local\Programs\Python\Python310\lib\site-packages\django\db\models\sql\query.py", line 1613, in add_q
    clause, _ = self._add_q(q_object, self.used_aliases)
  File "C:\Users\ljh\AppData\Local\Programs\Python\Python310\lib\site-packages\django\db\models\sql\query.py", line 1645, in _add_q
    child_clause, needed_inner = self.build_filter(
  File "C:\Users\ljh\AppData\Local\Programs\Python\Python310\lib\site-packages\django\db\models\sql\query.py", line 1559, in build_filter
    condition = self.build_lookup(lookups, col, value)
  File "C:\Users\ljh\AppData\Local\Programs\Python\Python310\lib\site-packages\django\db\models\sql\query.py", line 1389, in build_lookup
    lookup = lookup_class(lhs, rhs)
  File "C:\Users\ljh\AppData\Local\Programs\Python\Python310\lib\site-packages\django\db\models\lookups.py", line 30, in __init__
    self.rhs = self.get_prep_lookup()
  File "C:\Users\ljh\AppData\Local\Programs\Python\Python310\lib\site-packages\django\db\models\fields\related_lookups.py", line 156, in get_prep_lookup
    self.rhs = target_field.get_prep_value(self.rhs)
  File "C:\Users\ljh\AppData\Local\Programs\Python\Python310\lib\site-packages\django\db\models\fields\__init__.py", line 2119, in get_prep_value
    raise e.__class__(
TypeError: Field 'id' expected a number but got <django.contrib.auth.models.AnonymousUser object at 0x000001E1FA6CBDF0>.
INFO 2025-03-25 19:59:00,601 breed_classifier �ɹ�������12�ֹ���Ʒ����
INFO 2025-03-25 19:59:00,602 breed_classifier ʹ���豸: cpu
INFO 2025-03-25 19:59:00,602 breed_classifier ����ģ��: F:\study\blog\with-react-native-web\server\end\models\resnet18_dog_classifier.pth
INFO 2025-03-25 19:59:00,749 breed_classifier ���ص�Ȩ������: <class 'collections.OrderedDict'>
INFO 2025-03-25 19:59:00,749 breed_classifier ��⵽state_dict�еļ���'resnet.'ǰ׺�������Ƴ�ǰ׺...
INFO 2025-03-25 19:59:00,749 breed_classifier �Ѵ���state_dict���Ƴ���'resnet.'ǰ׺��������124����
INFO 2025-03-25 19:59:00,749 breed_classifier ��⵽fc��ṹ��ƥ�䣬���Ե���...
INFO 2025-03-25 19:59:00,751 breed_classifier ���ؽ�fc��ṹ: Sequential(
  (0): Linear(in_features=512, out_features=512, bias=True)
  (1): ReLU()
  (2): Dropout(p=0.5, inplace=False)
  (3): Linear(in_features=512, out_features=512, bias=True)
)
ERROR 2025-03-25 19:59:00,758 breed_classifier ͨ��load_state_dict����Ȩ��ʧ��: Error(s) in loading state_dict for ResNet:
	size mismatch for fc.3.weight: copying a param with shape torch.Size([12, 512]) from checkpoint, the shape in current model is torch.Size([512, 512]).
	size mismatch for fc.3.bias: copying a param with shape torch.Size([12]) from checkpoint, the shape in current model is torch.Size([512]).
INFO 2025-03-25 19:59:00,759 breed_classifier ���Լ��ز���Ȩ��...
INFO 2025-03-25 19:59:00,761 breed_classifier ���˺�����122/124����
INFO 2025-03-25 19:59:00,768 breed_classifier �ɹ�ͨ�����ز���Ȩ�صķ�ʽ��ʼ��ģ��
INFO 2025-03-25 19:59:00,769 breed_classifier ��ʼԤ��ͼ��: C:\Users\ljh\AppData\Local\Temp\tmpq9l68149.jpg
INFO 2025-03-25 19:59:00,792 breed_classifier �ɹ���ͼ�񣬳ߴ�: (860, 555)
WARNING 2025-03-25 19:59:00,828 breed_classifier Ԥ��������� 164 ��������Ч��Χ 0-11
INFO 2025-03-25 19:59:00,828 breed_classifier ģ��Ԥ��ɹ���Ʒ��: �л���԰Ȯ, ���Ŷ�: 0.0103
INFO 2025-03-25 19:59:31,161 breed_classifier �ɹ�������12�ֹ���Ʒ����
INFO 2025-03-25 19:59:31,161 breed_classifier ʹ���豸: cpu
INFO 2025-03-25 19:59:31,162 breed_classifier ����ģ��: F:\study\blog\with-react-native-web\server\end\models\resnet18_dog_classifier.pth
INFO 2025-03-25 19:59:31,310 breed_classifier ���ص�Ȩ������: <class 'collections.OrderedDict'>
INFO 2025-03-25 19:59:31,312 breed_classifier ��⵽state_dict�еļ���'resnet.'ǰ׺�������Ƴ�ǰ׺...
INFO 2025-03-25 19:59:31,312 breed_classifier �Ѵ���state_dict���Ƴ���'resnet.'ǰ׺��������124����
INFO 2025-03-25 19:59:31,312 breed_classifier ��⵽fc��ṹ��ƥ�䣬���Ե���...
INFO 2025-03-25 19:59:31,315 breed_classifier ���ؽ�fc��ṹ: Sequential(
  (0): Linear(in_features=512, out_features=512, bias=True)
  (1): ReLU()
  (2): Dropout(p=0.5, inplace=False)
  (3): Linear(in_features=512, out_features=512, bias=True)
)
ERROR 2025-03-25 19:59:31,321 breed_classifier ͨ��load_state_dict����Ȩ��ʧ��: Error(s) in loading state_dict for ResNet:
	size mismatch for fc.3.weight: copying a param with shape torch.Size([12, 512]) from checkpoint, the shape in current model is torch.Size([512, 512]).
	size mismatch for fc.3.bias: copying a param with shape torch.Size([12]) from checkpoint, the shape in current model is torch.Size([512]).
INFO 2025-03-25 19:59:31,322 breed_classifier ���Լ��ز���Ȩ��...
INFO 2025-03-25 19:59:31,323 breed_classifier ���˺�����122/124����
INFO 2025-03-25 19:59:31,332 breed_classifier �ɹ�ͨ�����ز���Ȩ�صķ�ʽ��ʼ��ģ��
INFO 2025-03-25 19:59:31,333 breed_classifier ��ʼԤ��ͼ��: C:\Users\ljh\AppData\Local\Temp\tmp2rpy8uux.jpg
INFO 2025-03-25 19:59:31,360 breed_classifier �ɹ���ͼ�񣬳ߴ�: (860, 555)
WARNING 2025-03-25 19:59:31,399 breed_classifier Ԥ��������� 507 ��������Ч��Χ 0-11
INFO 2025-03-25 19:59:31,399 breed_classifier ģ��Ԥ��ɹ���Ʒ��: �л���԰Ȯ, ���Ŷ�: 0.0094
INFO 2025-03-25 20:02:02,880 breed_classifier �ɹ�������12�ֹ���Ʒ����
INFO 2025-03-25 20:02:02,881 breed_classifier ʹ���豸: cpu
INFO 2025-03-25 20:02:02,881 breed_classifier ����ģ��: F:\study\blog\with-react-native-web\server\end\models\resnet18_dog_classifier.pth
INFO 2025-03-25 20:02:03,032 breed_classifier ���ص�Ȩ������: <class 'collections.OrderedDict'>
INFO 2025-03-25 20:02:03,033 breed_classifier ��⵽state_dict�еļ���'resnet.'ǰ׺�������Ƴ�ǰ׺...
INFO 2025-03-25 20:02:03,033 breed_classifier �Ѵ���state_dict���Ƴ���'resnet.'ǰ׺��������124����
INFO 2025-03-25 20:02:03,034 breed_classifier ��⵽Sequential fc�����������: 12
INFO 2025-03-25 20:02:03,034 breed_classifier ģ�͵���������: 12�����������: 12
INFO 2025-03-25 20:02:03,036 breed_classifier �Ѵ���Sequential fc�㣬���ά��: 12
INFO 2025-03-25 20:02:03,044 breed_classifier �ɹ�ͨ��load_state_dict����ģ��Ȩ��
INFO 2025-03-25 20:02:03,045 breed_classifier ��ʼԤ��ͼ��: C:\Users\ljh\AppData\Local\Temp\tmp3yh42hek.jpg
INFO 2025-03-25 20:02:03,068 breed_classifier �ɹ���ͼ�񣬳ߴ�: (860, 555)
INFO 2025-03-25 20:02:03,107 breed_classifier ģ��Ԥ��ɹ���Ʒ��: �л���԰Ȯ, ���Ŷ�: 0.8707
INFO 2025-03-25 20:02:06,653 breed_classifier �ɹ�������12�ֹ���Ʒ����
INFO 2025-03-25 20:02:06,654 breed_classifier ʹ���豸: cpu
INFO 2025-03-25 20:02:06,654 breed_classifier ����ģ��: F:\study\blog\with-react-native-web\server\end\models\resnet18_dog_classifier.pth
INFO 2025-03-25 20:02:06,801 breed_classifier ���ص�Ȩ������: <class 'collections.OrderedDict'>
INFO 2025-03-25 20:02:06,801 breed_classifier ��⵽state_dict�еļ���'resnet.'ǰ׺�������Ƴ�ǰ׺...
INFO 2025-03-25 20:02:06,801 breed_classifier �Ѵ���state_dict���Ƴ���'resnet.'ǰ׺��������124����
INFO 2025-03-25 20:02:06,801 breed_classifier ��⵽Sequential fc�����������: 12
INFO 2025-03-25 20:02:06,801 breed_classifier ģ�͵���������: 12�����������: 12
INFO 2025-03-25 20:02:06,804 breed_classifier �Ѵ���Sequential fc�㣬���ά��: 12
INFO 2025-03-25 20:02:06,812 breed_classifier �ɹ�ͨ��load_state_dict����ģ��Ȩ��
INFO 2025-03-25 20:02:06,813 breed_classifier ��ʼԤ��ͼ��: C:\Users\ljh\AppData\Local\Temp\tmpkahr04ci.jpg
INFO 2025-03-25 20:02:06,824 breed_classifier �ɹ���ͼ�񣬳ߴ�: (860, 555)
INFO 2025-03-25 20:02:06,854 breed_classifier ģ��Ԥ��ɹ���Ʒ��: �л���԰Ȯ, ���Ŷ�: 0.8707
INFO 2025-03-25 20:02:11,203 breed_classifier �ɹ�������12�ֹ���Ʒ����
INFO 2025-03-25 20:02:11,204 breed_classifier ʹ���豸: cpu
INFO 2025-03-25 20:02:11,205 breed_classifier ����ģ��: F:\study\blog\with-react-native-web\server\end\models\resnet18_dog_classifier.pth
INFO 2025-03-25 20:02:11,348 breed_classifier ���ص�Ȩ������: <class 'collections.OrderedDict'>
INFO 2025-03-25 20:02:11,348 breed_classifier ��⵽state_dict�еļ���'resnet.'ǰ׺�������Ƴ�ǰ׺...
INFO 2025-03-25 20:02:11,349 breed_classifier �Ѵ���state_dict���Ƴ���'resnet.'ǰ׺��������124����
INFO 2025-03-25 20:02:11,349 breed_classifier ��⵽Sequential fc�����������: 12
INFO 2025-03-25 20:02:11,349 breed_classifier ģ�͵���������: 12�����������: 12
INFO 2025-03-25 20:02:11,350 breed_classifier �Ѵ���Sequential fc�㣬���ά��: 12
INFO 2025-03-25 20:02:11,357 breed_classifier �ɹ�ͨ��load_state_dict����ģ��Ȩ��
INFO 2025-03-25 20:02:11,358 breed_classifier ��ʼԤ��ͼ��: C:\Users\ljh\AppData\Local\Temp\tmpnuqn1sv0.jpg
INFO 2025-03-25 20:02:11,368 breed_classifier �ɹ���ͼ�񣬳ߴ�: (893, 893)
INFO 2025-03-25 20:02:11,397 breed_classifier ģ��Ԥ��ɹ���Ʒ��: ��ʿ��, ���Ŷ�: 0.3443
INFO 2025-03-25 20:02:14,615 breed_classifier �ɹ�������12�ֹ���Ʒ����
INFO 2025-03-25 20:02:14,616 breed_classifier ʹ���豸: cpu
INFO 2025-03-25 20:02:14,616 breed_classifier ����ģ��: F:\study\blog\with-react-native-web\server\end\models\resnet18_dog_classifier.pth
INFO 2025-03-25 20:02:14,750 breed_classifier ���ص�Ȩ������: <class 'collections.OrderedDict'>
INFO 2025-03-25 20:02:14,750 breed_classifier ��⵽state_dict�еļ���'resnet.'ǰ׺�������Ƴ�ǰ׺...
INFO 2025-03-25 20:02:14,750 breed_classifier �Ѵ���state_dict���Ƴ���'resnet.'ǰ׺��������124����
INFO 2025-03-25 20:02:14,750 breed_classifier ��⵽Sequential fc�����������: 12
INFO 2025-03-25 20:02:14,750 breed_classifier ģ�͵���������: 12�����������: 12
INFO 2025-03-25 20:02:14,752 breed_classifier �Ѵ���Sequential fc�㣬���ά��: 12
INFO 2025-03-25 20:02:14,758 breed_classifier �ɹ�ͨ��load_state_dict����ģ��Ȩ��
INFO 2025-03-25 20:02:14,760 breed_classifier ��ʼԤ��ͼ��: C:\Users\ljh\AppData\Local\Temp\tmpypk4aog0.jpg
INFO 2025-03-25 20:02:14,772 breed_classifier �ɹ���ͼ�񣬳ߴ�: (893, 893)
INFO 2025-03-25 20:02:14,801 breed_classifier ģ��Ԥ��ɹ���Ʒ��: ��ʿ��, ���Ŷ�: 0.6794
INFO 2025-03-25 20:02:18,545 breed_classifier �ɹ�������12�ֹ���Ʒ����
INFO 2025-03-25 20:02:18,545 breed_classifier ʹ���豸: cpu
INFO 2025-03-25 20:02:18,546 breed_classifier ����ģ��: F:\study\blog\with-react-native-web\server\end\models\resnet18_dog_classifier.pth
INFO 2025-03-25 20:02:18,702 breed_classifier ���ص�Ȩ������: <class 'collections.OrderedDict'>
INFO 2025-03-25 20:02:18,702 breed_classifier ��⵽state_dict�еļ���'resnet.'ǰ׺�������Ƴ�ǰ׺...
INFO 2025-03-25 20:02:18,702 breed_classifier �Ѵ���state_dict���Ƴ���'resnet.'ǰ׺��������124����
INFO 2025-03-25 20:02:18,703 breed_classifier ��⵽Sequential fc�����������: 12
INFO 2025-03-25 20:02:18,703 breed_classifier ģ�͵���������: 12�����������: 12
INFO 2025-03-25 20:02:18,705 breed_classifier �Ѵ���Sequential fc�㣬���ά��: 12
INFO 2025-03-25 20:02:18,713 breed_classifier �ɹ�ͨ��load_state_dict����ģ��Ȩ��
INFO 2025-03-25 20:02:18,714 breed_classifier ��ʼԤ��ͼ��: C:\Users\ljh\AppData\Local\Temp\tmpmbn7zxc9.jpg
INFO 2025-03-25 20:02:18,725 breed_classifier �ɹ���ͼ�񣬳ߴ�: (860, 555)
INFO 2025-03-25 20:02:18,757 breed_classifier ģ��Ԥ��ɹ���Ʒ��: �л���԰Ȯ, ���Ŷ�: 0.8707
INFO 2025-03-25 20:02:33,230 views �û� 111 �����˹���: id=1, name=12313
INFO 2025-03-25 20:03:52,276 views �û� 111 ��ȡ�˸�����Ϣ
INFO 2025-03-25 20:04:01,806 breed_classifier �ɹ�������12�ֹ���Ʒ����
INFO 2025-03-25 20:04:01,807 breed_classifier ʹ���豸: cpu
INFO 2025-03-25 20:04:01,807 breed_classifier ����ģ��: F:\study\blog\with-react-native-web\server\end\models\resnet18_dog_classifier.pth
INFO 2025-03-25 20:04:01,970 breed_classifier ���ص�Ȩ������: <class 'collections.OrderedDict'>
INFO 2025-03-25 20:04:01,971 breed_classifier ��⵽state_dict�еļ���'resnet.'ǰ׺�������Ƴ�ǰ׺...
INFO 2025-03-25 20:04:01,972 breed_classifier �Ѵ���state_dict���Ƴ���'resnet.'ǰ׺��������124����
INFO 2025-03-25 20:04:01,972 breed_classifier ��⵽Sequential fc�����������: 12
INFO 2025-03-25 20:04:01,972 breed_classifier ģ�͵���������: 12�����������: 12
INFO 2025-03-25 20:04:01,975 breed_classifier �Ѵ���Sequential fc�㣬���ά��: 12
INFO 2025-03-25 20:04:01,988 breed_classifier �ɹ�ͨ��load_state_dict����ģ��Ȩ��
INFO 2025-03-25 20:04:01,989 breed_classifier ��ʼԤ��ͼ��: C:\Users\ljh\AppData\Local\Temp\tmpwlpq770f.jpg
INFO 2025-03-25 20:04:02,001 breed_classifier �ɹ���ͼ�񣬳ߴ�: (860, 555)
INFO 2025-03-25 20:04:02,043 breed_classifier ģ��Ԥ��ɹ���Ʒ��: �л���԰Ȯ, ���Ŷ�: 0.8707
INFO 2025-03-25 20:04:12,871 breed_classifier �ɹ�������12�ֹ���Ʒ����
INFO 2025-03-25 20:04:12,872 breed_classifier ʹ���豸: cpu
INFO 2025-03-25 20:04:12,872 breed_classifier ����ģ��: F:\study\blog\with-react-native-web\server\end\models\resnet18_dog_classifier.pth
INFO 2025-03-25 20:04:12,999 breed_classifier ���ص�Ȩ������: <class 'collections.OrderedDict'>
INFO 2025-03-25 20:04:13,000 breed_classifier ��⵽state_dict�еļ���'resnet.'ǰ׺�������Ƴ�ǰ׺...
INFO 2025-03-25 20:04:13,000 breed_classifier �Ѵ���state_dict���Ƴ���'resnet.'ǰ׺��������124����
INFO 2025-03-25 20:04:13,000 breed_classifier ��⵽Sequential fc�����������: 12
INFO 2025-03-25 20:04:13,000 breed_classifier ģ�͵���������: 12�����������: 12
INFO 2025-03-25 20:04:13,002 breed_classifier �Ѵ���Sequential fc�㣬���ά��: 12
INFO 2025-03-25 20:04:13,009 breed_classifier �ɹ�ͨ��load_state_dict����ģ��Ȩ��
INFO 2025-03-25 20:04:13,011 breed_classifier ��ʼԤ��ͼ��: C:\Users\ljh\AppData\Local\Temp\tmpx61gp2_h.jpg
INFO 2025-03-25 20:04:13,068 breed_classifier �ɹ���ͼ�񣬳ߴ�: (3072, 2304)
INFO 2025-03-25 20:04:13,120 breed_classifier ģ��Ԥ��ɹ���Ʒ��: ��ʿ��, ���Ŷ�: 0.6711
INFO 2025-03-25 20:09:12,308 breed_classifier �ɹ�������12�ֹ���Ʒ����
INFO 2025-03-25 20:09:12,308 breed_classifier ʹ���豸: cpu
INFO 2025-03-25 20:09:12,309 breed_classifier ����ģ��: F:\study\blog\with-react-native-web\server\end\models\resnet18_dog_classifier.pth
INFO 2025-03-25 20:09:12,432 breed_classifier ���ص�Ȩ������: <class 'collections.OrderedDict'>
INFO 2025-03-25 20:09:12,432 breed_classifier ��⵽state_dict�еļ���'resnet.'ǰ׺�������Ƴ�ǰ׺...
INFO 2025-03-25 20:09:12,433 breed_classifier �Ѵ���state_dict���Ƴ���'resnet.'ǰ׺��������124����
INFO 2025-03-25 20:09:12,433 breed_classifier ��⵽Sequential fc�����������: 12
INFO 2025-03-25 20:09:12,433 breed_classifier ģ�͵���������: 12�����������: 12
INFO 2025-03-25 20:09:12,435 breed_classifier �Ѵ���Sequential fc�㣬���ά��: 12
INFO 2025-03-25 20:09:12,440 breed_classifier �ɹ�ͨ��load_state_dict����ģ��Ȩ��
INFO 2025-03-25 20:09:12,441 breed_classifier ��ʼԤ��ͼ��: C:\Users\ljh\AppData\Local\Temp\tmpohzt25ze.jpg
INFO 2025-03-25 20:09:12,447 breed_classifier �ɹ���ͼ�񣬳ߴ�: (1220, 915)
INFO 2025-03-25 20:09:12,467 breed_classifier ģ��Ԥ��ɹ���Ʒ��: ��������, ���Ŷ�: 0.1962
INFO 2025-03-25 20:10:45,071 breed_classifier �ɹ�������12�ֹ���Ʒ����
INFO 2025-03-25 20:10:45,071 breed_classifier ʹ���豸: cpu
INFO 2025-03-25 20:10:45,072 breed_classifier ����ģ��: F:\study\blog\with-react-native-web\server\end\models\resnet18_dog_classifier.pth
INFO 2025-03-25 20:10:45,201 breed_classifier ���ص�Ȩ������: <class 'collections.OrderedDict'>
INFO 2025-03-25 20:10:45,201 breed_classifier ��⵽state_dict�еļ���'resnet.'ǰ׺�������Ƴ�ǰ׺...
INFO 2025-03-25 20:10:45,201 breed_classifier �Ѵ���state_dict���Ƴ���'resnet.'ǰ׺��������124����
INFO 2025-03-25 20:10:45,201 breed_classifier ��⵽Sequential fc�����������: 12
INFO 2025-03-25 20:10:45,202 breed_classifier ģ�͵���������: 12�����������: 12
INFO 2025-03-25 20:10:45,203 breed_classifier �Ѵ���Sequential fc�㣬���ά��: 12
INFO 2025-03-25 20:10:45,210 breed_classifier �ɹ�ͨ��load_state_dict����ģ��Ȩ��
INFO 2025-03-25 20:10:45,212 breed_classifier ��ʼԤ��ͼ��: C:\Users\ljh\AppData\Local\Temp\tmpzcq5nxzd.jpg
INFO 2025-03-25 20:10:45,222 breed_classifier �ɹ���ͼ�񣬳ߴ�: (860, 555)
INFO 2025-03-25 20:10:45,253 breed_classifier ģ��Ԥ��ɹ���Ʒ��: �л���԰Ȯ, ���Ŷ�: 0.8707
INFO 2025-03-25 20:10:48,655 views �û� 111 �����˹���: id=2, name=111
INFO 2025-03-25 20:15:34,761 views �û� 123456 ��ȡ�˸�����Ϣ
INFO 2025-03-25 20:16:40,837 views �û� 111 ��ȡ�˸�����Ϣ
INFO 2025-03-25 20:29:47,072 views �û� 111 ��ȡ�˸�����Ϣ
INFO 2025-03-25 20:30:35,086 views �û� 111 ��ȡ�˸�����Ϣ
INFO 2025-03-25 20:30:56,683 views �û� 111 ��ȡ�˸�����Ϣ
INFO 2025-03-25 20:31:17,188 views �û� 111 ��ȡ�˸�����Ϣ
INFO 2025-03-25 20:35:24,852 views �û� 111 ��ȡ�˸�����Ϣ
INFO 2025-03-25 20:35:57,179 views �û� 111 ��ȡ�˸�����Ϣ
INFO 2025-03-25 20:36:23,452 views �û� 123456 ��ȡ�˸�����Ϣ
INFO 2025-03-25 20:40:15,052 views �û� 111 ��ȡ�˸�����Ϣ
INFO 2025-03-25 20:41:39,488 views �û� 111 ��ȡ�˸�����Ϣ
INFO 2025-03-25 20:42:15,288 views �û� 111 ��ȡ�˸�����Ϣ
INFO 2025-03-25 20:42:48,987 views �û� 111 ��ȡ�˸�����Ϣ
INFO 2025-03-25 20:45:28,462 views �û� 111 ��ȡ�˸�����Ϣ
INFO 2025-03-25 20:45:35,692 views �û� 111 ��ȡ�˸�����Ϣ
INFO 2025-03-25 20:46:20,463 views �û� 111 ��ȡ�˸�����Ϣ
INFO 2025-03-25 20:46:47,113 views �û� 111 ��ȡ�˸�����Ϣ
INFO 2025-03-25 20:46:58,586 views �û� 111 ��ȡ�˸�����Ϣ
INFO 2025-03-25 20:47:12,610 views �û� 111 ��ȡ�˸�����Ϣ
INFO 2025-03-25 20:47:18,066 views �û� 111 ��ȡ�˸�����Ϣ
INFO 2025-03-25 20:49:45,986 views �û� 111 ��ȡ�˸�����Ϣ
INFO 2025-03-25 20:50:22,975 views �û� 111 ��ȡ�˸�����Ϣ
INFO 2025-03-25 20:50:40,667 views �û� 111 ��ȡ�˸�����Ϣ
INFO 2025-03-25 20:51:12,004 views �û� 111 ��ȡ�˸�����Ϣ
INFO 2025-03-25 20:53:38,616 views �û� 111 ��ȡ�˸�����Ϣ
INFO 2025-03-25 20:53:50,046 views �û� 123456 ��ȡ�˸�����Ϣ
INFO 2025-03-25 21:01:36,568 views �û� 123456 ��ȡ�˸�����Ϣ
INFO 2025-03-25 21:01:50,965 views �û� 111 ��ȡ�˸�����Ϣ
INFO 2025-03-25 21:01:54,974 views �û� 111 ��ȡ�˸�����Ϣ
WARNING 2025-03-25 21:02:43,656 base view's DogDetailView raised exception during schema generation; use `getattr(self, 'swagger_fake_view', False)` to detect and short-circuit this
Traceback (most recent call last):
  File "C:\Users\ljh\AppData\Local\Programs\Python\Python310\lib\site-packages\django\db\models\fields\__init__.py", line 2117, in get_prep_value
    return int(value)
  File "C:\Users\ljh\AppData\Local\Programs\Python\Python310\lib\site-packages\django\contrib\auth\models.py", line 437, in __int__
    raise TypeError(
TypeError: Cannot cast AnonymousUser to int. Are you trying to use it in place of User?

The above exception was the direct cause of the following exception:

Traceback (most recent call last):
  File "C:\Users\ljh\AppData\Local\Programs\Python\Python310\lib\site-packages\drf_yasg\inspectors\base.py", line 42, in call_view_method
    return view_method()
  File "F:\study\blog\with-react-native-web\server\end\dogs\views.py", line 60, in get_queryset
    return Dog.objects.filter(owner=self.request.user)
  File "C:\Users\ljh\AppData\Local\Programs\Python\Python310\lib\site-packages\django\db\models\manager.py", line 87, in manager_method
    return getattr(self.get_queryset(), name)(*args, **kwargs)
  File "C:\Users\ljh\AppData\Local\Programs\Python\Python310\lib\site-packages\django\db\models\query.py", line 1476, in filter
    return self._filter_or_exclude(False, args, kwargs)
  File "C:\Users\ljh\AppData\Local\Programs\Python\Python310\lib\site-packages\django\db\models\query.py", line 1494, in _filter_or_exclude
    clone._filter_or_exclude_inplace(negate, args, kwargs)
  File "C:\Users\ljh\AppData\Local\Programs\Python\Python310\lib\site-packages\django\db\models\query.py", line 1501, in _filter_or_exclude_inplace
    self._query.add_q(Q(*args, **kwargs))
  File "C:\Users\ljh\AppData\Local\Programs\Python\Python310\lib\site-packages\django\db\models\sql\query.py", line 1613, in add_q
    clause, _ = self._add_q(q_object, self.used_aliases)
  File "C:\Users\ljh\AppData\Local\Programs\Python\Python310\lib\site-packages\django\db\models\sql\query.py", line 1645, in _add_q
    child_clause, needed_inner = self.build_filter(
  File "C:\Users\ljh\AppData\Local\Programs\Python\Python310\lib\site-packages\django\db\models\sql\query.py", line 1559, in build_filter
    condition = self.build_lookup(lookups, col, value)
  File "C:\Users\ljh\AppData\Local\Programs\Python\Python310\lib\site-packages\django\db\models\sql\query.py", line 1389, in build_lookup
    lookup = lookup_class(lhs, rhs)
  File "C:\Users\ljh\AppData\Local\Programs\Python\Python310\lib\site-packages\django\db\models\lookups.py", line 30, in __init__
    self.rhs = self.get_prep_lookup()
  File "C:\Users\ljh\AppData\Local\Programs\Python\Python310\lib\site-packages\django\db\models\fields\related_lookups.py", line 156, in get_prep_lookup
    self.rhs = target_field.get_prep_value(self.rhs)
  File "C:\Users\ljh\AppData\Local\Programs\Python\Python310\lib\site-packages\django\db\models\fields\__init__.py", line 2119, in get_prep_value
    raise e.__class__(
TypeError: Field 'id' expected a number but got <django.contrib.auth.models.AnonymousUser object at 0x0000015327CE7A00>.
WARNING 2025-03-25 21:02:43,666 base view's DogDetailView raised exception during schema generation; use `getattr(self, 'swagger_fake_view', False)` to detect and short-circuit this
Traceback (most recent call last):
  File "C:\Users\ljh\AppData\Local\Programs\Python\Python310\lib\site-packages\django\db\models\fields\__init__.py", line 2117, in get_prep_value
    return int(value)
  File "C:\Users\ljh\AppData\Local\Programs\Python\Python310\lib\site-packages\django\contrib\auth\models.py", line 437, in __int__
    raise TypeError(
TypeError: Cannot cast AnonymousUser to int. Are you trying to use it in place of User?

The above exception was the direct cause of the following exception:

Traceback (most recent call last):
  File "C:\Users\ljh\AppData\Local\Programs\Python\Python310\lib\site-packages\drf_yasg\inspectors\base.py", line 42, in call_view_method
    return view_method()
  File "F:\study\blog\with-react-native-web\server\end\dogs\views.py", line 60, in get_queryset
    return Dog.objects.filter(owner=self.request.user)
  File "C:\Users\ljh\AppData\Local\Programs\Python\Python310\lib\site-packages\django\db\models\manager.py", line 87, in manager_method
    return getattr(self.get_queryset(), name)(*args, **kwargs)
  File "C:\Users\ljh\AppData\Local\Programs\Python\Python310\lib\site-packages\django\db\models\query.py", line 1476, in filter
    return self._filter_or_exclude(False, args, kwargs)
  File "C:\Users\ljh\AppData\Local\Programs\Python\Python310\lib\site-packages\django\db\models\query.py", line 1494, in _filter_or_exclude
    clone._filter_or_exclude_inplace(negate, args, kwargs)
  File "C:\Users\ljh\AppData\Local\Programs\Python\Python310\lib\site-packages\django\db\models\query.py", line 1501, in _filter_or_exclude_inplace
    self._query.add_q(Q(*args, **kwargs))
  File "C:\Users\ljh\AppData\Local\Programs\Python\Python310\lib\site-packages\django\db\models\sql\query.py", line 1613, in add_q
    clause, _ = self._add_q(q_object, self.used_aliases)
  File "C:\Users\ljh\AppData\Local\Programs\Python\Python310\lib\site-packages\django\db\models\sql\query.py", line 1645, in _add_q
    child_clause, needed_inner = self.build_filter(
  File "C:\Users\ljh\AppData\Local\Programs\Python\Python310\lib\site-packages\django\db\models\sql\query.py", line 1559, in build_filter
    condition = self.build_lookup(lookups, col, value)
  File "C:\Users\ljh\AppData\Local\Programs\Python\Python310\lib\site-packages\django\db\models\sql\query.py", line 1389, in build_lookup
    lookup = lookup_class(lhs, rhs)
  File "C:\Users\ljh\AppData\Local\Programs\Python\Python310\lib\site-packages\django\db\models\lookups.py", line 30, in __init__
    self.rhs = self.get_prep_lookup()
  File "C:\Users\ljh\AppData\Local\Programs\Python\Python310\lib\site-packages\django\db\models\fields\related_lookups.py", line 156, in get_prep_lookup
    self.rhs = target_field.get_prep_value(self.rhs)
  File "C:\Users\ljh\AppData\Local\Programs\Python\Python310\lib\site-packages\django\db\models\fields\__init__.py", line 2119, in get_prep_value
    raise e.__class__(
TypeError: Field 'id' expected a number but got <django.contrib.auth.models.AnonymousUser object at 0x0000015327CE7A00>.
WARNING 2025-03-25 21:02:43,668 base view's DogDetailView raised exception during schema generation; use `getattr(self, 'swagger_fake_view', False)` to detect and short-circuit this
Traceback (most recent call last):
  File "C:\Users\ljh\AppData\Local\Programs\Python\Python310\lib\site-packages\django\db\models\fields\__init__.py", line 2117, in get_prep_value
    return int(value)
  File "C:\Users\ljh\AppData\Local\Programs\Python\Python310\lib\site-packages\django\contrib\auth\models.py", line 437, in __int__
    raise TypeError(
TypeError: Cannot cast AnonymousUser to int. Are you trying to use it in place of User?

The above exception was the direct cause of the following exception:

Traceback (most recent call last):
  File "C:\Users\ljh\AppData\Local\Programs\Python\Python310\lib\site-packages\drf_yasg\inspectors\base.py", line 42, in call_view_method
    return view_method()
  File "F:\study\blog\with-react-native-web\server\end\dogs\views.py", line 60, in get_queryset
    return Dog.objects.filter(owner=self.request.user)
  File "C:\Users\ljh\AppData\Local\Programs\Python\Python310\lib\site-packages\django\db\models\manager.py", line 87, in manager_method
    return getattr(self.get_queryset(), name)(*args, **kwargs)
  File "C:\Users\ljh\AppData\Local\Programs\Python\Python310\lib\site-packages\django\db\models\query.py", line 1476, in filter
    return self._filter_or_exclude(False, args, kwargs)
  File "C:\Users\ljh\AppData\Local\Programs\Python\Python310\lib\site-packages\django\db\models\query.py", line 1494, in _filter_or_exclude
    clone._filter_or_exclude_inplace(negate, args, kwargs)
  File "C:\Users\ljh\AppData\Local\Programs\Python\Python310\lib\site-packages\django\db\models\query.py", line 1501, in _filter_or_exclude_inplace
    self._query.add_q(Q(*args, **kwargs))
  File "C:\Users\ljh\AppData\Local\Programs\Python\Python310\lib\site-packages\django\db\models\sql\query.py", line 1613, in add_q
    clause, _ = self._add_q(q_object, self.used_aliases)
  File "C:\Users\ljh\AppData\Local\Programs\Python\Python310\lib\site-packages\django\db\models\sql\query.py", line 1645, in _add_q
    child_clause, needed_inner = self.build_filter(
  File "C:\Users\ljh\AppData\Local\Programs\Python\Python310\lib\site-packages\django\db\models\sql\query.py", line 1559, in build_filter
    condition = self.build_lookup(lookups, col, value)
  File "C:\Users\ljh\AppData\Local\Programs\Python\Python310\lib\site-packages\django\db\models\sql\query.py", line 1389, in build_lookup
    lookup = lookup_class(lhs, rhs)
  File "C:\Users\ljh\AppData\Local\Programs\Python\Python310\lib\site-packages\django\db\models\lookups.py", line 30, in __init__
    self.rhs = self.get_prep_lookup()
  File "C:\Users\ljh\AppData\Local\Programs\Python\Python310\lib\site-packages\django\db\models\fields\related_lookups.py", line 156, in get_prep_lookup
    self.rhs = target_field.get_prep_value(self.rhs)
  File "C:\Users\ljh\AppData\Local\Programs\Python\Python310\lib\site-packages\django\db\models\fields\__init__.py", line 2119, in get_prep_value
    raise e.__class__(
TypeError: Field 'id' expected a number but got <django.contrib.auth.models.AnonymousUser object at 0x0000015327CE7A00>.
WARNING 2025-03-25 21:02:43,671 base view's DogDetailView raised exception during schema generation; use `getattr(self, 'swagger_fake_view', False)` to detect and short-circuit this
Traceback (most recent call last):
  File "C:\Users\ljh\AppData\Local\Programs\Python\Python310\lib\site-packages\django\db\models\fields\__init__.py", line 2117, in get_prep_value
    return int(value)
  File "C:\Users\ljh\AppData\Local\Programs\Python\Python310\lib\site-packages\django\contrib\auth\models.py", line 437, in __int__
    raise TypeError(
TypeError: Cannot cast AnonymousUser to int. Are you trying to use it in place of User?

The above exception was the direct cause of the following exception:

Traceback (most recent call last):
  File "C:\Users\ljh\AppData\Local\Programs\Python\Python310\lib\site-packages\drf_yasg\inspectors\base.py", line 42, in call_view_method
    return view_method()
  File "F:\study\blog\with-react-native-web\server\end\dogs\views.py", line 60, in get_queryset
    return Dog.objects.filter(owner=self.request.user)
  File "C:\Users\ljh\AppData\Local\Programs\Python\Python310\lib\site-packages\django\db\models\manager.py", line 87, in manager_method
    return getattr(self.get_queryset(), name)(*args, **kwargs)
  File "C:\Users\ljh\AppData\Local\Programs\Python\Python310\lib\site-packages\django\db\models\query.py", line 1476, in filter
    return self._filter_or_exclude(False, args, kwargs)
  File "C:\Users\ljh\AppData\Local\Programs\Python\Python310\lib\site-packages\django\db\models\query.py", line 1494, in _filter_or_exclude
    clone._filter_or_exclude_inplace(negate, args, kwargs)
  File "C:\Users\ljh\AppData\Local\Programs\Python\Python310\lib\site-packages\django\db\models\query.py", line 1501, in _filter_or_exclude_inplace
    self._query.add_q(Q(*args, **kwargs))
  File "C:\Users\ljh\AppData\Local\Programs\Python\Python310\lib\site-packages\django\db\models\sql\query.py", line 1613, in add_q
    clause, _ = self._add_q(q_object, self.used_aliases)
  File "C:\Users\ljh\AppData\Local\Programs\Python\Python310\lib\site-packages\django\db\models\sql\query.py", line 1645, in _add_q
    child_clause, needed_inner = self.build_filter(
  File "C:\Users\ljh\AppData\Local\Programs\Python\Python310\lib\site-packages\django\db\models\sql\query.py", line 1559, in build_filter
    condition = self.build_lookup(lookups, col, value)
  File "C:\Users\ljh\AppData\Local\Programs\Python\Python310\lib\site-packages\django\db\models\sql\query.py", line 1389, in build_lookup
    lookup = lookup_class(lhs, rhs)
  File "C:\Users\ljh\AppData\Local\Programs\Python\Python310\lib\site-packages\django\db\models\lookups.py", line 30, in __init__
    self.rhs = self.get_prep_lookup()
  File "C:\Users\ljh\AppData\Local\Programs\Python\Python310\lib\site-packages\django\db\models\fields\related_lookups.py", line 156, in get_prep_lookup
    self.rhs = target_field.get_prep_value(self.rhs)
  File "C:\Users\ljh\AppData\Local\Programs\Python\Python310\lib\site-packages\django\db\models\fields\__init__.py", line 2119, in get_prep_value
    raise e.__class__(
TypeError: Field 'id' expected a number but got <django.contrib.auth.models.AnonymousUser object at 0x0000015327CE7A00>.
INFO 2025-03-25 21:03:51,131 views �û� 111 ��ȡ�˸�����Ϣ
INFO 2025-03-25 21:03:54,590 views �û� 123456 ��ȡ�˸�����Ϣ
INFO 2025-03-25 21:05:57,498 views �û� 123456 ������ͷ��
INFO 2025-03-25 21:06:04,967 views �û� 123456 ��ȡ�˸�����Ϣ
INFO 2025-03-25 21:06:15,083 views �û� 123456 ������ͷ��
INFO 2025-03-25 21:06:56,846 breed_classifier �ɹ�������12�ֹ���Ʒ����
INFO 2025-03-25 21:06:56,848 breed_classifier ʹ���豸: cpu
INFO 2025-03-25 21:06:56,848 breed_classifier ����ģ��: F:\study\blog\with-react-native-web\server\end\models\resnet18_dog_classifier.pth
INFO 2025-03-25 21:06:56,987 breed_classifier ���ص�Ȩ������: <class 'collections.OrderedDict'>
INFO 2025-03-25 21:06:56,987 breed_classifier ��⵽state_dict�еļ���'resnet.'ǰ׺�������Ƴ�ǰ׺...
INFO 2025-03-25 21:06:56,988 breed_classifier �Ѵ���state_dict���Ƴ���'resnet.'ǰ׺��������124����
INFO 2025-03-25 21:06:56,988 breed_classifier ��⵽Sequential fc�����������: 12
INFO 2025-03-25 21:06:56,988 breed_classifier ģ�͵���������: 12�����������: 12
INFO 2025-03-25 21:06:56,990 breed_classifier �Ѵ���Sequential fc�㣬���ά��: 12
INFO 2025-03-25 21:06:56,996 breed_classifier �ɹ�ͨ��load_state_dict����ģ��Ȩ��
INFO 2025-03-25 21:06:56,997 breed_classifier ��ʼԤ��ͼ��: C:\Users\ljh\AppData\Local\Temp\tmputcd4fko.jpg
INFO 2025-03-25 21:06:57,003 breed_classifier �ɹ���ͼ�񣬳ߴ�: (740, 555)
INFO 2025-03-25 21:06:57,028 breed_classifier ģ��Ԥ��ɹ���Ʒ��: �л���԰Ȯ, ���Ŷ�: 0.8677
INFO 2025-03-25 21:07:31,706 views �û� 123456 ��ȡ�˸�����Ϣ
INFO 2025-03-25 21:07:49,877 breed_classifier �ɹ�������12�ֹ���Ʒ����
INFO 2025-03-25 21:07:49,877 breed_classifier ʹ���豸: cpu
INFO 2025-03-25 21:07:49,877 breed_classifier ����ģ��: F:\study\blog\with-react-native-web\server\end\models\resnet18_dog_classifier.pth
INFO 2025-03-25 21:07:49,995 breed_classifier ���ص�Ȩ������: <class 'collections.OrderedDict'>
INFO 2025-03-25 21:07:49,995 breed_classifier ��⵽state_dict�еļ���'resnet.'ǰ׺�������Ƴ�ǰ׺...
INFO 2025-03-25 21:07:49,996 breed_classifier �Ѵ���state_dict���Ƴ���'resnet.'ǰ׺��������124����
INFO 2025-03-25 21:07:49,996 breed_classifier ��⵽Sequential fc�����������: 12
INFO 2025-03-25 21:07:49,996 breed_classifier ģ�͵���������: 12�����������: 12
INFO 2025-03-25 21:07:49,998 breed_classifier �Ѵ���Sequential fc�㣬���ά��: 12
INFO 2025-03-25 21:07:50,004 breed_classifier �ɹ�ͨ��load_state_dict����ģ��Ȩ��
INFO 2025-03-25 21:07:50,005 breed_classifier ��ʼԤ��ͼ��: C:\Users\ljh\AppData\Local\Temp\tmpaocet1lp.jpg
INFO 2025-03-25 21:07:50,010 breed_classifier �ɹ���ͼ�񣬳ߴ�: (740, 555)
INFO 2025-03-25 21:07:50,034 breed_classifier ģ��Ԥ��ɹ���Ʒ��: �л���԰Ȯ, ���Ŷ�: 0.8677
INFO 2025-03-25 21:08:11,786 breed_classifier �ɹ�������12�ֹ���Ʒ����
INFO 2025-03-25 21:08:11,786 breed_classifier ʹ���豸: cpu
INFO 2025-03-25 21:08:11,786 breed_classifier ����ģ��: F:\study\blog\with-react-native-web\server\end\models\resnet18_dog_classifier.pth
INFO 2025-03-25 21:08:11,891 breed_classifier ���ص�Ȩ������: <class 'collections.OrderedDict'>
INFO 2025-03-25 21:08:11,892 breed_classifier ��⵽state_dict�еļ���'resnet.'ǰ׺�������Ƴ�ǰ׺...
INFO 2025-03-25 21:08:11,892 breed_classifier �Ѵ���state_dict���Ƴ���'resnet.'ǰ׺��������124����
INFO 2025-03-25 21:08:11,892 breed_classifier ��⵽Sequential fc�����������: 12
INFO 2025-03-25 21:08:11,893 breed_classifier ģ�͵���������: 12�����������: 12
INFO 2025-03-25 21:08:11,894 breed_classifier �Ѵ���Sequential fc�㣬���ά��: 12
INFO 2025-03-25 21:08:11,900 breed_classifier �ɹ�ͨ��load_state_dict����ģ��Ȩ��
INFO 2025-03-25 21:08:11,902 breed_classifier ��ʼԤ��ͼ��: C:\Users\ljh\AppData\Local\Temp\tmpmirma855.jpg
INFO 2025-03-25 21:08:11,907 breed_classifier �ɹ���ͼ�񣬳ߴ�: (740, 555)
INFO 2025-03-25 21:08:11,924 breed_classifier ģ��Ԥ��ɹ���Ʒ��: �л���԰Ȯ, ���Ŷ�: 0.8677
INFO 2025-03-25 21:08:33,223 views �û� 123456 �����˹���: id=3, name=����
INFO 2025-03-25 21:40:59,361 breed_classifier �ɹ�������12�ֹ���Ʒ����
INFO 2025-03-25 21:40:59,361 breed_classifier ʹ���豸: cpu
INFO 2025-03-25 21:40:59,362 breed_classifier ����ģ��: F:\study\blog\with-react-native-web\server\end\models\resnet18_dog_classifier.pth
INFO 2025-03-25 21:40:59,486 breed_classifier ���ص�Ȩ������: <class 'collections.OrderedDict'>
INFO 2025-03-25 21:40:59,486 breed_classifier ��⵽state_dict�еļ���'resnet.'ǰ׺�������Ƴ�ǰ׺...
INFO 2025-03-25 21:40:59,486 breed_classifier �Ѵ���state_dict���Ƴ���'resnet.'ǰ׺��������124����
INFO 2025-03-25 21:40:59,487 breed_classifier ��⵽Sequential fc�����������: 12
INFO 2025-03-25 21:40:59,487 breed_classifier ģ�͵���������: 12�����������: 12
INFO 2025-03-25 21:40:59,489 breed_classifier �Ѵ���Sequential fc�㣬���ά��: 12
INFO 2025-03-25 21:40:59,495 breed_classifier �ɹ�ͨ��load_state_dict����ģ��Ȩ��
INFO 2025-03-25 21:40:59,497 breed_classifier ��ʼԤ��ͼ��: C:\Users\ljh\AppData\Local\Temp\tmpngb06cqj.jpg
INFO 2025-03-25 21:40:59,501 breed_classifier �ɹ���ͼ�񣬳ߴ�: (740, 555)
INFO 2025-03-25 21:40:59,521 breed_classifier ģ��Ԥ��ɹ���Ʒ��: �л���԰Ȯ, ���Ŷ�: 0.8677
INFO 2025-03-25 21:41:45,450 breed_classifier �ɹ�������12�ֹ���Ʒ����
INFO 2025-03-25 21:41:45,450 breed_classifier ʹ���豸: cpu
INFO 2025-03-25 21:41:45,451 breed_classifier ����ģ��: F:\study\blog\with-react-native-web\server\end\models\resnet18_dog_classifier.pth
INFO 2025-03-25 21:41:45,563 breed_classifier ���ص�Ȩ������: <class 'collections.OrderedDict'>
INFO 2025-03-25 21:41:45,564 breed_classifier ��⵽state_dict�еļ���'resnet.'ǰ׺�������Ƴ�ǰ׺...
INFO 2025-03-25 21:41:45,564 breed_classifier �Ѵ���state_dict���Ƴ���'resnet.'ǰ׺��������124����
INFO 2025-03-25 21:41:45,564 breed_classifier ��⵽Sequential fc�����������: 12
INFO 2025-03-25 21:41:45,565 breed_classifier ģ�͵���������: 12�����������: 12
INFO 2025-03-25 21:41:45,566 breed_classifier �Ѵ���Sequential fc�㣬���ά��: 12
INFO 2025-03-25 21:41:45,572 breed_classifier �ɹ�ͨ��load_state_dict����ģ��Ȩ��
INFO 2025-03-25 21:41:45,573 breed_classifier ��ʼԤ��ͼ��: C:\Users\ljh\AppData\Local\Temp\tmp7g40tmvv.jpg
INFO 2025-03-25 21:41:45,577 breed_classifier �ɹ���ͼ�񣬳ߴ�: (740, 555)
INFO 2025-03-25 21:41:45,601 breed_classifier ģ��Ԥ��ɹ���Ʒ��: �л���԰Ȯ, ���Ŷ�: 0.8677
INFO 2025-03-26 00:37:21,989 views �û� 111 ��ȡ�˸�����Ϣ
WARNING 2025-03-26 01:05:02,571 base view's DogDetailView raised exception during schema generation; use `getattr(self, 'swagger_fake_view', False)` to detect and short-circuit this
Traceback (most recent call last):
  File "C:\Users\ljh\AppData\Local\Programs\Python\Python310\lib\site-packages\django\db\models\fields\__init__.py", line 2117, in get_prep_value
    return int(value)
  File "C:\Users\ljh\AppData\Local\Programs\Python\Python310\lib\site-packages\django\contrib\auth\models.py", line 437, in __int__
    raise TypeError(
TypeError: Cannot cast AnonymousUser to int. Are you trying to use it in place of User?

The above exception was the direct cause of the following exception:

Traceback (most recent call last):
  File "C:\Users\ljh\AppData\Local\Programs\Python\Python310\lib\site-packages\drf_yasg\inspectors\base.py", line 42, in call_view_method
    return view_method()
  File "F:\study\blog\with-react-native-web\server\end\dogs\views.py", line 60, in get_queryset
    return Dog.objects.filter(owner=self.request.user)
  File "C:\Users\ljh\AppData\Local\Programs\Python\Python310\lib\site-packages\django\db\models\manager.py", line 87, in manager_method
    return getattr(self.get_queryset(), name)(*args, **kwargs)
  File "C:\Users\ljh\AppData\Local\Programs\Python\Python310\lib\site-packages\django\db\models\query.py", line 1476, in filter
    return self._filter_or_exclude(False, args, kwargs)
  File "C:\Users\ljh\AppData\Local\Programs\Python\Python310\lib\site-packages\django\db\models\query.py", line 1494, in _filter_or_exclude
    clone._filter_or_exclude_inplace(negate, args, kwargs)
  File "C:\Users\ljh\AppData\Local\Programs\Python\Python310\lib\site-packages\django\db\models\query.py", line 1501, in _filter_or_exclude_inplace
    self._query.add_q(Q(*args, **kwargs))
  File "C:\Users\ljh\AppData\Local\Programs\Python\Python310\lib\site-packages\django\db\models\sql\query.py", line 1613, in add_q
    clause, _ = self._add_q(q_object, self.used_aliases)
  File "C:\Users\ljh\AppData\Local\Programs\Python\Python310\lib\site-packages\django\db\models\sql\query.py", line 1645, in _add_q
    child_clause, needed_inner = self.build_filter(
  File "C:\Users\ljh\AppData\Local\Programs\Python\Python310\lib\site-packages\django\db\models\sql\query.py", line 1559, in build_filter
    condition = self.build_lookup(lookups, col, value)
  File "C:\Users\ljh\AppData\Local\Programs\Python\Python310\lib\site-packages\django\db\models\sql\query.py", line 1389, in build_lookup
    lookup = lookup_class(lhs, rhs)
  File "C:\Users\ljh\AppData\Local\Programs\Python\Python310\lib\site-packages\django\db\models\lookups.py", line 30, in __init__
    self.rhs = self.get_prep_lookup()
  File "C:\Users\ljh\AppData\Local\Programs\Python\Python310\lib\site-packages\django\db\models\fields\related_lookups.py", line 156, in get_prep_lookup
    self.rhs = target_field.get_prep_value(self.rhs)
  File "C:\Users\ljh\AppData\Local\Programs\Python\Python310\lib\site-packages\django\db\models\fields\__init__.py", line 2119, in get_prep_value
    raise e.__class__(
TypeError: Field 'id' expected a number but got <django.contrib.auth.models.AnonymousUser object at 0x000002B4880AF5E0>.
WARNING 2025-03-26 01:05:02,587 base view's DogDetailView raised exception during schema generation; use `getattr(self, 'swagger_fake_view', False)` to detect and short-circuit this
Traceback (most recent call last):
  File "C:\Users\ljh\AppData\Local\Programs\Python\Python310\lib\site-packages\django\db\models\fields\__init__.py", line 2117, in get_prep_value
    return int(value)
  File "C:\Users\ljh\AppData\Local\Programs\Python\Python310\lib\site-packages\django\contrib\auth\models.py", line 437, in __int__
    raise TypeError(
TypeError: Cannot cast AnonymousUser to int. Are you trying to use it in place of User?

The above exception was the direct cause of the following exception:

Traceback (most recent call last):
  File "C:\Users\ljh\AppData\Local\Programs\Python\Python310\lib\site-packages\drf_yasg\inspectors\base.py", line 42, in call_view_method
    return view_method()
  File "F:\study\blog\with-react-native-web\server\end\dogs\views.py", line 60, in get_queryset
    return Dog.objects.filter(owner=self.request.user)
  File "C:\Users\ljh\AppData\Local\Programs\Python\Python310\lib\site-packages\django\db\models\manager.py", line 87, in manager_method
    return getattr(self.get_queryset(), name)(*args, **kwargs)
  File "C:\Users\ljh\AppData\Local\Programs\Python\Python310\lib\site-packages\django\db\models\query.py", line 1476, in filter
    return self._filter_or_exclude(False, args, kwargs)
  File "C:\Users\ljh\AppData\Local\Programs\Python\Python310\lib\site-packages\django\db\models\query.py", line 1494, in _filter_or_exclude
    clone._filter_or_exclude_inplace(negate, args, kwargs)
  File "C:\Users\ljh\AppData\Local\Programs\Python\Python310\lib\site-packages\django\db\models\query.py", line 1501, in _filter_or_exclude_inplace
    self._query.add_q(Q(*args, **kwargs))
  File "C:\Users\ljh\AppData\Local\Programs\Python\Python310\lib\site-packages\django\db\models\sql\query.py", line 1613, in add_q
    clause, _ = self._add_q(q_object, self.used_aliases)
  File "C:\Users\ljh\AppData\Local\Programs\Python\Python310\lib\site-packages\django\db\models\sql\query.py", line 1645, in _add_q
    child_clause, needed_inner = self.build_filter(
  File "C:\Users\ljh\AppData\Local\Programs\Python\Python310\lib\site-packages\django\db\models\sql\query.py", line 1559, in build_filter
    condition = self.build_lookup(lookups, col, value)
  File "C:\Users\ljh\AppData\Local\Programs\Python\Python310\lib\site-packages\django\db\models\sql\query.py", line 1389, in build_lookup
    lookup = lookup_class(lhs, rhs)
  File "C:\Users\ljh\AppData\Local\Programs\Python\Python310\lib\site-packages\django\db\models\lookups.py", line 30, in __init__
    self.rhs = self.get_prep_lookup()
  File "C:\Users\ljh\AppData\Local\Programs\Python\Python310\lib\site-packages\django\db\models\fields\related_lookups.py", line 156, in get_prep_lookup
    self.rhs = target_field.get_prep_value(self.rhs)
  File "C:\Users\ljh\AppData\Local\Programs\Python\Python310\lib\site-packages\django\db\models\fields\__init__.py", line 2119, in get_prep_value
    raise e.__class__(
TypeError: Field 'id' expected a number but got <django.contrib.auth.models.AnonymousUser object at 0x000002B4880AF5E0>.
WARNING 2025-03-26 01:05:02,591 base view's DogDetailView raised exception during schema generation; use `getattr(self, 'swagger_fake_view', False)` to detect and short-circuit this
Traceback (most recent call last):
  File "C:\Users\ljh\AppData\Local\Programs\Python\Python310\lib\site-packages\django\db\models\fields\__init__.py", line 2117, in get_prep_value
    return int(value)
  File "C:\Users\ljh\AppData\Local\Programs\Python\Python310\lib\site-packages\django\contrib\auth\models.py", line 437, in __int__
    raise TypeError(
TypeError: Cannot cast AnonymousUser to int. Are you trying to use it in place of User?

The above exception was the direct cause of the following exception:

Traceback (most recent call last):
  File "C:\Users\ljh\AppData\Local\Programs\Python\Python310\lib\site-packages\drf_yasg\inspectors\base.py", line 42, in call_view_method
    return view_method()
  File "F:\study\blog\with-react-native-web\server\end\dogs\views.py", line 60, in get_queryset
    return Dog.objects.filter(owner=self.request.user)
  File "C:\Users\ljh\AppData\Local\Programs\Python\Python310\lib\site-packages\django\db\models\manager.py", line 87, in manager_method
    return getattr(self.get_queryset(), name)(*args, **kwargs)
  File "C:\Users\ljh\AppData\Local\Programs\Python\Python310\lib\site-packages\django\db\models\query.py", line 1476, in filter
    return self._filter_or_exclude(False, args, kwargs)
  File "C:\Users\ljh\AppData\Local\Programs\Python\Python310\lib\site-packages\django\db\models\query.py", line 1494, in _filter_or_exclude
    clone._filter_or_exclude_inplace(negate, args, kwargs)
  File "C:\Users\ljh\AppData\Local\Programs\Python\Python310\lib\site-packages\django\db\models\query.py", line 1501, in _filter_or_exclude_inplace
    self._query.add_q(Q(*args, **kwargs))
  File "C:\Users\ljh\AppData\Local\Programs\Python\Python310\lib\site-packages\django\db\models\sql\query.py", line 1613, in add_q
    clause, _ = self._add_q(q_object, self.used_aliases)
  File "C:\Users\ljh\AppData\Local\Programs\Python\Python310\lib\site-packages\django\db\models\sql\query.py", line 1645, in _add_q
    child_clause, needed_inner = self.build_filter(
  File "C:\Users\ljh\AppData\Local\Programs\Python\Python310\lib\site-packages\django\db\models\sql\query.py", line 1559, in build_filter
    condition = self.build_lookup(lookups, col, value)
  File "C:\Users\ljh\AppData\Local\Programs\Python\Python310\lib\site-packages\django\db\models\sql\query.py", line 1389, in build_lookup
    lookup = lookup_class(lhs, rhs)
  File "C:\Users\ljh\AppData\Local\Programs\Python\Python310\lib\site-packages\django\db\models\lookups.py", line 30, in __init__
    self.rhs = self.get_prep_lookup()
  File "C:\Users\ljh\AppData\Local\Programs\Python\Python310\lib\site-packages\django\db\models\fields\related_lookups.py", line 156, in get_prep_lookup
    self.rhs = target_field.get_prep_value(self.rhs)
  File "C:\Users\ljh\AppData\Local\Programs\Python\Python310\lib\site-packages\django\db\models\fields\__init__.py", line 2119, in get_prep_value
    raise e.__class__(
TypeError: Field 'id' expected a number but got <django.contrib.auth.models.AnonymousUser object at 0x000002B4880AF5E0>.
WARNING 2025-03-26 01:05:02,596 base view's DogDetailView raised exception during schema generation; use `getattr(self, 'swagger_fake_view', False)` to detect and short-circuit this
Traceback (most recent call last):
  File "C:\Users\ljh\AppData\Local\Programs\Python\Python310\lib\site-packages\django\db\models\fields\__init__.py", line 2117, in get_prep_value
    return int(value)
  File "C:\Users\ljh\AppData\Local\Programs\Python\Python310\lib\site-packages\django\contrib\auth\models.py", line 437, in __int__
    raise TypeError(
TypeError: Cannot cast AnonymousUser to int. Are you trying to use it in place of User?

The above exception was the direct cause of the following exception:

Traceback (most recent call last):
  File "C:\Users\ljh\AppData\Local\Programs\Python\Python310\lib\site-packages\drf_yasg\inspectors\base.py", line 42, in call_view_method
    return view_method()
  File "F:\study\blog\with-react-native-web\server\end\dogs\views.py", line 60, in get_queryset
    return Dog.objects.filter(owner=self.request.user)
  File "C:\Users\ljh\AppData\Local\Programs\Python\Python310\lib\site-packages\django\db\models\manager.py", line 87, in manager_method
    return getattr(self.get_queryset(), name)(*args, **kwargs)
  File "C:\Users\ljh\AppData\Local\Programs\Python\Python310\lib\site-packages\django\db\models\query.py", line 1476, in filter
    return self._filter_or_exclude(False, args, kwargs)
  File "C:\Users\ljh\AppData\Local\Programs\Python\Python310\lib\site-packages\django\db\models\query.py", line 1494, in _filter_or_exclude
    clone._filter_or_exclude_inplace(negate, args, kwargs)
  File "C:\Users\ljh\AppData\Local\Programs\Python\Python310\lib\site-packages\django\db\models\query.py", line 1501, in _filter_or_exclude_inplace
    self._query.add_q(Q(*args, **kwargs))
  File "C:\Users\ljh\AppData\Local\Programs\Python\Python310\lib\site-packages\django\db\models\sql\query.py", line 1613, in add_q
    clause, _ = self._add_q(q_object, self.used_aliases)
  File "C:\Users\ljh\AppData\Local\Programs\Python\Python310\lib\site-packages\django\db\models\sql\query.py", line 1645, in _add_q
    child_clause, needed_inner = self.build_filter(
  File "C:\Users\ljh\AppData\Local\Programs\Python\Python310\lib\site-packages\django\db\models\sql\query.py", line 1559, in build_filter
    condition = self.build_lookup(lookups, col, value)
  File "C:\Users\ljh\AppData\Local\Programs\Python\Python310\lib\site-packages\django\db\models\sql\query.py", line 1389, in build_lookup
    lookup = lookup_class(lhs, rhs)
  File "C:\Users\ljh\AppData\Local\Programs\Python\Python310\lib\site-packages\django\db\models\lookups.py", line 30, in __init__
    self.rhs = self.get_prep_lookup()
  File "C:\Users\ljh\AppData\Local\Programs\Python\Python310\lib\site-packages\django\db\models\fields\related_lookups.py", line 156, in get_prep_lookup
    self.rhs = target_field.get_prep_value(self.rhs)
  File "C:\Users\ljh\AppData\Local\Programs\Python\Python310\lib\site-packages\django\db\models\fields\__init__.py", line 2119, in get_prep_value
    raise e.__class__(
TypeError: Field 'id' expected a number but got <django.contrib.auth.models.AnonymousUser object at 0x000002B4880AF5E0>.
INFO 2025-03-26 21:23:10,260 breed_classifier �ɹ�������12�ֹ���Ʒ����
INFO 2025-03-26 21:23:10,262 breed_classifier ʹ���豸: cpu
INFO 2025-03-26 21:23:10,262 breed_classifier ����ģ��: F:\study\blog\with-react-native-web\server\end\models\resnet18_dog_classifier.pth
INFO 2025-03-26 21:23:10,476 breed_classifier ���ص�Ȩ������: <class 'collections.OrderedDict'>
INFO 2025-03-26 21:23:10,476 breed_classifier ��⵽state_dict�еļ���'resnet.'ǰ׺�������Ƴ�ǰ׺...
INFO 2025-03-26 21:23:10,476 breed_classifier �Ѵ���state_dict���Ƴ���'resnet.'ǰ׺��������124����
INFO 2025-03-26 21:23:10,476 breed_classifier ��⵽Sequential fc�����������: 12
INFO 2025-03-26 21:23:10,476 breed_classifier ģ�͵���������: 12�����������: 12
INFO 2025-03-26 21:23:10,479 breed_classifier �Ѵ���Sequential fc�㣬���ά��: 12
INFO 2025-03-26 21:23:10,488 breed_classifier �ɹ�ͨ��load_state_dict����ģ��Ȩ��
INFO 2025-03-26 21:23:10,490 breed_classifier ��ʼԤ��ͼ��: C:\Users\ljh\AppData\Local\Temp\tmpq8bkq1we.jpg
INFO 2025-03-26 21:23:10,555 breed_classifier �ɹ���ͼ�񣬳ߴ�: (3072, 2304)
INFO 2025-03-26 21:23:10,639 breed_classifier ģ��Ԥ��ɹ���Ʒ��: ����, ���Ŷ�: 0.4567
INFO 2025-03-26 21:23:35,250 views �û� 123456 ��ȡ�˸�����Ϣ
INFO 2025-03-26 21:26:54,493 views �û� 123456 ��ȡ�˸�����Ϣ
INFO 2025-03-26 21:27:03,772 breed_classifier �ɹ�������12�ֹ���Ʒ����
INFO 2025-03-26 21:27:03,772 breed_classifier ʹ���豸: cpu
INFO 2025-03-26 21:27:03,772 breed_classifier ����ģ��: F:\study\blog\with-react-native-web\server\end\models\resnet18_dog_classifier.pth
INFO 2025-03-26 21:27:03,889 breed_classifier ���ص�Ȩ������: <class 'collections.OrderedDict'>
INFO 2025-03-26 21:27:03,889 breed_classifier ��⵽state_dict�еļ���'resnet.'ǰ׺�������Ƴ�ǰ׺...
INFO 2025-03-26 21:27:03,891 breed_classifier �Ѵ���state_dict���Ƴ���'resnet.'ǰ׺��������124����
INFO 2025-03-26 21:27:03,891 breed_classifier ��⵽Sequential fc�����������: 12
INFO 2025-03-26 21:27:03,891 breed_classifier ģ�͵���������: 12�����������: 12
INFO 2025-03-26 21:27:03,893 breed_classifier �Ѵ���Sequential fc�㣬���ά��: 12
INFO 2025-03-26 21:27:03,899 breed_classifier �ɹ�ͨ��load_state_dict����ģ��Ȩ��
INFO 2025-03-26 21:27:03,899 breed_classifier ��ʼԤ��ͼ��: C:\Users\ljh\AppData\Local\Temp\tmp1r3amuai.jpg
INFO 2025-03-26 21:27:03,946 breed_classifier �ɹ���ͼ�񣬳ߴ�: (3072, 2304)
INFO 2025-03-26 21:27:03,985 breed_classifier ģ��Ԥ��ɹ���Ʒ��: ѩ����, ���Ŷ�: 0.6500
INFO 2025-03-26 21:27:20,233 breed_classifier �ɹ�������12�ֹ���Ʒ����
INFO 2025-03-26 21:27:20,233 breed_classifier ʹ���豸: cpu
INFO 2025-03-26 21:27:20,235 breed_classifier ����ģ��: F:\study\blog\with-react-native-web\server\end\models\resnet18_dog_classifier.pth
INFO 2025-03-26 21:27:20,349 breed_classifier ���ص�Ȩ������: <class 'collections.OrderedDict'>
INFO 2025-03-26 21:27:20,349 breed_classifier ��⵽state_dict�еļ���'resnet.'ǰ׺�������Ƴ�ǰ׺...
INFO 2025-03-26 21:27:20,349 breed_classifier �Ѵ���state_dict���Ƴ���'resnet.'ǰ׺��������124����
INFO 2025-03-26 21:27:20,349 breed_classifier ��⵽Sequential fc�����������: 12
INFO 2025-03-26 21:27:20,349 breed_classifier ģ�͵���������: 12�����������: 12
INFO 2025-03-26 21:27:20,351 breed_classifier �Ѵ���Sequential fc�㣬���ά��: 12
INFO 2025-03-26 21:27:20,358 breed_classifier �ɹ�ͨ��load_state_dict����ģ��Ȩ��
INFO 2025-03-26 21:27:20,359 breed_classifier ��ʼԤ��ͼ��: C:\Users\ljh\AppData\Local\Temp\tmpcvf8fp22.jpg
INFO 2025-03-26 21:27:20,396 breed_classifier �ɹ���ͼ�񣬳ߴ�: (3072, 2304)
INFO 2025-03-26 21:27:20,428 breed_classifier ģ��Ԥ��ɹ���Ʒ��: ѩ����, ���Ŷ�: 0.8233
INFO 2025-03-26 21:27:27,962 breed_classifier �ɹ�������12�ֹ���Ʒ����
INFO 2025-03-26 21:27:27,962 breed_classifier ʹ���豸: cpu
INFO 2025-03-26 21:27:27,962 breed_classifier ����ģ��: F:\study\blog\with-react-native-web\server\end\models\resnet18_dog_classifier.pth
INFO 2025-03-26 21:27:28,084 breed_classifier ���ص�Ȩ������: <class 'collections.OrderedDict'>
INFO 2025-03-26 21:27:28,084 breed_classifier ��⵽state_dict�еļ���'resnet.'ǰ׺�������Ƴ�ǰ׺...
INFO 2025-03-26 21:27:28,084 breed_classifier �Ѵ���state_dict���Ƴ���'resnet.'ǰ׺��������124����
INFO 2025-03-26 21:27:28,084 breed_classifier ��⵽Sequential fc�����������: 12
INFO 2025-03-26 21:27:28,084 breed_classifier ģ�͵���������: 12�����������: 12
INFO 2025-03-26 21:27:28,085 breed_classifier �Ѵ���Sequential fc�㣬���ά��: 12
INFO 2025-03-26 21:27:28,091 breed_classifier �ɹ�ͨ��load_state_dict����ģ��Ȩ��
INFO 2025-03-26 21:27:28,091 breed_classifier ��ʼԤ��ͼ��: C:\Users\ljh\AppData\Local\Temp\tmpx99lurfx.jpg
INFO 2025-03-26 21:27:28,098 breed_classifier �ɹ���ͼ�񣬳ߴ�: (740, 555)
INFO 2025-03-26 21:27:28,113 breed_classifier ģ��Ԥ��ɹ���Ʒ��: �л���԰Ȯ, ���Ŷ�: 0.8677
INFO 2025-03-26 21:35:27,505 breed_classifier �ɹ�������12�ֹ���Ʒ����
INFO 2025-03-26 21:35:27,505 breed_classifier ʹ���豸: cpu
INFO 2025-03-26 21:35:27,507 breed_classifier ����ģ��: F:\study\blog\with-react-native-web\server\end\models\resnet18_dog_classifier.pth
INFO 2025-03-26 21:35:27,631 breed_classifier ���ص�Ȩ������: <class 'collections.OrderedDict'>
INFO 2025-03-26 21:35:27,632 breed_classifier ��⵽state_dict�еļ���'resnet.'ǰ׺�������Ƴ�ǰ׺...
INFO 2025-03-26 21:35:27,632 breed_classifier �Ѵ���state_dict���Ƴ���'resnet.'ǰ׺��������124����
INFO 2025-03-26 21:35:27,632 breed_classifier ��⵽Sequential fc�����������: 12
INFO 2025-03-26 21:35:27,632 breed_classifier ģ�͵���������: 12�����������: 12
INFO 2025-03-26 21:35:27,634 breed_classifier �Ѵ���Sequential fc�㣬���ά��: 12
INFO 2025-03-26 21:35:27,641 breed_classifier �ɹ�ͨ��load_state_dict����ģ��Ȩ��
INFO 2025-03-26 21:35:27,642 breed_classifier ��ʼԤ��ͼ��: C:\Users\ljh\AppData\Local\Temp\tmpe84yn67j.jpg
INFO 2025-03-26 21:35:27,742 breed_classifier �ɹ���ͼ�񣬳ߴ�: (4096, 3072)
INFO 2025-03-26 21:35:27,791 breed_classifier ģ��Ԥ��ɹ���Ʒ��: ����, ���Ŷ�: 0.9999
INFO 2025-03-26 21:36:33,156 breed_classifier �ɹ�������12�ֹ���Ʒ����
INFO 2025-03-26 21:36:33,156 breed_classifier ʹ���豸: cpu
INFO 2025-03-26 21:36:33,156 breed_classifier ����ģ��: F:\study\blog\with-react-native-web\server\end\models\resnet18_dog_classifier.pth
INFO 2025-03-26 21:36:33,272 breed_classifier ���ص�Ȩ������: <class 'collections.OrderedDict'>
INFO 2025-03-26 21:36:33,272 breed_classifier ��⵽state_dict�еļ���'resnet.'ǰ׺�������Ƴ�ǰ׺...
INFO 2025-03-26 21:36:33,272 breed_classifier �Ѵ���state_dict���Ƴ���'resnet.'ǰ׺��������124����
INFO 2025-03-26 21:36:33,272 breed_classifier ��⵽Sequential fc�����������: 12
INFO 2025-03-26 21:36:33,273 breed_classifier ģ�͵���������: 12�����������: 12
INFO 2025-03-26 21:36:33,273 breed_classifier �Ѵ���Sequential fc�㣬���ά��: 12
INFO 2025-03-26 21:36:33,280 breed_classifier �ɹ�ͨ��load_state_dict����ģ��Ȩ��
INFO 2025-03-26 21:36:33,281 breed_classifier ��ʼԤ��ͼ��: C:\Users\ljh\AppData\Local\Temp\tmpk2fv7gk9.jpg
INFO 2025-03-26 21:36:33,370 breed_classifier �ɹ���ͼ�񣬳ߴ�: (4096, 3072)
INFO 2025-03-26 21:36:33,419 breed_classifier ģ��Ԥ��ɹ���Ʒ��: ����, ���Ŷ�: 0.9999
INFO 2025-03-26 22:05:26,744 breed_classifier �ɹ�������12�ֹ���Ʒ����
INFO 2025-03-26 22:05:26,745 breed_classifier ʹ���豸: cpu
INFO 2025-03-26 22:05:26,746 breed_classifier ����ģ��: F:\study\blog\with-react-native-web\server\end\models\resnet18_dog_classifier.pth
INFO 2025-03-26 22:05:26,892 breed_classifier ���ص�Ȩ������: <class 'collections.OrderedDict'>
INFO 2025-03-26 22:05:26,894 breed_classifier ��⵽state_dict�еļ���'resnet.'ǰ׺�������Ƴ�ǰ׺...
INFO 2025-03-26 22:05:26,894 breed_classifier �Ѵ���state_dict���Ƴ���'resnet.'ǰ׺��������124����
INFO 2025-03-26 22:05:26,894 breed_classifier ��⵽Sequential fc�����������: 12
INFO 2025-03-26 22:05:26,894 breed_classifier ģ�͵���������: 12�����������: 12
INFO 2025-03-26 22:05:26,895 breed_classifier �Ѵ���Sequential fc�㣬���ά��: 12
INFO 2025-03-26 22:05:26,903 breed_classifier �ɹ�ͨ��load_state_dict����ģ��Ȩ��
INFO 2025-03-26 22:05:26,905 breed_classifier ��ʼԤ��ͼ��: C:\Users\ljh\AppData\Local\Temp\tmpx2jftf5t.jpg
INFO 2025-03-26 22:05:27,039 breed_classifier �ɹ���ͼ�񣬳ߴ�: (4096, 3072)
INFO 2025-03-26 22:05:27,117 breed_classifier ģ��Ԥ��ɹ���Ʒ��: �л���԰Ȯ, ���Ŷ�: 0.5312
INFO 2025-03-26 22:05:49,347 breed_classifier �ɹ�������12�ֹ���Ʒ����
INFO 2025-03-26 22:05:49,347 breed_classifier ʹ���豸: cpu
INFO 2025-03-26 22:05:49,347 breed_classifier ����ģ��: F:\study\blog\with-react-native-web\server\end\models\resnet18_dog_classifier.pth
INFO 2025-03-26 22:05:49,478 breed_classifier ���ص�Ȩ������: <class 'collections.OrderedDict'>
INFO 2025-03-26 22:05:49,478 breed_classifier ��⵽state_dict�еļ���'resnet.'ǰ׺�������Ƴ�ǰ׺...
INFO 2025-03-26 22:05:49,478 breed_classifier �Ѵ���state_dict���Ƴ���'resnet.'ǰ׺��������124����
INFO 2025-03-26 22:05:49,480 breed_classifier ��⵽Sequential fc�����������: 12
INFO 2025-03-26 22:05:49,480 breed_classifier ģ�͵���������: 12�����������: 12
INFO 2025-03-26 22:05:49,482 breed_classifier �Ѵ���Sequential fc�㣬���ά��: 12
INFO 2025-03-26 22:05:49,488 breed_classifier �ɹ�ͨ��load_state_dict����ģ��Ȩ��
INFO 2025-03-26 22:05:49,490 breed_classifier ��ʼԤ��ͼ��: C:\Users\ljh\AppData\Local\Temp\tmp_6x_m80o.jpg
INFO 2025-03-26 22:05:49,603 breed_classifier �ɹ���ͼ�񣬳ߴ�: (4096, 3072)
INFO 2025-03-26 22:05:49,663 breed_classifier ģ��Ԥ��ɹ���Ʒ��: �»�, ���Ŷ�: 0.3911
INFO 2025-03-26 22:06:01,115 breed_classifier �ɹ�������12�ֹ���Ʒ����
INFO 2025-03-26 22:06:01,115 breed_classifier ʹ���豸: cpu
INFO 2025-03-26 22:06:01,115 breed_classifier ����ģ��: F:\study\blog\with-react-native-web\server\end\models\resnet18_dog_classifier.pth
INFO 2025-03-26 22:06:01,250 breed_classifier ���ص�Ȩ������: <class 'collections.OrderedDict'>
INFO 2025-03-26 22:06:01,250 breed_classifier ��⵽state_dict�еļ���'resnet.'ǰ׺�������Ƴ�ǰ׺...
INFO 2025-03-26 22:06:01,250 breed_classifier �Ѵ���state_dict���Ƴ���'resnet.'ǰ׺��������124����
INFO 2025-03-26 22:06:01,250 breed_classifier ��⵽Sequential fc�����������: 12
INFO 2025-03-26 22:06:01,250 breed_classifier ģ�͵���������: 12�����������: 12
INFO 2025-03-26 22:06:01,251 breed_classifier �Ѵ���Sequential fc�㣬���ά��: 12
INFO 2025-03-26 22:06:01,260 breed_classifier �ɹ�ͨ��load_state_dict����ģ��Ȩ��
INFO 2025-03-26 22:06:01,262 breed_classifier ��ʼԤ��ͼ��: C:\Users\ljh\AppData\Local\Temp\tmp44s8wdcm.jpg
INFO 2025-03-26 22:06:01,383 breed_classifier �ɹ���ͼ�񣬳ߴ�: (4096, 3072)
INFO 2025-03-26 22:06:01,445 breed_classifier ģ��Ԥ��ɹ���Ʒ��: �»�, ���Ŷ�: 0.6546
INFO 2025-03-26 22:06:15,524 breed_classifier �ɹ�������12�ֹ���Ʒ����
INFO 2025-03-26 22:06:15,525 breed_classifier ʹ���豸: cpu
INFO 2025-03-26 22:06:15,525 breed_classifier ����ģ��: F:\study\blog\with-react-native-web\server\end\models\resnet18_dog_classifier.pth
INFO 2025-03-26 22:06:15,662 breed_classifier ���ص�Ȩ������: <class 'collections.OrderedDict'>
INFO 2025-03-26 22:06:15,662 breed_classifier ��⵽state_dict�еļ���'resnet.'ǰ׺�������Ƴ�ǰ׺...
INFO 2025-03-26 22:06:15,662 breed_classifier �Ѵ���state_dict���Ƴ���'resnet.'ǰ׺��������124����
INFO 2025-03-26 22:06:15,663 breed_classifier ��⵽Sequential fc�����������: 12
INFO 2025-03-26 22:06:15,663 breed_classifier ģ�͵���������: 12�����������: 12
INFO 2025-03-26 22:06:15,665 breed_classifier �Ѵ���Sequential fc�㣬���ά��: 12
INFO 2025-03-26 22:06:15,672 breed_classifier �ɹ�ͨ��load_state_dict����ģ��Ȩ��
INFO 2025-03-26 22:06:15,674 breed_classifier ��ʼԤ��ͼ��: C:\Users\ljh\AppData\Local\Temp\tmpn9k3mfp1.jpg
INFO 2025-03-26 22:06:15,776 breed_classifier �ɹ���ͼ�񣬳ߴ�: (4096, 3072)
INFO 2025-03-26 22:06:15,839 breed_classifier ģ��Ԥ��ɹ���Ʒ��: ��ëȮ, ���Ŷ�: 0.8618
WARNING 2025-03-27 12:37:32,314 base view's DogDetailView raised exception during schema generation; use `getattr(self, 'swagger_fake_view', False)` to detect and short-circuit this
Traceback (most recent call last):
  File "C:\Users\ljh\AppData\Local\Programs\Python\Python310\lib\site-packages\django\db\models\fields\__init__.py", line 2117, in get_prep_value
    return int(value)
  File "C:\Users\ljh\AppData\Local\Programs\Python\Python310\lib\site-packages\django\contrib\auth\models.py", line 437, in __int__
    raise TypeError(
TypeError: Cannot cast AnonymousUser to int. Are you trying to use it in place of User?

The above exception was the direct cause of the following exception:

Traceback (most recent call last):
  File "C:\Users\ljh\AppData\Local\Programs\Python\Python310\lib\site-packages\drf_yasg\inspectors\base.py", line 42, in call_view_method
    return view_method()
  File "F:\study\blog\with-react-native-web\server\end\dogs\views.py", line 60, in get_queryset
    return Dog.objects.filter(owner=self.request.user)
  File "C:\Users\ljh\AppData\Local\Programs\Python\Python310\lib\site-packages\django\db\models\manager.py", line 87, in manager_method
    return getattr(self.get_queryset(), name)(*args, **kwargs)
  File "C:\Users\ljh\AppData\Local\Programs\Python\Python310\lib\site-packages\django\db\models\query.py", line 1476, in filter
    return self._filter_or_exclude(False, args, kwargs)
  File "C:\Users\ljh\AppData\Local\Programs\Python\Python310\lib\site-packages\django\db\models\query.py", line 1494, in _filter_or_exclude
    clone._filter_or_exclude_inplace(negate, args, kwargs)
  File "C:\Users\ljh\AppData\Local\Programs\Python\Python310\lib\site-packages\django\db\models\query.py", line 1501, in _filter_or_exclude_inplace
    self._query.add_q(Q(*args, **kwargs))
  File "C:\Users\ljh\AppData\Local\Programs\Python\Python310\lib\site-packages\django\db\models\sql\query.py", line 1613, in add_q
    clause, _ = self._add_q(q_object, self.used_aliases)
  File "C:\Users\ljh\AppData\Local\Programs\Python\Python310\lib\site-packages\django\db\models\sql\query.py", line 1645, in _add_q
    child_clause, needed_inner = self.build_filter(
  File "C:\Users\ljh\AppData\Local\Programs\Python\Python310\lib\site-packages\django\db\models\sql\query.py", line 1559, in build_filter
    condition = self.build_lookup(lookups, col, value)
  File "C:\Users\ljh\AppData\Local\Programs\Python\Python310\lib\site-packages\django\db\models\sql\query.py", line 1389, in build_lookup
    lookup = lookup_class(lhs, rhs)
  File "C:\Users\ljh\AppData\Local\Programs\Python\Python310\lib\site-packages\django\db\models\lookups.py", line 30, in __init__
    self.rhs = self.get_prep_lookup()
  File "C:\Users\ljh\AppData\Local\Programs\Python\Python310\lib\site-packages\django\db\models\fields\related_lookups.py", line 156, in get_prep_lookup
    self.rhs = target_field.get_prep_value(self.rhs)
  File "C:\Users\ljh\AppData\Local\Programs\Python\Python310\lib\site-packages\django\db\models\fields\__init__.py", line 2119, in get_prep_value
    raise e.__class__(
TypeError: Field 'id' expected a number but got <django.contrib.auth.models.AnonymousUser object at 0x000001D227674F40>.
WARNING 2025-03-27 12:37:32,328 base view's DogDetailView raised exception during schema generation; use `getattr(self, 'swagger_fake_view', False)` to detect and short-circuit this
Traceback (most recent call last):
  File "C:\Users\ljh\AppData\Local\Programs\Python\Python310\lib\site-packages\django\db\models\fields\__init__.py", line 2117, in get_prep_value
    return int(value)
  File "C:\Users\ljh\AppData\Local\Programs\Python\Python310\lib\site-packages\django\contrib\auth\models.py", line 437, in __int__
    raise TypeError(
TypeError: Cannot cast AnonymousUser to int. Are you trying to use it in place of User?

The above exception was the direct cause of the following exception:

Traceback (most recent call last):
  File "C:\Users\ljh\AppData\Local\Programs\Python\Python310\lib\site-packages\drf_yasg\inspectors\base.py", line 42, in call_view_method
    return view_method()
  File "F:\study\blog\with-react-native-web\server\end\dogs\views.py", line 60, in get_queryset
    return Dog.objects.filter(owner=self.request.user)
  File "C:\Users\ljh\AppData\Local\Programs\Python\Python310\lib\site-packages\django\db\models\manager.py", line 87, in manager_method
    return getattr(self.get_queryset(), name)(*args, **kwargs)
  File "C:\Users\ljh\AppData\Local\Programs\Python\Python310\lib\site-packages\django\db\models\query.py", line 1476, in filter
    return self._filter_or_exclude(False, args, kwargs)
  File "C:\Users\ljh\AppData\Local\Programs\Python\Python310\lib\site-packages\django\db\models\query.py", line 1494, in _filter_or_exclude
    clone._filter_or_exclude_inplace(negate, args, kwargs)
  File "C:\Users\ljh\AppData\Local\Programs\Python\Python310\lib\site-packages\django\db\models\query.py", line 1501, in _filter_or_exclude_inplace
    self._query.add_q(Q(*args, **kwargs))
  File "C:\Users\ljh\AppData\Local\Programs\Python\Python310\lib\site-packages\django\db\models\sql\query.py", line 1613, in add_q
    clause, _ = self._add_q(q_object, self.used_aliases)
  File "C:\Users\ljh\AppData\Local\Programs\Python\Python310\lib\site-packages\django\db\models\sql\query.py", line 1645, in _add_q
    child_clause, needed_inner = self.build_filter(
  File "C:\Users\ljh\AppData\Local\Programs\Python\Python310\lib\site-packages\django\db\models\sql\query.py", line 1559, in build_filter
    condition = self.build_lookup(lookups, col, value)
  File "C:\Users\ljh\AppData\Local\Programs\Python\Python310\lib\site-packages\django\db\models\sql\query.py", line 1389, in build_lookup
    lookup = lookup_class(lhs, rhs)
  File "C:\Users\ljh\AppData\Local\Programs\Python\Python310\lib\site-packages\django\db\models\lookups.py", line 30, in __init__
    self.rhs = self.get_prep_lookup()
  File "C:\Users\ljh\AppData\Local\Programs\Python\Python310\lib\site-packages\django\db\models\fields\related_lookups.py", line 156, in get_prep_lookup
    self.rhs = target_field.get_prep_value(self.rhs)
  File "C:\Users\ljh\AppData\Local\Programs\Python\Python310\lib\site-packages\django\db\models\fields\__init__.py", line 2119, in get_prep_value
    raise e.__class__(
TypeError: Field 'id' expected a number but got <django.contrib.auth.models.AnonymousUser object at 0x000001D227674F40>.
WARNING 2025-03-27 12:37:32,333 base view's DogDetailView raised exception during schema generation; use `getattr(self, 'swagger_fake_view', False)` to detect and short-circuit this
Traceback (most recent call last):
  File "C:\Users\ljh\AppData\Local\Programs\Python\Python310\lib\site-packages\django\db\models\fields\__init__.py", line 2117, in get_prep_value
    return int(value)
  File "C:\Users\ljh\AppData\Local\Programs\Python\Python310\lib\site-packages\django\contrib\auth\models.py", line 437, in __int__
    raise TypeError(
TypeError: Cannot cast AnonymousUser to int. Are you trying to use it in place of User?

The above exception was the direct cause of the following exception:

Traceback (most recent call last):
  File "C:\Users\ljh\AppData\Local\Programs\Python\Python310\lib\site-packages\drf_yasg\inspectors\base.py", line 42, in call_view_method
    return view_method()
  File "F:\study\blog\with-react-native-web\server\end\dogs\views.py", line 60, in get_queryset
    return Dog.objects.filter(owner=self.request.user)
  File "C:\Users\ljh\AppData\Local\Programs\Python\Python310\lib\site-packages\django\db\models\manager.py", line 87, in manager_method
    return getattr(self.get_queryset(), name)(*args, **kwargs)
  File "C:\Users\ljh\AppData\Local\Programs\Python\Python310\lib\site-packages\django\db\models\query.py", line 1476, in filter
    return self._filter_or_exclude(False, args, kwargs)
  File "C:\Users\ljh\AppData\Local\Programs\Python\Python310\lib\site-packages\django\db\models\query.py", line 1494, in _filter_or_exclude
    clone._filter_or_exclude_inplace(negate, args, kwargs)
  File "C:\Users\ljh\AppData\Local\Programs\Python\Python310\lib\site-packages\django\db\models\query.py", line 1501, in _filter_or_exclude_inplace
    self._query.add_q(Q(*args, **kwargs))
  File "C:\Users\ljh\AppData\Local\Programs\Python\Python310\lib\site-packages\django\db\models\sql\query.py", line 1613, in add_q
    clause, _ = self._add_q(q_object, self.used_aliases)
  File "C:\Users\ljh\AppData\Local\Programs\Python\Python310\lib\site-packages\django\db\models\sql\query.py", line 1645, in _add_q
    child_clause, needed_inner = self.build_filter(
  File "C:\Users\ljh\AppData\Local\Programs\Python\Python310\lib\site-packages\django\db\models\sql\query.py", line 1559, in build_filter
    condition = self.build_lookup(lookups, col, value)
  File "C:\Users\ljh\AppData\Local\Programs\Python\Python310\lib\site-packages\django\db\models\sql\query.py", line 1389, in build_lookup
    lookup = lookup_class(lhs, rhs)
  File "C:\Users\ljh\AppData\Local\Programs\Python\Python310\lib\site-packages\django\db\models\lookups.py", line 30, in __init__
    self.rhs = self.get_prep_lookup()
  File "C:\Users\ljh\AppData\Local\Programs\Python\Python310\lib\site-packages\django\db\models\fields\related_lookups.py", line 156, in get_prep_lookup
    self.rhs = target_field.get_prep_value(self.rhs)
  File "C:\Users\ljh\AppData\Local\Programs\Python\Python310\lib\site-packages\django\db\models\fields\__init__.py", line 2119, in get_prep_value
    raise e.__class__(
TypeError: Field 'id' expected a number but got <django.contrib.auth.models.AnonymousUser object at 0x000001D227674F40>.
WARNING 2025-03-27 12:37:32,336 base view's DogDetailView raised exception during schema generation; use `getattr(self, 'swagger_fake_view', False)` to detect and short-circuit this
Traceback (most recent call last):
  File "C:\Users\ljh\AppData\Local\Programs\Python\Python310\lib\site-packages\django\db\models\fields\__init__.py", line 2117, in get_prep_value
    return int(value)
  File "C:\Users\ljh\AppData\Local\Programs\Python\Python310\lib\site-packages\django\contrib\auth\models.py", line 437, in __int__
    raise TypeError(
TypeError: Cannot cast AnonymousUser to int. Are you trying to use it in place of User?

The above exception was the direct cause of the following exception:

Traceback (most recent call last):
  File "C:\Users\ljh\AppData\Local\Programs\Python\Python310\lib\site-packages\drf_yasg\inspectors\base.py", line 42, in call_view_method
    return view_method()
  File "F:\study\blog\with-react-native-web\server\end\dogs\views.py", line 60, in get_queryset
    return Dog.objects.filter(owner=self.request.user)
  File "C:\Users\ljh\AppData\Local\Programs\Python\Python310\lib\site-packages\django\db\models\manager.py", line 87, in manager_method
    return getattr(self.get_queryset(), name)(*args, **kwargs)
  File "C:\Users\ljh\AppData\Local\Programs\Python\Python310\lib\site-packages\django\db\models\query.py", line 1476, in filter
    return self._filter_or_exclude(False, args, kwargs)
  File "C:\Users\ljh\AppData\Local\Programs\Python\Python310\lib\site-packages\django\db\models\query.py", line 1494, in _filter_or_exclude
    clone._filter_or_exclude_inplace(negate, args, kwargs)
  File "C:\Users\ljh\AppData\Local\Programs\Python\Python310\lib\site-packages\django\db\models\query.py", line 1501, in _filter_or_exclude_inplace
    self._query.add_q(Q(*args, **kwargs))
  File "C:\Users\ljh\AppData\Local\Programs\Python\Python310\lib\site-packages\django\db\models\sql\query.py", line 1613, in add_q
    clause, _ = self._add_q(q_object, self.used_aliases)
  File "C:\Users\ljh\AppData\Local\Programs\Python\Python310\lib\site-packages\django\db\models\sql\query.py", line 1645, in _add_q
    child_clause, needed_inner = self.build_filter(
  File "C:\Users\ljh\AppData\Local\Programs\Python\Python310\lib\site-packages\django\db\models\sql\query.py", line 1559, in build_filter
    condition = self.build_lookup(lookups, col, value)
  File "C:\Users\ljh\AppData\Local\Programs\Python\Python310\lib\site-packages\django\db\models\sql\query.py", line 1389, in build_lookup
    lookup = lookup_class(lhs, rhs)
  File "C:\Users\ljh\AppData\Local\Programs\Python\Python310\lib\site-packages\django\db\models\lookups.py", line 30, in __init__
    self.rhs = self.get_prep_lookup()
  File "C:\Users\ljh\AppData\Local\Programs\Python\Python310\lib\site-packages\django\db\models\fields\related_lookups.py", line 156, in get_prep_lookup
    self.rhs = target_field.get_prep_value(self.rhs)
  File "C:\Users\ljh\AppData\Local\Programs\Python\Python310\lib\site-packages\django\db\models\fields\__init__.py", line 2119, in get_prep_value
    raise e.__class__(
TypeError: Field 'id' expected a number but got <django.contrib.auth.models.AnonymousUser object at 0x000001D227674F40>.
WARNING 2025-03-27 12:37:49,911 base view's DogDetailView raised exception during schema generation; use `getattr(self, 'swagger_fake_view', False)` to detect and short-circuit this
Traceback (most recent call last):
  File "C:\Users\ljh\AppData\Local\Programs\Python\Python310\lib\site-packages\django\db\models\fields\__init__.py", line 2117, in get_prep_value
    return int(value)
  File "C:\Users\ljh\AppData\Local\Programs\Python\Python310\lib\site-packages\django\contrib\auth\models.py", line 437, in __int__
    raise TypeError(
TypeError: Cannot cast AnonymousUser to int. Are you trying to use it in place of User?

The above exception was the direct cause of the following exception:

Traceback (most recent call last):
  File "C:\Users\ljh\AppData\Local\Programs\Python\Python310\lib\site-packages\drf_yasg\inspectors\base.py", line 42, in call_view_method
    return view_method()
  File "F:\study\blog\with-react-native-web\server\end\dogs\views.py", line 60, in get_queryset
    return Dog.objects.filter(owner=self.request.user)
  File "C:\Users\ljh\AppData\Local\Programs\Python\Python310\lib\site-packages\django\db\models\manager.py", line 87, in manager_method
    return getattr(self.get_queryset(), name)(*args, **kwargs)
  File "C:\Users\ljh\AppData\Local\Programs\Python\Python310\lib\site-packages\django\db\models\query.py", line 1476, in filter
    return self._filter_or_exclude(False, args, kwargs)
  File "C:\Users\ljh\AppData\Local\Programs\Python\Python310\lib\site-packages\django\db\models\query.py", line 1494, in _filter_or_exclude
    clone._filter_or_exclude_inplace(negate, args, kwargs)
  File "C:\Users\ljh\AppData\Local\Programs\Python\Python310\lib\site-packages\django\db\models\query.py", line 1501, in _filter_or_exclude_inplace
    self._query.add_q(Q(*args, **kwargs))
  File "C:\Users\ljh\AppData\Local\Programs\Python\Python310\lib\site-packages\django\db\models\sql\query.py", line 1613, in add_q
    clause, _ = self._add_q(q_object, self.used_aliases)
  File "C:\Users\ljh\AppData\Local\Programs\Python\Python310\lib\site-packages\django\db\models\sql\query.py", line 1645, in _add_q
    child_clause, needed_inner = self.build_filter(
  File "C:\Users\ljh\AppData\Local\Programs\Python\Python310\lib\site-packages\django\db\models\sql\query.py", line 1559, in build_filter
    condition = self.build_lookup(lookups, col, value)
  File "C:\Users\ljh\AppData\Local\Programs\Python\Python310\lib\site-packages\django\db\models\sql\query.py", line 1389, in build_lookup
    lookup = lookup_class(lhs, rhs)
  File "C:\Users\ljh\AppData\Local\Programs\Python\Python310\lib\site-packages\django\db\models\lookups.py", line 30, in __init__
    self.rhs = self.get_prep_lookup()
  File "C:\Users\ljh\AppData\Local\Programs\Python\Python310\lib\site-packages\django\db\models\fields\related_lookups.py", line 156, in get_prep_lookup
    self.rhs = target_field.get_prep_value(self.rhs)
  File "C:\Users\ljh\AppData\Local\Programs\Python\Python310\lib\site-packages\django\db\models\fields\__init__.py", line 2119, in get_prep_value
    raise e.__class__(
TypeError: Field 'id' expected a number but got <django.contrib.auth.models.AnonymousUser object at 0x000001D227106CE0>.
WARNING 2025-03-27 12:37:49,914 base view's DogDetailView raised exception during schema generation; use `getattr(self, 'swagger_fake_view', False)` to detect and short-circuit this
Traceback (most recent call last):
  File "C:\Users\ljh\AppData\Local\Programs\Python\Python310\lib\site-packages\django\db\models\fields\__init__.py", line 2117, in get_prep_value
    return int(value)
  File "C:\Users\ljh\AppData\Local\Programs\Python\Python310\lib\site-packages\django\contrib\auth\models.py", line 437, in __int__
    raise TypeError(
TypeError: Cannot cast AnonymousUser to int. Are you trying to use it in place of User?

The above exception was the direct cause of the following exception:

Traceback (most recent call last):
  File "C:\Users\ljh\AppData\Local\Programs\Python\Python310\lib\site-packages\drf_yasg\inspectors\base.py", line 42, in call_view_method
    return view_method()
  File "F:\study\blog\with-react-native-web\server\end\dogs\views.py", line 60, in get_queryset
    return Dog.objects.filter(owner=self.request.user)
  File "C:\Users\ljh\AppData\Local\Programs\Python\Python310\lib\site-packages\django\db\models\manager.py", line 87, in manager_method
    return getattr(self.get_queryset(), name)(*args, **kwargs)
  File "C:\Users\ljh\AppData\Local\Programs\Python\Python310\lib\site-packages\django\db\models\query.py", line 1476, in filter
    return self._filter_or_exclude(False, args, kwargs)
  File "C:\Users\ljh\AppData\Local\Programs\Python\Python310\lib\site-packages\django\db\models\query.py", line 1494, in _filter_or_exclude
    clone._filter_or_exclude_inplace(negate, args, kwargs)
  File "C:\Users\ljh\AppData\Local\Programs\Python\Python310\lib\site-packages\django\db\models\query.py", line 1501, in _filter_or_exclude_inplace
    self._query.add_q(Q(*args, **kwargs))
  File "C:\Users\ljh\AppData\Local\Programs\Python\Python310\lib\site-packages\django\db\models\sql\query.py", line 1613, in add_q
    clause, _ = self._add_q(q_object, self.used_aliases)
  File "C:\Users\ljh\AppData\Local\Programs\Python\Python310\lib\site-packages\django\db\models\sql\query.py", line 1645, in _add_q
    child_clause, needed_inner = self.build_filter(
  File "C:\Users\ljh\AppData\Local\Programs\Python\Python310\lib\site-packages\django\db\models\sql\query.py", line 1559, in build_filter
    condition = self.build_lookup(lookups, col, value)
  File "C:\Users\ljh\AppData\Local\Programs\Python\Python310\lib\site-packages\django\db\models\sql\query.py", line 1389, in build_lookup
    lookup = lookup_class(lhs, rhs)
  File "C:\Users\ljh\AppData\Local\Programs\Python\Python310\lib\site-packages\django\db\models\lookups.py", line 30, in __init__
    self.rhs = self.get_prep_lookup()
  File "C:\Users\ljh\AppData\Local\Programs\Python\Python310\lib\site-packages\django\db\models\fields\related_lookups.py", line 156, in get_prep_lookup
    self.rhs = target_field.get_prep_value(self.rhs)
  File "C:\Users\ljh\AppData\Local\Programs\Python\Python310\lib\site-packages\django\db\models\fields\__init__.py", line 2119, in get_prep_value
    raise e.__class__(
TypeError: Field 'id' expected a number but got <django.contrib.auth.models.AnonymousUser object at 0x000001D227106CE0>.
WARNING 2025-03-27 12:37:49,917 base view's DogDetailView raised exception during schema generation; use `getattr(self, 'swagger_fake_view', False)` to detect and short-circuit this
Traceback (most recent call last):
  File "C:\Users\ljh\AppData\Local\Programs\Python\Python310\lib\site-packages\django\db\models\fields\__init__.py", line 2117, in get_prep_value
    return int(value)
  File "C:\Users\ljh\AppData\Local\Programs\Python\Python310\lib\site-packages\django\contrib\auth\models.py", line 437, in __int__
    raise TypeError(
TypeError: Cannot cast AnonymousUser to int. Are you trying to use it in place of User?

The above exception was the direct cause of the following exception:

Traceback (most recent call last):
  File "C:\Users\ljh\AppData\Local\Programs\Python\Python310\lib\site-packages\drf_yasg\inspectors\base.py", line 42, in call_view_method
    return view_method()
  File "F:\study\blog\with-react-native-web\server\end\dogs\views.py", line 60, in get_queryset
    return Dog.objects.filter(owner=self.request.user)
  File "C:\Users\ljh\AppData\Local\Programs\Python\Python310\lib\site-packages\django\db\models\manager.py", line 87, in manager_method
    return getattr(self.get_queryset(), name)(*args, **kwargs)
  File "C:\Users\ljh\AppData\Local\Programs\Python\Python310\lib\site-packages\django\db\models\query.py", line 1476, in filter
    return self._filter_or_exclude(False, args, kwargs)
  File "C:\Users\ljh\AppData\Local\Programs\Python\Python310\lib\site-packages\django\db\models\query.py", line 1494, in _filter_or_exclude
    clone._filter_or_exclude_inplace(negate, args, kwargs)
  File "C:\Users\ljh\AppData\Local\Programs\Python\Python310\lib\site-packages\django\db\models\query.py", line 1501, in _filter_or_exclude_inplace
    self._query.add_q(Q(*args, **kwargs))
  File "C:\Users\ljh\AppData\Local\Programs\Python\Python310\lib\site-packages\django\db\models\sql\query.py", line 1613, in add_q
    clause, _ = self._add_q(q_object, self.used_aliases)
  File "C:\Users\ljh\AppData\Local\Programs\Python\Python310\lib\site-packages\django\db\models\sql\query.py", line 1645, in _add_q
    child_clause, needed_inner = self.build_filter(
  File "C:\Users\ljh\AppData\Local\Programs\Python\Python310\lib\site-packages\django\db\models\sql\query.py", line 1559, in build_filter
    condition = self.build_lookup(lookups, col, value)
  File "C:\Users\ljh\AppData\Local\Programs\Python\Python310\lib\site-packages\django\db\models\sql\query.py", line 1389, in build_lookup
    lookup = lookup_class(lhs, rhs)
  File "C:\Users\ljh\AppData\Local\Programs\Python\Python310\lib\site-packages\django\db\models\lookups.py", line 30, in __init__
    self.rhs = self.get_prep_lookup()
  File "C:\Users\ljh\AppData\Local\Programs\Python\Python310\lib\site-packages\django\db\models\fields\related_lookups.py", line 156, in get_prep_lookup
    self.rhs = target_field.get_prep_value(self.rhs)
  File "C:\Users\ljh\AppData\Local\Programs\Python\Python310\lib\site-packages\django\db\models\fields\__init__.py", line 2119, in get_prep_value
    raise e.__class__(
TypeError: Field 'id' expected a number but got <django.contrib.auth.models.AnonymousUser object at 0x000001D227106CE0>.
WARNING 2025-03-27 12:37:49,920 base view's DogDetailView raised exception during schema generation; use `getattr(self, 'swagger_fake_view', False)` to detect and short-circuit this
Traceback (most recent call last):
  File "C:\Users\ljh\AppData\Local\Programs\Python\Python310\lib\site-packages\django\db\models\fields\__init__.py", line 2117, in get_prep_value
    return int(value)
  File "C:\Users\ljh\AppData\Local\Programs\Python\Python310\lib\site-packages\django\contrib\auth\models.py", line 437, in __int__
    raise TypeError(
TypeError: Cannot cast AnonymousUser to int. Are you trying to use it in place of User?

The above exception was the direct cause of the following exception:

Traceback (most recent call last):
  File "C:\Users\ljh\AppData\Local\Programs\Python\Python310\lib\site-packages\drf_yasg\inspectors\base.py", line 42, in call_view_method
    return view_method()
  File "F:\study\blog\with-react-native-web\server\end\dogs\views.py", line 60, in get_queryset
    return Dog.objects.filter(owner=self.request.user)
  File "C:\Users\ljh\AppData\Local\Programs\Python\Python310\lib\site-packages\django\db\models\manager.py", line 87, in manager_method
    return getattr(self.get_queryset(), name)(*args, **kwargs)
  File "C:\Users\ljh\AppData\Local\Programs\Python\Python310\lib\site-packages\django\db\models\query.py", line 1476, in filter
    return self._filter_or_exclude(False, args, kwargs)
  File "C:\Users\ljh\AppData\Local\Programs\Python\Python310\lib\site-packages\django\db\models\query.py", line 1494, in _filter_or_exclude
    clone._filter_or_exclude_inplace(negate, args, kwargs)
  File "C:\Users\ljh\AppData\Local\Programs\Python\Python310\lib\site-packages\django\db\models\query.py", line 1501, in _filter_or_exclude_inplace
    self._query.add_q(Q(*args, **kwargs))
  File "C:\Users\ljh\AppData\Local\Programs\Python\Python310\lib\site-packages\django\db\models\sql\query.py", line 1613, in add_q
    clause, _ = self._add_q(q_object, self.used_aliases)
  File "C:\Users\ljh\AppData\Local\Programs\Python\Python310\lib\site-packages\django\db\models\sql\query.py", line 1645, in _add_q
    child_clause, needed_inner = self.build_filter(
  File "C:\Users\ljh\AppData\Local\Programs\Python\Python310\lib\site-packages\django\db\models\sql\query.py", line 1559, in build_filter
    condition = self.build_lookup(lookups, col, value)
  File "C:\Users\ljh\AppData\Local\Programs\Python\Python310\lib\site-packages\django\db\models\sql\query.py", line 1389, in build_lookup
    lookup = lookup_class(lhs, rhs)
  File "C:\Users\ljh\AppData\Local\Programs\Python\Python310\lib\site-packages\django\db\models\lookups.py", line 30, in __init__
    self.rhs = self.get_prep_lookup()
  File "C:\Users\ljh\AppData\Local\Programs\Python\Python310\lib\site-packages\django\db\models\fields\related_lookups.py", line 156, in get_prep_lookup
    self.rhs = target_field.get_prep_value(self.rhs)
  File "C:\Users\ljh\AppData\Local\Programs\Python\Python310\lib\site-packages\django\db\models\fields\__init__.py", line 2119, in get_prep_value
    raise e.__class__(
TypeError: Field 'id' expected a number but got <django.contrib.auth.models.AnonymousUser object at 0x000001D227106CE0>.
INFO 2025-03-27 12:44:38,159 breed_classifier �ɹ�������12�ֹ���Ʒ����
INFO 2025-03-27 12:44:38,161 breed_classifier ʹ���豸: cpu
INFO 2025-03-27 12:44:38,162 breed_classifier ����ģ��: F:\study\blog\with-react-native-web\server\end\models\resnet18_dog_classifier.pth
INFO 2025-03-27 12:44:38,402 breed_classifier ���ص�Ȩ������: <class 'collections.OrderedDict'>
INFO 2025-03-27 12:44:38,402 breed_classifier ��⵽state_dict�еļ���'resnet.'ǰ׺�������Ƴ�ǰ׺...
INFO 2025-03-27 12:44:38,402 breed_classifier �Ѵ���state_dict���Ƴ���'resnet.'ǰ׺��������124����
INFO 2025-03-27 12:44:38,403 breed_classifier ��⵽Sequential fc�����������: 12
INFO 2025-03-27 12:44:38,403 breed_classifier ģ�͵���������: 12�����������: 12
INFO 2025-03-27 12:44:38,406 breed_classifier �Ѵ���Sequential fc�㣬���ά��: 12
INFO 2025-03-27 12:44:38,416 breed_classifier �ɹ�ͨ��load_state_dict����ģ��Ȩ��
INFO 2025-03-27 12:44:38,417 breed_classifier ��ʼԤ��ͼ��: C:\Users\ljh\AppData\Local\Temp\tmpxlzui9g7.jpg
INFO 2025-03-27 12:44:38,499 breed_classifier �ɹ���ͼ�񣬳ߴ�: (3072, 2304)
INFO 2025-03-27 12:44:38,605 breed_classifier ģ��Ԥ��ɹ���Ʒ��: ����, ���Ŷ�: 0.7983
INFO 2025-03-27 12:44:49,933 views �û� 123456 ��ȡ�˸�����Ϣ
INFO 2025-03-27 16:19:39,701 views �û� 123456 ��ȡ�˸�����Ϣ
INFO 2025-03-27 16:21:55,063 views �û� 123456 ��ȡ�˸�����Ϣ
INFO 2025-03-27 16:23:57,531 views �û� 123456 ��ȡ�˸�����Ϣ
INFO 2025-03-27 16:25:30,511 views �û� 123456 ��ȡ�˸�����Ϣ
INFO 2025-03-27 16:25:41,791 views �û� 123456 ��ȡ�˸�����Ϣ
INFO 2025-03-27 16:26:25,795 views �û� 123456 ��ȡ�˸�����Ϣ
INFO 2025-03-27 16:27:32,833 views �û� 123456 ��ȡ�˸�����Ϣ
INFO 2025-03-27 16:28:09,045 views �û� 123456 ��ȡ�˸�����Ϣ
INFO 2025-03-27 16:38:14,277 views �û� 123456 ��ȡ�˸�����Ϣ
INFO 2025-03-27 22:40:47,996 breed_classifier �ɹ�������12�ֹ���Ʒ����
INFO 2025-03-27 22:40:47,999 breed_classifier ʹ���豸: cpu
INFO 2025-03-27 22:40:48,000 breed_classifier ����ģ��: F:\study\blog\with-react-native-web\server\end\models\resnet18_dog_classifier.pth
INFO 2025-03-27 22:40:48,290 breed_classifier ���ص�Ȩ������: <class 'collections.OrderedDict'>
INFO 2025-03-27 22:40:48,292 breed_classifier ��⵽state_dict�еļ���'resnet.'ǰ׺�������Ƴ�ǰ׺...
INFO 2025-03-27 22:40:48,292 breed_classifier �Ѵ���state_dict���Ƴ���'resnet.'ǰ׺��������124����
INFO 2025-03-27 22:40:48,292 breed_classifier ��⵽Sequential fc�����������: 12
INFO 2025-03-27 22:40:48,292 breed_classifier ģ�͵���������: 12�����������: 12
INFO 2025-03-27 22:40:48,294 breed_classifier �Ѵ���Sequential fc�㣬���ά��: 12
INFO 2025-03-27 22:40:48,304 breed_classifier �ɹ�ͨ��load_state_dict����ģ��Ȩ��
INFO 2025-03-27 22:40:48,304 breed_classifier ��ʼԤ��ͼ��: C:\Users\ljh\AppData\Local\Temp\tmp9udwibl0.jpg
INFO 2025-03-27 22:40:48,342 breed_classifier �ɹ���ͼ�񣬳ߴ�: (1429, 1072)
INFO 2025-03-27 22:40:48,424 breed_classifier ģ��Ԥ��ɹ���Ʒ��: ��ʿ��, ���Ŷ�: 0.3894
INFO 2025-03-27 22:41:27,678 breed_classifier �ɹ�������12�ֹ���Ʒ����
INFO 2025-03-27 22:41:27,679 breed_classifier ʹ���豸: cpu
INFO 2025-03-27 22:41:27,679 breed_classifier ����ģ��: F:\study\blog\with-react-native-web\server\end\models\resnet18_dog_classifier.pth
INFO 2025-03-27 22:41:27,810 breed_classifier ���ص�Ȩ������: <class 'collections.OrderedDict'>
INFO 2025-03-27 22:41:27,810 breed_classifier ��⵽state_dict�еļ���'resnet.'ǰ׺�������Ƴ�ǰ׺...
INFO 2025-03-27 22:41:27,810 breed_classifier �Ѵ���state_dict���Ƴ���'resnet.'ǰ׺��������124����
INFO 2025-03-27 22:41:27,810 breed_classifier ��⵽Sequential fc�����������: 12
INFO 2025-03-27 22:41:27,810 breed_classifier ģ�͵���������: 12�����������: 12
INFO 2025-03-27 22:41:27,812 breed_classifier �Ѵ���Sequential fc�㣬���ά��: 12
INFO 2025-03-27 22:41:27,818 breed_classifier �ɹ�ͨ��load_state_dict����ģ��Ȩ��
INFO 2025-03-27 22:41:27,819 breed_classifier ��ʼԤ��ͼ��: C:\Users\ljh\AppData\Local\Temp\tmprzepyoks.jpg
INFO 2025-03-27 22:41:27,878 breed_classifier �ɹ���ͼ�񣬳ߴ�: (3072, 2304)
INFO 2025-03-27 22:41:27,921 breed_classifier ģ��Ԥ��ɹ���Ʒ��: ��ʿ��, ���Ŷ�: 0.1699
INFO 2025-03-27 22:41:58,043 breed_classifier �ɹ�������12�ֹ���Ʒ����
INFO 2025-03-27 22:41:58,043 breed_classifier ʹ���豸: cpu
INFO 2025-03-27 22:41:58,043 breed_classifier ����ģ��: F:\study\blog\with-react-native-web\server\end\models\resnet18_dog_classifier.pth
INFO 2025-03-27 22:41:58,161 breed_classifier ���ص�Ȩ������: <class 'collections.OrderedDict'>
INFO 2025-03-27 22:41:58,163 breed_classifier ��⵽state_dict�еļ���'resnet.'ǰ׺�������Ƴ�ǰ׺...
INFO 2025-03-27 22:41:58,163 breed_classifier �Ѵ���state_dict���Ƴ���'resnet.'ǰ׺��������124����
INFO 2025-03-27 22:41:58,163 breed_classifier ��⵽Sequential fc�����������: 12
INFO 2025-03-27 22:41:58,163 breed_classifier ģ�͵���������: 12�����������: 12
INFO 2025-03-27 22:41:58,164 breed_classifier �Ѵ���Sequential fc�㣬���ά��: 12
INFO 2025-03-27 22:41:58,171 breed_classifier �ɹ�ͨ��load_state_dict����ģ��Ȩ��
INFO 2025-03-27 22:41:58,172 breed_classifier ��ʼԤ��ͼ��: C:\Users\ljh\AppData\Local\Temp\tmprm6fdp9h.jpg
INFO 2025-03-27 22:41:58,196 breed_classifier �ɹ���ͼ�񣬳ߴ�: (2038, 1528)
INFO 2025-03-27 22:41:58,230 breed_classifier ģ��Ԥ��ɹ���Ʒ��: ѩ����, ���Ŷ�: 0.8756
INFO 2025-03-27 22:42:27,524 breed_classifier �ɹ�������12�ֹ���Ʒ����
INFO 2025-03-27 22:42:27,524 breed_classifier ʹ���豸: cpu
INFO 2025-03-27 22:42:27,524 breed_classifier ����ģ��: F:\study\blog\with-react-native-web\server\end\models\resnet18_dog_classifier.pth
INFO 2025-03-27 22:42:27,641 breed_classifier ���ص�Ȩ������: <class 'collections.OrderedDict'>
INFO 2025-03-27 22:42:27,641 breed_classifier ��⵽state_dict�еļ���'resnet.'ǰ׺�������Ƴ�ǰ׺...
INFO 2025-03-27 22:42:27,641 breed_classifier �Ѵ���state_dict���Ƴ���'resnet.'ǰ׺��������124����
INFO 2025-03-27 22:42:27,642 breed_classifier ��⵽Sequential fc�����������: 12
INFO 2025-03-27 22:42:27,642 breed_classifier ģ�͵���������: 12�����������: 12
INFO 2025-03-27 22:42:27,644 breed_classifier �Ѵ���Sequential fc�㣬���ά��: 12
INFO 2025-03-27 22:42:27,650 breed_classifier �ɹ�ͨ��load_state_dict����ģ��Ȩ��
INFO 2025-03-27 22:42:27,652 breed_classifier ��ʼԤ��ͼ��: C:\Users\ljh\AppData\Local\Temp\tmprmncdzeb.jpg
INFO 2025-03-27 22:42:27,667 breed_classifier �ɹ���ͼ�񣬳ߴ�: (1541, 1156)
INFO 2025-03-27 22:42:27,694 breed_classifier ģ��Ԥ��ɹ���Ʒ��: ����, ���Ŷ�: 0.9322
INFO 2025-03-28 16:12:34,552 breed_classifier �ɹ�������12�ֹ���Ʒ����
INFO 2025-03-28 16:12:34,553 breed_classifier ʹ���豸: cpu
INFO 2025-03-28 16:12:34,553 breed_classifier ����ģ��: F:\study\blog\with-react-native-web\server\end\models\resnet18_dog_classifier.pth
INFO 2025-03-28 16:12:34,787 breed_classifier ���ص�Ȩ������: <class 'collections.OrderedDict'>
INFO 2025-03-28 16:12:34,787 breed_classifier ��⵽state_dict�еļ���'resnet.'ǰ׺�������Ƴ�ǰ׺...
INFO 2025-03-28 16:12:34,789 breed_classifier �Ѵ���state_dict���Ƴ���'resnet.'ǰ׺��������124����
INFO 2025-03-28 16:12:34,789 breed_classifier ��⵽Sequential fc�����������: 12
INFO 2025-03-28 16:12:34,789 breed_classifier ģ�͵���������: 12�����������: 12
INFO 2025-03-28 16:12:34,792 breed_classifier �Ѵ���Sequential fc�㣬���ά��: 12
INFO 2025-03-28 16:12:34,800 breed_classifier �ɹ�ͨ��load_state_dict����ģ��Ȩ��
INFO 2025-03-28 16:12:34,801 breed_classifier ��ʼԤ��ͼ��: C:\Users\ljh\AppData\Local\Temp\tmpt0zx3phs.jpg
INFO 2025-03-28 16:12:34,867 breed_classifier �ɹ���ͼ�񣬳ߴ�: (2986, 2239)
INFO 2025-03-28 16:12:34,945 breed_classifier ģ��Ԥ��ɹ���Ʒ��: ��ĦҮ, ���Ŷ�: 0.5083
INFO 2025-03-28 16:12:51,199 views �û� 123456 ��ȡ�˸�����Ϣ
INFO 2025-03-29 10:44:13,607 views �û� 111 ��ȡ�˸�����Ϣ
WARNING 2025-03-29 18:28:07,937 base view's DogDetailView raised exception during schema generation; use `getattr(self, 'swagger_fake_view', False)` to detect and short-circuit this
Traceback (most recent call last):
  File "C:\Users\ljh\AppData\Local\Programs\Python\Python310\lib\site-packages\django\db\models\fields\__init__.py", line 2117, in get_prep_value
    return int(value)
  File "C:\Users\ljh\AppData\Local\Programs\Python\Python310\lib\site-packages\django\contrib\auth\models.py", line 437, in __int__
    raise TypeError(
TypeError: Cannot cast AnonymousUser to int. Are you trying to use it in place of User?

The above exception was the direct cause of the following exception:

Traceback (most recent call last):
  File "C:\Users\ljh\AppData\Local\Programs\Python\Python310\lib\site-packages\drf_yasg\inspectors\base.py", line 42, in call_view_method
    return view_method()
  File "F:\study\blog\with-react-native-web\server\end\dogs\views.py", line 60, in get_queryset
    return Dog.objects.filter(owner=self.request.user)
  File "C:\Users\ljh\AppData\Local\Programs\Python\Python310\lib\site-packages\django\db\models\manager.py", line 87, in manager_method
    return getattr(self.get_queryset(), name)(*args, **kwargs)
  File "C:\Users\ljh\AppData\Local\Programs\Python\Python310\lib\site-packages\django\db\models\query.py", line 1476, in filter
    return self._filter_or_exclude(False, args, kwargs)
  File "C:\Users\ljh\AppData\Local\Programs\Python\Python310\lib\site-packages\django\db\models\query.py", line 1494, in _filter_or_exclude
    clone._filter_or_exclude_inplace(negate, args, kwargs)
  File "C:\Users\ljh\AppData\Local\Programs\Python\Python310\lib\site-packages\django\db\models\query.py", line 1501, in _filter_or_exclude_inplace
    self._query.add_q(Q(*args, **kwargs))
  File "C:\Users\ljh\AppData\Local\Programs\Python\Python310\lib\site-packages\django\db\models\sql\query.py", line 1613, in add_q
    clause, _ = self._add_q(q_object, self.used_aliases)
  File "C:\Users\ljh\AppData\Local\Programs\Python\Python310\lib\site-packages\django\db\models\sql\query.py", line 1645, in _add_q
    child_clause, needed_inner = self.build_filter(
  File "C:\Users\ljh\AppData\Local\Programs\Python\Python310\lib\site-packages\django\db\models\sql\query.py", line 1559, in build_filter
    condition = self.build_lookup(lookups, col, value)
  File "C:\Users\ljh\AppData\Local\Programs\Python\Python310\lib\site-packages\django\db\models\sql\query.py", line 1389, in build_lookup
    lookup = lookup_class(lhs, rhs)
  File "C:\Users\ljh\AppData\Local\Programs\Python\Python310\lib\site-packages\django\db\models\lookups.py", line 30, in __init__
    self.rhs = self.get_prep_lookup()
  File "C:\Users\ljh\AppData\Local\Programs\Python\Python310\lib\site-packages\django\db\models\fields\related_lookups.py", line 156, in get_prep_lookup
    self.rhs = target_field.get_prep_value(self.rhs)
  File "C:\Users\ljh\AppData\Local\Programs\Python\Python310\lib\site-packages\django\db\models\fields\__init__.py", line 2119, in get_prep_value
    raise e.__class__(
TypeError: Field 'id' expected a number but got <django.contrib.auth.models.AnonymousUser object at 0x00000227C61C72B0>.
WARNING 2025-03-29 18:28:07,946 base view's DogDetailView raised exception during schema generation; use `getattr(self, 'swagger_fake_view', False)` to detect and short-circuit this
Traceback (most recent call last):
  File "C:\Users\ljh\AppData\Local\Programs\Python\Python310\lib\site-packages\django\db\models\fields\__init__.py", line 2117, in get_prep_value
    return int(value)
  File "C:\Users\ljh\AppData\Local\Programs\Python\Python310\lib\site-packages\django\contrib\auth\models.py", line 437, in __int__
    raise TypeError(
TypeError: Cannot cast AnonymousUser to int. Are you trying to use it in place of User?

The above exception was the direct cause of the following exception:

Traceback (most recent call last):
  File "C:\Users\ljh\AppData\Local\Programs\Python\Python310\lib\site-packages\drf_yasg\inspectors\base.py", line 42, in call_view_method
    return view_method()
  File "F:\study\blog\with-react-native-web\server\end\dogs\views.py", line 60, in get_queryset
    return Dog.objects.filter(owner=self.request.user)
  File "C:\Users\ljh\AppData\Local\Programs\Python\Python310\lib\site-packages\django\db\models\manager.py", line 87, in manager_method
    return getattr(self.get_queryset(), name)(*args, **kwargs)
  File "C:\Users\ljh\AppData\Local\Programs\Python\Python310\lib\site-packages\django\db\models\query.py", line 1476, in filter
    return self._filter_or_exclude(False, args, kwargs)
  File "C:\Users\ljh\AppData\Local\Programs\Python\Python310\lib\site-packages\django\db\models\query.py", line 1494, in _filter_or_exclude
    clone._filter_or_exclude_inplace(negate, args, kwargs)
  File "C:\Users\ljh\AppData\Local\Programs\Python\Python310\lib\site-packages\django\db\models\query.py", line 1501, in _filter_or_exclude_inplace
    self._query.add_q(Q(*args, **kwargs))
  File "C:\Users\ljh\AppData\Local\Programs\Python\Python310\lib\site-packages\django\db\models\sql\query.py", line 1613, in add_q
    clause, _ = self._add_q(q_object, self.used_aliases)
  File "C:\Users\ljh\AppData\Local\Programs\Python\Python310\lib\site-packages\django\db\models\sql\query.py", line 1645, in _add_q
    child_clause, needed_inner = self.build_filter(
  File "C:\Users\ljh\AppData\Local\Programs\Python\Python310\lib\site-packages\django\db\models\sql\query.py", line 1559, in build_filter
    condition = self.build_lookup(lookups, col, value)
  File "C:\Users\ljh\AppData\Local\Programs\Python\Python310\lib\site-packages\django\db\models\sql\query.py", line 1389, in build_lookup
    lookup = lookup_class(lhs, rhs)
  File "C:\Users\ljh\AppData\Local\Programs\Python\Python310\lib\site-packages\django\db\models\lookups.py", line 30, in __init__
    self.rhs = self.get_prep_lookup()
  File "C:\Users\ljh\AppData\Local\Programs\Python\Python310\lib\site-packages\django\db\models\fields\related_lookups.py", line 156, in get_prep_lookup
    self.rhs = target_field.get_prep_value(self.rhs)
  File "C:\Users\ljh\AppData\Local\Programs\Python\Python310\lib\site-packages\django\db\models\fields\__init__.py", line 2119, in get_prep_value
    raise e.__class__(
TypeError: Field 'id' expected a number but got <django.contrib.auth.models.AnonymousUser object at 0x00000227C61C72B0>.
WARNING 2025-03-29 18:28:07,948 base view's DogDetailView raised exception during schema generation; use `getattr(self, 'swagger_fake_view', False)` to detect and short-circuit this
Traceback (most recent call last):
  File "C:\Users\ljh\AppData\Local\Programs\Python\Python310\lib\site-packages\django\db\models\fields\__init__.py", line 2117, in get_prep_value
    return int(value)
  File "C:\Users\ljh\AppData\Local\Programs\Python\Python310\lib\site-packages\django\contrib\auth\models.py", line 437, in __int__
    raise TypeError(
TypeError: Cannot cast AnonymousUser to int. Are you trying to use it in place of User?

The above exception was the direct cause of the following exception:

Traceback (most recent call last):
  File "C:\Users\ljh\AppData\Local\Programs\Python\Python310\lib\site-packages\drf_yasg\inspectors\base.py", line 42, in call_view_method
    return view_method()
  File "F:\study\blog\with-react-native-web\server\end\dogs\views.py", line 60, in get_queryset
    return Dog.objects.filter(owner=self.request.user)
  File "C:\Users\ljh\AppData\Local\Programs\Python\Python310\lib\site-packages\django\db\models\manager.py", line 87, in manager_method
    return getattr(self.get_queryset(), name)(*args, **kwargs)
  File "C:\Users\ljh\AppData\Local\Programs\Python\Python310\lib\site-packages\django\db\models\query.py", line 1476, in filter
    return self._filter_or_exclude(False, args, kwargs)
  File "C:\Users\ljh\AppData\Local\Programs\Python\Python310\lib\site-packages\django\db\models\query.py", line 1494, in _filter_or_exclude
    clone._filter_or_exclude_inplace(negate, args, kwargs)
  File "C:\Users\ljh\AppData\Local\Programs\Python\Python310\lib\site-packages\django\db\models\query.py", line 1501, in _filter_or_exclude_inplace
    self._query.add_q(Q(*args, **kwargs))
  File "C:\Users\ljh\AppData\Local\Programs\Python\Python310\lib\site-packages\django\db\models\sql\query.py", line 1613, in add_q
    clause, _ = self._add_q(q_object, self.used_aliases)
  File "C:\Users\ljh\AppData\Local\Programs\Python\Python310\lib\site-packages\django\db\models\sql\query.py", line 1645, in _add_q
    child_clause, needed_inner = self.build_filter(
  File "C:\Users\ljh\AppData\Local\Programs\Python\Python310\lib\site-packages\django\db\models\sql\query.py", line 1559, in build_filter
    condition = self.build_lookup(lookups, col, value)
  File "C:\Users\ljh\AppData\Local\Programs\Python\Python310\lib\site-packages\django\db\models\sql\query.py", line 1389, in build_lookup
    lookup = lookup_class(lhs, rhs)
  File "C:\Users\ljh\AppData\Local\Programs\Python\Python310\lib\site-packages\django\db\models\lookups.py", line 30, in __init__
    self.rhs = self.get_prep_lookup()
  File "C:\Users\ljh\AppData\Local\Programs\Python\Python310\lib\site-packages\django\db\models\fields\related_lookups.py", line 156, in get_prep_lookup
    self.rhs = target_field.get_prep_value(self.rhs)
  File "C:\Users\ljh\AppData\Local\Programs\Python\Python310\lib\site-packages\django\db\models\fields\__init__.py", line 2119, in get_prep_value
    raise e.__class__(
TypeError: Field 'id' expected a number but got <django.contrib.auth.models.AnonymousUser object at 0x00000227C61C72B0>.
WARNING 2025-03-29 18:28:07,951 base view's DogDetailView raised exception during schema generation; use `getattr(self, 'swagger_fake_view', False)` to detect and short-circuit this
Traceback (most recent call last):
  File "C:\Users\ljh\AppData\Local\Programs\Python\Python310\lib\site-packages\django\db\models\fields\__init__.py", line 2117, in get_prep_value
    return int(value)
  File "C:\Users\ljh\AppData\Local\Programs\Python\Python310\lib\site-packages\django\contrib\auth\models.py", line 437, in __int__
    raise TypeError(
TypeError: Cannot cast AnonymousUser to int. Are you trying to use it in place of User?

The above exception was the direct cause of the following exception:

Traceback (most recent call last):
  File "C:\Users\ljh\AppData\Local\Programs\Python\Python310\lib\site-packages\drf_yasg\inspectors\base.py", line 42, in call_view_method
    return view_method()
  File "F:\study\blog\with-react-native-web\server\end\dogs\views.py", line 60, in get_queryset
    return Dog.objects.filter(owner=self.request.user)
  File "C:\Users\ljh\AppData\Local\Programs\Python\Python310\lib\site-packages\django\db\models\manager.py", line 87, in manager_method
    return getattr(self.get_queryset(), name)(*args, **kwargs)
  File "C:\Users\ljh\AppData\Local\Programs\Python\Python310\lib\site-packages\django\db\models\query.py", line 1476, in filter
    return self._filter_or_exclude(False, args, kwargs)
  File "C:\Users\ljh\AppData\Local\Programs\Python\Python310\lib\site-packages\django\db\models\query.py", line 1494, in _filter_or_exclude
    clone._filter_or_exclude_inplace(negate, args, kwargs)
  File "C:\Users\ljh\AppData\Local\Programs\Python\Python310\lib\site-packages\django\db\models\query.py", line 1501, in _filter_or_exclude_inplace
    self._query.add_q(Q(*args, **kwargs))
  File "C:\Users\ljh\AppData\Local\Programs\Python\Python310\lib\site-packages\django\db\models\sql\query.py", line 1613, in add_q
    clause, _ = self._add_q(q_object, self.used_aliases)
  File "C:\Users\ljh\AppData\Local\Programs\Python\Python310\lib\site-packages\django\db\models\sql\query.py", line 1645, in _add_q
    child_clause, needed_inner = self.build_filter(
  File "C:\Users\ljh\AppData\Local\Programs\Python\Python310\lib\site-packages\django\db\models\sql\query.py", line 1559, in build_filter
    condition = self.build_lookup(lookups, col, value)
  File "C:\Users\ljh\AppData\Local\Programs\Python\Python310\lib\site-packages\django\db\models\sql\query.py", line 1389, in build_lookup
    lookup = lookup_class(lhs, rhs)
  File "C:\Users\ljh\AppData\Local\Programs\Python\Python310\lib\site-packages\django\db\models\lookups.py", line 30, in __init__
    self.rhs = self.get_prep_lookup()
  File "C:\Users\ljh\AppData\Local\Programs\Python\Python310\lib\site-packages\django\db\models\fields\related_lookups.py", line 156, in get_prep_lookup
    self.rhs = target_field.get_prep_value(self.rhs)
  File "C:\Users\ljh\AppData\Local\Programs\Python\Python310\lib\site-packages\django\db\models\fields\__init__.py", line 2119, in get_prep_value
    raise e.__class__(
TypeError: Field 'id' expected a number but got <django.contrib.auth.models.AnonymousUser object at 0x00000227C61C72B0>.
WARNING 2025-03-29 18:37:13,230 base view's DogDetailView raised exception during schema generation; use `getattr(self, 'swagger_fake_view', False)` to detect and short-circuit this
Traceback (most recent call last):
  File "C:\Users\ljh\AppData\Local\Programs\Python\Python310\lib\site-packages\django\db\models\fields\__init__.py", line 2117, in get_prep_value
    return int(value)
  File "C:\Users\ljh\AppData\Local\Programs\Python\Python310\lib\site-packages\django\contrib\auth\models.py", line 437, in __int__
    raise TypeError(
TypeError: Cannot cast AnonymousUser to int. Are you trying to use it in place of User?

The above exception was the direct cause of the following exception:

Traceback (most recent call last):
  File "C:\Users\ljh\AppData\Local\Programs\Python\Python310\lib\site-packages\drf_yasg\inspectors\base.py", line 42, in call_view_method
    return view_method()
  File "F:\study\blog\with-react-native-web\server\end\dogs\views.py", line 60, in get_queryset
    return Dog.objects.filter(owner=self.request.user)
  File "C:\Users\ljh\AppData\Local\Programs\Python\Python310\lib\site-packages\django\db\models\manager.py", line 87, in manager_method
    return getattr(self.get_queryset(), name)(*args, **kwargs)
  File "C:\Users\ljh\AppData\Local\Programs\Python\Python310\lib\site-packages\django\db\models\query.py", line 1476, in filter
    return self._filter_or_exclude(False, args, kwargs)
  File "C:\Users\ljh\AppData\Local\Programs\Python\Python310\lib\site-packages\django\db\models\query.py", line 1494, in _filter_or_exclude
    clone._filter_or_exclude_inplace(negate, args, kwargs)
  File "C:\Users\ljh\AppData\Local\Programs\Python\Python310\lib\site-packages\django\db\models\query.py", line 1501, in _filter_or_exclude_inplace
    self._query.add_q(Q(*args, **kwargs))
  File "C:\Users\ljh\AppData\Local\Programs\Python\Python310\lib\site-packages\django\db\models\sql\query.py", line 1613, in add_q
    clause, _ = self._add_q(q_object, self.used_aliases)
  File "C:\Users\ljh\AppData\Local\Programs\Python\Python310\lib\site-packages\django\db\models\sql\query.py", line 1645, in _add_q
    child_clause, needed_inner = self.build_filter(
  File "C:\Users\ljh\AppData\Local\Programs\Python\Python310\lib\site-packages\django\db\models\sql\query.py", line 1559, in build_filter
    condition = self.build_lookup(lookups, col, value)
  File "C:\Users\ljh\AppData\Local\Programs\Python\Python310\lib\site-packages\django\db\models\sql\query.py", line 1389, in build_lookup
    lookup = lookup_class(lhs, rhs)
  File "C:\Users\ljh\AppData\Local\Programs\Python\Python310\lib\site-packages\django\db\models\lookups.py", line 30, in __init__
    self.rhs = self.get_prep_lookup()
  File "C:\Users\ljh\AppData\Local\Programs\Python\Python310\lib\site-packages\django\db\models\fields\related_lookups.py", line 156, in get_prep_lookup
    self.rhs = target_field.get_prep_value(self.rhs)
  File "C:\Users\ljh\AppData\Local\Programs\Python\Python310\lib\site-packages\django\db\models\fields\__init__.py", line 2119, in get_prep_value
    raise e.__class__(
TypeError: Field 'id' expected a number but got <django.contrib.auth.models.AnonymousUser object at 0x00000227C6C01450>.
WARNING 2025-03-29 18:37:13,234 base view's DogDetailView raised exception during schema generation; use `getattr(self, 'swagger_fake_view', False)` to detect and short-circuit this
Traceback (most recent call last):
  File "C:\Users\ljh\AppData\Local\Programs\Python\Python310\lib\site-packages\django\db\models\fields\__init__.py", line 2117, in get_prep_value
    return int(value)
  File "C:\Users\ljh\AppData\Local\Programs\Python\Python310\lib\site-packages\django\contrib\auth\models.py", line 437, in __int__
    raise TypeError(
TypeError: Cannot cast AnonymousUser to int. Are you trying to use it in place of User?

The above exception was the direct cause of the following exception:

Traceback (most recent call last):
  File "C:\Users\ljh\AppData\Local\Programs\Python\Python310\lib\site-packages\drf_yasg\inspectors\base.py", line 42, in call_view_method
    return view_method()
  File "F:\study\blog\with-react-native-web\server\end\dogs\views.py", line 60, in get_queryset
    return Dog.objects.filter(owner=self.request.user)
  File "C:\Users\ljh\AppData\Local\Programs\Python\Python310\lib\site-packages\django\db\models\manager.py", line 87, in manager_method
    return getattr(self.get_queryset(), name)(*args, **kwargs)
  File "C:\Users\ljh\AppData\Local\Programs\Python\Python310\lib\site-packages\django\db\models\query.py", line 1476, in filter
    return self._filter_or_exclude(False, args, kwargs)
  File "C:\Users\ljh\AppData\Local\Programs\Python\Python310\lib\site-packages\django\db\models\query.py", line 1494, in _filter_or_exclude
    clone._filter_or_exclude_inplace(negate, args, kwargs)
  File "C:\Users\ljh\AppData\Local\Programs\Python\Python310\lib\site-packages\django\db\models\query.py", line 1501, in _filter_or_exclude_inplace
    self._query.add_q(Q(*args, **kwargs))
  File "C:\Users\ljh\AppData\Local\Programs\Python\Python310\lib\site-packages\django\db\models\sql\query.py", line 1613, in add_q
    clause, _ = self._add_q(q_object, self.used_aliases)
  File "C:\Users\ljh\AppData\Local\Programs\Python\Python310\lib\site-packages\django\db\models\sql\query.py", line 1645, in _add_q
    child_clause, needed_inner = self.build_filter(
  File "C:\Users\ljh\AppData\Local\Programs\Python\Python310\lib\site-packages\django\db\models\sql\query.py", line 1559, in build_filter
    condition = self.build_lookup(lookups, col, value)
  File "C:\Users\ljh\AppData\Local\Programs\Python\Python310\lib\site-packages\django\db\models\sql\query.py", line 1389, in build_lookup
    lookup = lookup_class(lhs, rhs)
  File "C:\Users\ljh\AppData\Local\Programs\Python\Python310\lib\site-packages\django\db\models\lookups.py", line 30, in __init__
    self.rhs = self.get_prep_lookup()
  File "C:\Users\ljh\AppData\Local\Programs\Python\Python310\lib\site-packages\django\db\models\fields\related_lookups.py", line 156, in get_prep_lookup
    self.rhs = target_field.get_prep_value(self.rhs)
  File "C:\Users\ljh\AppData\Local\Programs\Python\Python310\lib\site-packages\django\db\models\fields\__init__.py", line 2119, in get_prep_value
    raise e.__class__(
TypeError: Field 'id' expected a number but got <django.contrib.auth.models.AnonymousUser object at 0x00000227C6C01450>.
WARNING 2025-03-29 18:37:13,236 base view's DogDetailView raised exception during schema generation; use `getattr(self, 'swagger_fake_view', False)` to detect and short-circuit this
Traceback (most recent call last):
  File "C:\Users\ljh\AppData\Local\Programs\Python\Python310\lib\site-packages\django\db\models\fields\__init__.py", line 2117, in get_prep_value
    return int(value)
  File "C:\Users\ljh\AppData\Local\Programs\Python\Python310\lib\site-packages\django\contrib\auth\models.py", line 437, in __int__
    raise TypeError(
TypeError: Cannot cast AnonymousUser to int. Are you trying to use it in place of User?

The above exception was the direct cause of the following exception:

Traceback (most recent call last):
  File "C:\Users\ljh\AppData\Local\Programs\Python\Python310\lib\site-packages\drf_yasg\inspectors\base.py", line 42, in call_view_method
    return view_method()
  File "F:\study\blog\with-react-native-web\server\end\dogs\views.py", line 60, in get_queryset
    return Dog.objects.filter(owner=self.request.user)
  File "C:\Users\ljh\AppData\Local\Programs\Python\Python310\lib\site-packages\django\db\models\manager.py", line 87, in manager_method
    return getattr(self.get_queryset(), name)(*args, **kwargs)
  File "C:\Users\ljh\AppData\Local\Programs\Python\Python310\lib\site-packages\django\db\models\query.py", line 1476, in filter
    return self._filter_or_exclude(False, args, kwargs)
  File "C:\Users\ljh\AppData\Local\Programs\Python\Python310\lib\site-packages\django\db\models\query.py", line 1494, in _filter_or_exclude
    clone._filter_or_exclude_inplace(negate, args, kwargs)
  File "C:\Users\ljh\AppData\Local\Programs\Python\Python310\lib\site-packages\django\db\models\query.py", line 1501, in _filter_or_exclude_inplace
    self._query.add_q(Q(*args, **kwargs))
  File "C:\Users\ljh\AppData\Local\Programs\Python\Python310\lib\site-packages\django\db\models\sql\query.py", line 1613, in add_q
    clause, _ = self._add_q(q_object, self.used_aliases)
  File "C:\Users\ljh\AppData\Local\Programs\Python\Python310\lib\site-packages\django\db\models\sql\query.py", line 1645, in _add_q
    child_clause, needed_inner = self.build_filter(
  File "C:\Users\ljh\AppData\Local\Programs\Python\Python310\lib\site-packages\django\db\models\sql\query.py", line 1559, in build_filter
    condition = self.build_lookup(lookups, col, value)
  File "C:\Users\ljh\AppData\Local\Programs\Python\Python310\lib\site-packages\django\db\models\sql\query.py", line 1389, in build_lookup
    lookup = lookup_class(lhs, rhs)
  File "C:\Users\ljh\AppData\Local\Programs\Python\Python310\lib\site-packages\django\db\models\lookups.py", line 30, in __init__
    self.rhs = self.get_prep_lookup()
  File "C:\Users\ljh\AppData\Local\Programs\Python\Python310\lib\site-packages\django\db\models\fields\related_lookups.py", line 156, in get_prep_lookup
    self.rhs = target_field.get_prep_value(self.rhs)
  File "C:\Users\ljh\AppData\Local\Programs\Python\Python310\lib\site-packages\django\db\models\fields\__init__.py", line 2119, in get_prep_value
    raise e.__class__(
TypeError: Field 'id' expected a number but got <django.contrib.auth.models.AnonymousUser object at 0x00000227C6C01450>.
WARNING 2025-03-29 18:37:13,240 base view's DogDetailView raised exception during schema generation; use `getattr(self, 'swagger_fake_view', False)` to detect and short-circuit this
Traceback (most recent call last):
  File "C:\Users\ljh\AppData\Local\Programs\Python\Python310\lib\site-packages\django\db\models\fields\__init__.py", line 2117, in get_prep_value
    return int(value)
  File "C:\Users\ljh\AppData\Local\Programs\Python\Python310\lib\site-packages\django\contrib\auth\models.py", line 437, in __int__
    raise TypeError(
TypeError: Cannot cast AnonymousUser to int. Are you trying to use it in place of User?

The above exception was the direct cause of the following exception:

Traceback (most recent call last):
  File "C:\Users\ljh\AppData\Local\Programs\Python\Python310\lib\site-packages\drf_yasg\inspectors\base.py", line 42, in call_view_method
    return view_method()
  File "F:\study\blog\with-react-native-web\server\end\dogs\views.py", line 60, in get_queryset
    return Dog.objects.filter(owner=self.request.user)
  File "C:\Users\ljh\AppData\Local\Programs\Python\Python310\lib\site-packages\django\db\models\manager.py", line 87, in manager_method
    return getattr(self.get_queryset(), name)(*args, **kwargs)
  File "C:\Users\ljh\AppData\Local\Programs\Python\Python310\lib\site-packages\django\db\models\query.py", line 1476, in filter
    return self._filter_or_exclude(False, args, kwargs)
  File "C:\Users\ljh\AppData\Local\Programs\Python\Python310\lib\site-packages\django\db\models\query.py", line 1494, in _filter_or_exclude
    clone._filter_or_exclude_inplace(negate, args, kwargs)
  File "C:\Users\ljh\AppData\Local\Programs\Python\Python310\lib\site-packages\django\db\models\query.py", line 1501, in _filter_or_exclude_inplace
    self._query.add_q(Q(*args, **kwargs))
  File "C:\Users\ljh\AppData\Local\Programs\Python\Python310\lib\site-packages\django\db\models\sql\query.py", line 1613, in add_q
    clause, _ = self._add_q(q_object, self.used_aliases)
  File "C:\Users\ljh\AppData\Local\Programs\Python\Python310\lib\site-packages\django\db\models\sql\query.py", line 1645, in _add_q
    child_clause, needed_inner = self.build_filter(
  File "C:\Users\ljh\AppData\Local\Programs\Python\Python310\lib\site-packages\django\db\models\sql\query.py", line 1559, in build_filter
    condition = self.build_lookup(lookups, col, value)
  File "C:\Users\ljh\AppData\Local\Programs\Python\Python310\lib\site-packages\django\db\models\sql\query.py", line 1389, in build_lookup
    lookup = lookup_class(lhs, rhs)
  File "C:\Users\ljh\AppData\Local\Programs\Python\Python310\lib\site-packages\django\db\models\lookups.py", line 30, in __init__
    self.rhs = self.get_prep_lookup()
  File "C:\Users\ljh\AppData\Local\Programs\Python\Python310\lib\site-packages\django\db\models\fields\related_lookups.py", line 156, in get_prep_lookup
    self.rhs = target_field.get_prep_value(self.rhs)
  File "C:\Users\ljh\AppData\Local\Programs\Python\Python310\lib\site-packages\django\db\models\fields\__init__.py", line 2119, in get_prep_value
    raise e.__class__(
TypeError: Field 'id' expected a number but got <django.contrib.auth.models.AnonymousUser object at 0x00000227C6C01450>.
ERROR 2025-03-30 00:29:12,201 mqtt_client MQTT����ʧ��: [WinError 10061] ����Ŀ�����������ܾ����޷����ӡ�
ERROR 2025-03-30 00:33:37,848 mqtt_client MQTT����ʧ��: [WinError 10049] �����������У�������ĵ�ַ��Ч��
ERROR 2025-03-30 00:34:57,671 mqtt_client MQTT����ʧ��: [WinError 10061] ����Ŀ�����������ܾ����޷����ӡ�
ERROR 2025-03-30 00:49:17,629 mqtt_client MQTT����ʧ��: [WinError 10049] �����������У�������ĵ�ַ��Ч��
WARNING 2025-03-30 00:50:54,920 mqtt_client ��⵽MQTT��������Ϊ0.0.0.0���ͻ�������ʱ��ʹ��localhost����
INFO 2025-03-30 00:50:54,926 mqtt_client �������ӵ�MQTT����: localhost:1883
ERROR 2025-03-30 00:50:59,015 mqtt_client MQTT����ʧ��: [WinError 10061] ����Ŀ�����������ܾ����޷����ӡ�
INFO 2025-03-30 00:51:32,924 mqtt_client �������ӵ�MQTT����: localhost:1883
ERROR 2025-03-30 00:51:37,001 mqtt_client MQTT����ʧ��: [WinError 10061] ����Ŀ�����������ܾ����޷����ӡ�
INFO 2025-03-30 00:53:35,460 mqtt_client �������ӵ�MQTT����: localhost:1883
INFO 2025-03-30 00:53:37,516 mqtt_client MQTT�ͻ��������ӵ� localhost:1883
INFO 2025-03-30 00:53:37,516 mqtt_client �ѳɹ����ӵ�MQTT���������ڶ�������: stm32/dht11
WARNING 2025-04-02 12:23:18,083 mqtt_client MQTT�˿� 1883 �ѱ�ռ�ã���������MQTT����������������
INFO 2025-04-02 12:23:18,083 mqtt_client ������ΪMQTT�ͻ������ӵ� localhost:1883...
INFO 2025-04-02 12:23:18,083 mqtt_client �������ӵ�MQTT����: localhost:1883
ERROR 2025-04-02 12:23:22,213 mqtt_client MQTT����ʧ��: [WinError 10061] ����Ŀ�����������ܾ����޷����ӡ�
WARNING 2025-04-02 12:26:50,505 mqtt_client MQTT�˿� 1883 �ѱ�ռ�ã���������MQTT����������������
INFO 2025-04-02 12:26:50,505 mqtt_client ������ΪMQTT�ͻ������ӵ� localhost:1883...
INFO 2025-04-02 12:26:50,505 mqtt_client �������ӵ�MQTT����: localhost:1883
ERROR 2025-04-02 12:26:54,591 mqtt_client MQTT����ʧ��: [WinError 10061] ����Ŀ�����������ܾ����޷����ӡ�
INFO 2025-04-03 10:02:54,302 mqtt_client ӵMQTT: localhost:1883
ERROR 2025-04-03 10:02:58,421 mqtt_client MQTTʧ: [WinError 10061] Ŀܾ޷ӡ
INFO 2025-04-03 10:23:56,097 mqtt_client ӵMQTT: localhost:1883
ERROR 2025-04-03 10:24:00,174 mqtt_client MQTTʧ: [WinError 10061] Ŀܾ޷ӡ
INFO 2025-04-03 10:48:49,096 mqtt_client ӵMQTT: localhost:1883
ERROR 2025-04-03 10:48:53,217 mqtt_client MQTTʧ: [WinError 10061] Ŀܾ޷ӡ
INFO 2025-04-03 10:58:19,934 mqtt_client ӵMQTT: localhost:1883
ERROR 2025-04-03 10:58:24,039 mqtt_client MQTTʧ: [WinError 10061] Ŀܾ޷ӡ
INFO 2025-04-03 10:59:22,176 mqtt_client ӵMQTT: localhost:1883
ERROR 2025-04-03 10:59:26,282 mqtt_client MQTTʧ: [WinError 10061] Ŀܾ޷ӡ
INFO 2025-04-03 11:02:21,958 mqtt_client ӵMQTT: localhost:1883
ERROR 2025-04-03 11:02:26,052 mqtt_client MQTTʧ: [WinError 10061] Ŀܾ޷ӡ
INFO 2025-04-03 11:06:48,589 mqtt_client ӵMQTT: localhost:1883
ERROR 2025-04-03 11:06:52,683 mqtt_client MQTTʧ: [WinError 10061] Ŀܾ޷ӡ
INFO 2025-04-03 11:11:45,706 mqtt_client ӵMQTT: localhost:1883
ERROR 2025-04-03 11:11:49,796 mqtt_client MQTTʧ: [WinError 10061] Ŀܾ޷ӡ
INFO 2025-04-03 11:19:36,175 mqtt_client ӵMQTT: localhost:1883
ERROR 2025-04-03 11:19:40,251 mqtt_client MQTTʧ: [WinError 10061] Ŀܾ޷ӡ
INFO 2025-04-03 11:42:33,531 mqtt_client ӵMQTT: localhost:1883
ERROR 2025-04-03 11:42:37,619 mqtt_client MQTTʧ: [WinError 10061] Ŀܾ޷ӡ
INFO 2025-04-03 12:00:42,903 mqtt_client ӵMQTT: localhost:1883
ERROR 2025-04-03 12:00:47,017 mqtt_client MQTTʧ: [WinError 10061] Ŀܾ޷ӡ
INFO 2025-04-03 12:01:38,169 mqtt_client ӵMQTT: localhost:1883
ERROR 2025-04-03 12:01:42,282 mqtt_client MQTTʧ: [WinError 10061] Ŀܾ޷ӡ
INFO 2025-04-03 12:03:22,775 mqtt_client ӵMQTT: localhost:1883
ERROR 2025-04-03 12:03:26,820 mqtt_client MQTTʧ: [WinError 10061] Ŀܾ޷ӡ
INFO 2025-04-03 12:03:49,677 mqtt_client ӵMQTT: localhost:1883
ERROR 2025-04-03 12:03:53,739 mqtt_client MQTTʧ: [WinError 10061] Ŀܾ޷ӡ
INFO 2025-04-03 12:08:21,776 mqtt_client ӵMQTT: localhost:1883
ERROR 2025-04-03 12:08:25,826 mqtt_client MQTTʧ: [WinError 10061] Ŀܾ޷ӡ
INFO 2025-04-03 12:15:07,579 mqtt_client ӵMQTT: localhost:1883
ERROR 2025-04-03 12:15:11,690 mqtt_client MQTTʧ: [WinError 10061] Ŀܾ޷ӡ
INFO 2025-04-03 12:17:30,182 mqtt_client ӵMQTT: localhost:1883
ERROR 2025-04-03 12:17:34,231 mqtt_client MQTTʧ: [WinError 10061] Ŀܾ޷ӡ
INFO 2025-04-03 12:21:08,975 mqtt_client ӵMQTT: localhost:1883
ERROR 2025-04-03 12:21:13,032 mqtt_client MQTTʧ: [WinError 10061] Ŀܾ޷ӡ
INFO 2025-04-03 12:21:23,134 mqtt_client ӵMQTT: localhost:1883
ERROR 2025-04-03 12:21:27,212 mqtt_client MQTTʧ: [WinError 10061] Ŀܾ޷ӡ
INFO 2025-04-03 12:24:53,165 mqtt_client ӵMQTT: localhost:1883
ERROR 2025-04-03 12:24:57,271 mqtt_client MQTTʧ: [WinError 10061] Ŀܾ޷ӡ
INFO 2025-04-03 12:29:39,987 mqtt_client ӵMQTT: localhost:1883
ERROR 2025-04-03 12:29:44,080 mqtt_client MQTTʧ: [WinError 10061] Ŀܾ޷ӡ
INFO 2025-04-03 12:32:57,022 mqtt_client ӵMQTT: localhost:1883
ERROR 2025-04-03 12:33:01,094 mqtt_client MQTTʧ: [WinError 10061] Ŀܾ޷ӡ
INFO 2025-04-03 12:35:46,071 mqtt_client ӵMQTT: localhost:1883
ERROR 2025-04-03 12:35:50,163 mqtt_client MQTTʧ: [WinError 10061] Ŀܾ޷ӡ
INFO 2025-04-03 12:39:40,332 mqtt_client ӵMQTT: localhost:1883
ERROR 2025-04-03 12:39:44,411 mqtt_client MQTTʧ: [WinError 10061] Ŀܾ޷ӡ
INFO 2025-04-03 12:41:57,355 mqtt_client ӵMQTT: localhost:1883
ERROR 2025-04-03 12:42:01,428 mqtt_client MQTTʧ: [WinError 10061] Ŀܾ޷ӡ
INFO 2025-04-03 12:45:06,227 mqtt_client ӵMQTT: localhost:1883
ERROR 2025-04-03 12:45:10,297 mqtt_client MQTTʧ: [WinError 10061] Ŀܾ޷ӡ
INFO 2025-04-03 12:48:23,306 mqtt_client ӵMQTT: localhost:1883
ERROR 2025-04-03 12:48:27,402 mqtt_client MQTTʧ: [WinError 10061] Ŀܾ޷ӡ
INFO 2025-04-03 13:16:03,336 mqtt_client ӵMQTT: localhost:1883
ERROR 2025-04-03 13:16:07,432 mqtt_client MQTTʧ: [WinError 10061] Ŀܾ޷ӡ
INFO 2025-04-03 13:22:32,115 mqtt_client ӵMQTT: localhost:1883
ERROR 2025-04-03 13:22:36,176 mqtt_client MQTTʧ: [WinError 10061] Ŀܾ޷ӡ
INFO 2025-04-03 13:32:22,637 mqtt_client ӵMQTT: localhost:1883
ERROR 2025-04-03 13:32:26,683 mqtt_client MQTTʧ: [WinError 10061] Ŀܾ޷ӡ
INFO 2025-04-03 17:02:56,763 mqtt_client ӵMQTT: localhost:1883
ERROR 2025-04-03 17:03:00,831 mqtt_client MQTTʧ: [WinError 10061] Ŀܾ޷ӡ
INFO 2025-04-03 17:23:12,856 mqtt_client ӵMQTT: localhost:1883
ERROR 2025-04-03 17:23:16,945 mqtt_client MQTTʧ: [WinError 10061] Ŀܾ޷ӡ
INFO 2025-04-04 10:00:14,992 mqtt_client ӵMQTT: localhost:1883
ERROR 2025-04-04 10:00:19,103 mqtt_client MQTTʧ: [WinError 10061] Ŀܾ޷ӡ
INFO 2025-04-04 10:12:00,544 mqtt_client ӵMQTT: localhost:1883
ERROR 2025-04-04 10:12:04,654 mqtt_client MQTTʧ: [WinError 10061] Ŀܾ޷ӡ
INFO 2025-04-04 11:19:36,548 mqtt_client ӵMQTT: localhost:1883
ERROR 2025-04-04 11:19:40,643 mqtt_client MQTTʧ: [WinError 10061] Ŀܾ޷ӡ
INFO 2025-04-04 12:38:29,074 mqtt_client ӵMQTT: localhost:1883
ERROR 2025-04-04 12:38:33,151 mqtt_client MQTTʧ: [WinError 10061] Ŀܾ޷ӡ
INFO 2025-04-04 13:58:17,541 mqtt_client ӵMQTT: localhost:1883
ERROR 2025-04-04 13:58:21,665 mqtt_client MQTTʧ: [WinError 10061] Ŀܾ޷ӡ
INFO 2025-04-04 14:02:13,096 mqtt_client ӵMQTT: localhost:1883
INFO 2025-04-04 14:02:15,151 mqtt_client MQTTͻӵ localhost:1883
INFO 2025-04-04 14:02:15,151 mqtt_client ѳɹӵMQTTڶ: stm32/dht11
INFO 2025-04-04 15:19:53,418 mqtt_client ӵMQTT: localhost:1883
INFO 2025-04-04 15:19:55,465 mqtt_client MQTTͻӵ localhost:1883
INFO 2025-04-04 15:19:55,465 mqtt_client ѳɹӵMQTTڶ: stm32/dht11
INFO 2025-04-04 17:31:41,579 mqtt_client ӵMQTT: localhost:1883
ERROR 2025-04-04 17:31:45,679 mqtt_client MQTTʧ: [WinError 10061] Ŀܾ޷ӡ
INFO 2025-04-04 17:35:50,167 mqtt_client ӵMQTT: localhost:1883
ERROR 2025-04-04 17:35:54,267 mqtt_client MQTTʧ: [WinError 10061] Ŀܾ޷ӡ
INFO 2025-04-04 17:43:39,162 mqtt_client ӵMQTT: localhost:1883
INFO 2025-04-04 17:43:41,219 mqtt_client MQTTͻӵ localhost:1883
INFO 2025-04-04 17:43:41,219 mqtt_client ѳɹӵMQTTڶ: stm32/dht11
INFO 2025-04-04 18:01:08,715 mqtt_client ӵMQTT: localhost:1883
ERROR 2025-04-04 18:01:12,839 mqtt_client MQTTʧ: [WinError 10061] Ŀܾ޷ӡ
INFO 2025-04-04 18:02:59,187 mqtt_client ӵMQTT: localhost:1883
ERROR 2025-04-04 18:03:03,264 mqtt_client MQTTʧ: [WinError 10061] Ŀܾ޷ӡ
INFO 2025-04-04 18:12:31,516 mqtt_client ӵMQTT: localhost:1883
INFO 2025-04-04 18:20:11,281 mqtt_client ӵMQTT: localhost:1883
ERROR 2025-04-04 18:20:15,389 mqtt_client MQTTʧ: [WinError 10061] Ŀܾ޷ӡ
INFO 2025-04-04 18:22:49,930 mqtt_client ӵMQTT: localhost:1883
INFO 2025-04-04 18:23:24,347 mqtt_client ӵMQTT: localhost:1883
ERROR 2025-04-04 18:23:28,410 mqtt_client MQTTʧ: [WinError 10061] Ŀܾ޷ӡ
